#
# There is insufficient memory for the Java Runtime Environment to continue.
# Native memory allocation (malloc) failed to allocate 511296 bytes for Chunk::new
# Possible reasons:
#   The system is out of physical RAM or swap space
#   The process is running with CompressedOops enabled, and the Java Heap may be blocking the growth of the native heap
# Possible solutions:
#   Reduce memory load on the system
#   Increase physical memory or swap space
#   Check if swap backing store is full
#   Decrease Java heap size (-Xmx/-Xms)
#   Decrease number of Java threads
#   Decrease Java thread stack sizes (-Xss)
#   Set larger code cache with -XX:ReservedCodeCacheSize=
#   JVM is running with Unscaled Compressed Oops mode in which the Java heap is
#     placed in the first 4GB address space. The Java Heap base address is the
#     maximum limit for the native heap growth. Please use -XX:HeapBaseMinAddress
#     to set the Java Heap base and to place the Java Heap above 4GB virtual address.
# This output file may be truncated or incomplete.
#
#  Out of Memory Error (arena.cpp:184), pid=9420, tid=1920
#
# JRE version: Java(TM) SE Runtime Environment (18.0.1+10) (build 18.0.1+10-24)
# Java VM: Java HotSpot(TM) 64-Bit Server VM (18.0.1+10-24, mixed mode, sharing, tiered, compressed oops, compressed class ptrs, g1 gc, windows-amd64)
# No core dump will be written. Minidumps are not enabled by default on client versions of Windows
#

---------------  S U M M A R Y ------------

Command Line: -Dfile.encoding=utf8 c:\Users\vanes\.vscode\extensions\vscjava.vscode-gradle-3.13.5\lib\gradle-language-server.jar

Host: Intel(R) Core(TM) i3-1005G1 CPU @ 1.20GHz, 4 cores, 3G,  Windows 11 , 64 bit Build 22621 (10.0.22621.3374)
Time: Fri Apr 12 23:32:11 2024 Hora oficial do Brasil elapsed time: 1.672721 seconds (0d 0h 0m 1s)

---------------  T H R E A D  ---------------

Current thread (0x000001c74af6d820):  JavaThread "C2 CompilerThread0" daemon [_thread_in_native, id=1920, stack(0x0000001f4e700000,0x0000001f4e800000)]


Current CompileTask:
C2:   1672  936       4       java.lang.String::<init> (830 bytes)

Stack: [0x0000001f4e700000,0x0000001f4e800000]
Native frames: (J=compiled Java code, j=interpreted, Vv=VM code, C=native code)
V  [jvm.dll+0x69887a]
V  [jvm.dll+0x7f38bd]
V  [jvm.dll+0x7f51ce]
V  [jvm.dll+0x7f5883]
V  [jvm.dll+0x25ca3f]
V  [jvm.dll+0xb8c2f]
V  [jvm.dll+0xb8fa5]
V  [jvm.dll+0x385a6b]
V  [jvm.dll+0x34f811]
V  [jvm.dll+0x34ecaa]
V  [jvm.dll+0x22fc21]
V  [jvm.dll+0x22eff1]
V  [jvm.dll+0x1b9cfc]
V  [jvm.dll+0x23e8ca]
V  [jvm.dll+0x23cbb5]
V  [jvm.dll+0x7a5fb1]
V  [jvm.dll+0x7a03ea]
V  [jvm.dll+0x697725]
C  [ucrtbase.dll+0x29333]
C  [KERNEL32.DLL+0x1257d]
C  [ntdll.dll+0x5aa48]


---------------  P R O C E S S  ---------------

Threads class SMR info:
_java_thread_list=0x000001c76a42ea40, length=12, elements={
0x000001c74aeaf8f0, 0x000001c74af4c590, 0x000001c74af4df40, 0x000001c74af66f40,
0x000001c74af677f0, 0x000001c74af6a1a0, 0x000001c74af6ab40, 0x000001c74af6d820,
0x000001c74af6e200, 0x000001c7660bab00, 0x000001c76a44ff90, 0x000001c76a4550a0
}

Java Threads: ( => current thread )
  0x000001c74aeaf8f0 JavaThread "main" [_thread_in_vm, id=4944, stack(0x0000001f4d900000,0x0000001f4da00000)]
  0x000001c74af4c590 JavaThread "Reference Handler" daemon [_thread_blocked, id=10796, stack(0x0000001f4e100000,0x0000001f4e200000)]
  0x000001c74af4df40 JavaThread "Finalizer" daemon [_thread_blocked, id=10108, stack(0x0000001f4e200000,0x0000001f4e300000)]
  0x000001c74af66f40 JavaThread "Signal Dispatcher" daemon [_thread_blocked, id=7928, stack(0x0000001f4e300000,0x0000001f4e400000)]
  0x000001c74af677f0 JavaThread "Attach Listener" daemon [_thread_blocked, id=3540, stack(0x0000001f4e400000,0x0000001f4e500000)]
  0x000001c74af6a1a0 JavaThread "Service Thread" daemon [_thread_blocked, id=15764, stack(0x0000001f4e500000,0x0000001f4e600000)]
  0x000001c74af6ab40 JavaThread "Monitor Deflation Thread" daemon [_thread_blocked, id=13900, stack(0x0000001f4e600000,0x0000001f4e700000)]
=>0x000001c74af6d820 JavaThread "C2 CompilerThread0" daemon [_thread_in_native, id=1920, stack(0x0000001f4e700000,0x0000001f4e800000)]
  0x000001c74af6e200 JavaThread "C1 CompilerThread0" daemon [_thread_blocked, id=9564, stack(0x0000001f4e800000,0x0000001f4e900000)]
  0x000001c7660bab00 JavaThread "Sweeper thread" daemon [_thread_blocked, id=16132, stack(0x0000001f4e900000,0x0000001f4ea00000)]
  0x000001c76a44ff90 JavaThread "Notification Thread" daemon [_thread_blocked, id=2032, stack(0x0000001f4ea00000,0x0000001f4eb00000)]
  0x000001c76a4550a0 JavaThread "Common-Cleaner" daemon [_thread_blocked, id=9316, stack(0x0000001f4ec00000,0x0000001f4ed00000)]

Other Threads:
  0x000001c74af48590 VMThread "VM Thread" [stack: 0x0000001f4e000000,0x0000001f4e100000] [id=17180]
  0x000001c76a454870 WatcherThread "VM Periodic Task Thread" [stack: 0x0000001f4eb00000,0x0000001f4ec00000] [id=2560]
  0x000001c74aef1310 WorkerThread "GC Thread#0" [stack: 0x0000001f4db00000,0x0000001f4dc00000] [id=17224]
  0x000001c76a7fe790 WorkerThread "GC Thread#1" [stack: 0x0000001f4ed00000,0x0000001f4ee00000] [id=6136]
  0x000001c76a7fecd0 WorkerThread "GC Thread#2" [stack: 0x0000001f4ee00000,0x0000001f4ef00000] [id=12192]
  0x000001c76a8a6ce0 WorkerThread "GC Thread#3" [stack: 0x0000001f4ef00000,0x0000001f4f000000] [id=8628]
  0x000001c74aef9b00 ConcurrentGCThread "G1 Main Marker" [stack: 0x0000001f4dc00000,0x0000001f4dd00000] [id=1168]
  0x000001c74aefb500 WorkerThread "G1 Conc#0" [stack: 0x0000001f4dd00000,0x0000001f4de00000] [id=14996]
  0x000001c74af22510 ConcurrentGCThread "G1 Refine#0" [stack: 0x0000001f4de00000,0x0000001f4df00000] [id=16352]
  0x000001c74af22e20 ConcurrentGCThread "G1 Service" [stack: 0x0000001f4df00000,0x0000001f4e000000] [id=2856]

Threads with active compile tasks:
C2 CompilerThread0     1696  936       4       java.lang.String::<init> (830 bytes)
C1 CompilerThread0     1696 1027       3       jdk.internal.org.objectweb.asm.Frame::pop (53 bytes)

VM state: not at safepoint (normal execution)

VM Mutex/Monitor currently owned by a thread: None

Heap address: 0x00000000c3a00000, size: 966 MB, Compressed Oops mode: 32-bit

CDS archive(s) mapped at: [0x0000000800000000-0x0000000800ba0000-0x0000000800ba0000), size 12189696, SharedBaseAddress: 0x0000000800000000, ArchiveRelocationMode: 0.
Compressed class space mapped at: 0x0000000800c00000-0x0000000840c00000, reserved size: 1073741824
Narrow klass base: 0x0000000800000000, Narrow klass shift: 0, Narrow klass range: 0x100000000

GC Precious Log:
 CardTable entry size: 512
 Card Set container configuration: InlinePtr #cards 5 size 8 Array Of Cards #cards 12 size 40 Howl #buckets 4 coarsen threshold 1843 Howl Bitmap #cards 512 size 80 coarsen threshold 460 Card regions per heap region 1 cards per card region 2048
 CPUs: 4 total, 4 available
 Memory: 3862M
 Large Page Support: Disabled
 NUMA Support: Disabled
 Compressed Oops: Enabled (32-bit)
 Heap Region Size: 1M
 Heap Min Capacity: 8M
 Heap Initial Capacity: 62M
 Heap Max Capacity: 966M
 Pre-touch: Disabled
 Parallel Workers: 4
 Concurrent Workers: 1
 Concurrent Refinement Workers: 4
 Periodic GC: Disabled

Heap:
 garbage-first heap   total 63488K, used 6656K [0x00000000c3a00000, 0x0000000100000000)
  region size 1024K, 5 young (5120K), 2 survivors (2048K)
 Metaspace       used 4920K, committed 5120K, reserved 1114112K
  class space    used 495K, committed 640K, reserved 1048576K

Heap Regions: E=young(eden), S=young(survivor), O=old, HS=humongous(starts), HC=humongous(continues), CS=collection set, F=free, OA=open archive, CA=closed archive, TAMS=top-at-mark-start (previous, next)
|   0|0x00000000c3a00000, 0x00000000c3b00000, 0x00000000c3b00000|100%|HS|  |TAMS 0x00000000c3a00000, 0x00000000c3a00000| Complete 
|   1|0x00000000c3b00000, 0x00000000c3c00000, 0x00000000c3c00000|100%| O|  |TAMS 0x00000000c3b00000, 0x00000000c3b00000| Untracked 
|   2|0x00000000c3c00000, 0x00000000c3c80000, 0x00000000c3d00000| 50%| O|  |TAMS 0x00000000c3c00000, 0x00000000c3c00000| Untracked 
|   3|0x00000000c3d00000, 0x00000000c3d00000, 0x00000000c3e00000|  0%| F|  |TAMS 0x00000000c3d00000, 0x00000000c3d00000| Untracked 
|   4|0x00000000c3e00000, 0x00000000c3e00000, 0x00000000c3f00000|  0%| F|  |TAMS 0x00000000c3e00000, 0x00000000c3e00000| Untracked 
|   5|0x00000000c3f00000, 0x00000000c3f00000, 0x00000000c4000000|  0%| F|  |TAMS 0x00000000c3f00000, 0x00000000c3f00000| Untracked 
|   6|0x00000000c4000000, 0x00000000c4000000, 0x00000000c4100000|  0%| F|  |TAMS 0x00000000c4000000, 0x00000000c4000000| Untracked 
|   7|0x00000000c4100000, 0x00000000c4100000, 0x00000000c4200000|  0%| F|  |TAMS 0x00000000c4100000, 0x00000000c4100000| Untracked 
|   8|0x00000000c4200000, 0x00000000c4200000, 0x00000000c4300000|  0%| F|  |TAMS 0x00000000c4200000, 0x00000000c4200000| Untracked 
|   9|0x00000000c4300000, 0x00000000c4300000, 0x00000000c4400000|  0%| F|  |TAMS 0x00000000c4300000, 0x00000000c4300000| Untracked 
|  10|0x00000000c4400000, 0x00000000c4400000, 0x00000000c4500000|  0%| F|  |TAMS 0x00000000c4400000, 0x00000000c4400000| Untracked 
|  11|0x00000000c4500000, 0x00000000c4500000, 0x00000000c4600000|  0%| F|  |TAMS 0x00000000c4500000, 0x00000000c4500000| Untracked 
|  12|0x00000000c4600000, 0x00000000c4600000, 0x00000000c4700000|  0%| F|  |TAMS 0x00000000c4600000, 0x00000000c4600000| Untracked 
|  13|0x00000000c4700000, 0x00000000c4700000, 0x00000000c4800000|  0%| F|  |TAMS 0x00000000c4700000, 0x00000000c4700000| Untracked 
|  14|0x00000000c4800000, 0x00000000c4800000, 0x00000000c4900000|  0%| F|  |TAMS 0x00000000c4800000, 0x00000000c4800000| Untracked 
|  15|0x00000000c4900000, 0x00000000c4900000, 0x00000000c4a00000|  0%| F|  |TAMS 0x00000000c4900000, 0x00000000c4900000| Untracked 
|  16|0x00000000c4a00000, 0x00000000c4a00000, 0x00000000c4b00000|  0%| F|  |TAMS 0x00000000c4a00000, 0x00000000c4a00000| Untracked 
|  17|0x00000000c4b00000, 0x00000000c4b00000, 0x00000000c4c00000|  0%| F|  |TAMS 0x00000000c4b00000, 0x00000000c4b00000| Untracked 
|  18|0x00000000c4c00000, 0x00000000c4c00000, 0x00000000c4d00000|  0%| F|  |TAMS 0x00000000c4c00000, 0x00000000c4c00000| Untracked 
|  19|0x00000000c4d00000, 0x00000000c4d00000, 0x00000000c4e00000|  0%| F|  |TAMS 0x00000000c4d00000, 0x00000000c4d00000| Untracked 
|  20|0x00000000c4e00000, 0x00000000c4e00000, 0x00000000c4f00000|  0%| F|  |TAMS 0x00000000c4e00000, 0x00000000c4e00000| Untracked 
|  21|0x00000000c4f00000, 0x00000000c4f00000, 0x00000000c5000000|  0%| F|  |TAMS 0x00000000c4f00000, 0x00000000c4f00000| Untracked 
|  22|0x00000000c5000000, 0x00000000c5000000, 0x00000000c5100000|  0%| F|  |TAMS 0x00000000c5000000, 0x00000000c5000000| Untracked 
|  23|0x00000000c5100000, 0x00000000c5100000, 0x00000000c5200000|  0%| F|  |TAMS 0x00000000c5100000, 0x00000000c5100000| Untracked 
|  24|0x00000000c5200000, 0x00000000c5200000, 0x00000000c5300000|  0%| F|  |TAMS 0x00000000c5200000, 0x00000000c5200000| Untracked 
|  25|0x00000000c5300000, 0x00000000c5300000, 0x00000000c5400000|  0%| F|  |TAMS 0x00000000c5300000, 0x00000000c5300000| Untracked 
|  26|0x00000000c5400000, 0x00000000c5400000, 0x00000000c5500000|  0%| F|  |TAMS 0x00000000c5400000, 0x00000000c5400000| Untracked 
|  27|0x00000000c5500000, 0x00000000c5500000, 0x00000000c5600000|  0%| F|  |TAMS 0x00000000c5500000, 0x00000000c5500000| Untracked 
|  28|0x00000000c5600000, 0x00000000c5600000, 0x00000000c5700000|  0%| F|  |TAMS 0x00000000c5600000, 0x00000000c5600000| Untracked 
|  29|0x00000000c5700000, 0x00000000c5700000, 0x00000000c5800000|  0%| F|  |TAMS 0x00000000c5700000, 0x00000000c5700000| Untracked 
|  30|0x00000000c5800000, 0x00000000c5800000, 0x00000000c5900000|  0%| F|  |TAMS 0x00000000c5800000, 0x00000000c5800000| Untracked 
|  31|0x00000000c5900000, 0x00000000c5900000, 0x00000000c5a00000|  0%| F|  |TAMS 0x00000000c5900000, 0x00000000c5900000| Untracked 
|  32|0x00000000c5a00000, 0x00000000c5a00000, 0x00000000c5b00000|  0%| F|  |TAMS 0x00000000c5a00000, 0x00000000c5a00000| Untracked 
|  33|0x00000000c5b00000, 0x00000000c5b00000, 0x00000000c5c00000|  0%| F|  |TAMS 0x00000000c5b00000, 0x00000000c5b00000| Untracked 
|  34|0x00000000c5c00000, 0x00000000c5c00000, 0x00000000c5d00000|  0%| F|  |TAMS 0x00000000c5c00000, 0x00000000c5c00000| Untracked 
|  35|0x00000000c5d00000, 0x00000000c5d00000, 0x00000000c5e00000|  0%| F|  |TAMS 0x00000000c5d00000, 0x00000000c5d00000| Untracked 
|  36|0x00000000c5e00000, 0x00000000c5e00000, 0x00000000c5f00000|  0%| F|  |TAMS 0x00000000c5e00000, 0x00000000c5e00000| Untracked 
|  37|0x00000000c5f00000, 0x00000000c5f00000, 0x00000000c6000000|  0%| F|  |TAMS 0x00000000c5f00000, 0x00000000c5f00000| Untracked 
|  38|0x00000000c6000000, 0x00000000c6000000, 0x00000000c6100000|  0%| F|  |TAMS 0x00000000c6000000, 0x00000000c6000000| Untracked 
|  39|0x00000000c6100000, 0x00000000c6100000, 0x00000000c6200000|  0%| F|  |TAMS 0x00000000c6100000, 0x00000000c6100000| Untracked 
|  40|0x00000000c6200000, 0x00000000c6200000, 0x00000000c6300000|  0%| F|  |TAMS 0x00000000c6200000, 0x00000000c6200000| Untracked 
|  41|0x00000000c6300000, 0x00000000c6300000, 0x00000000c6400000|  0%| F|  |TAMS 0x00000000c6300000, 0x00000000c6300000| Untracked 
|  42|0x00000000c6400000, 0x00000000c6400000, 0x00000000c6500000|  0%| F|  |TAMS 0x00000000c6400000, 0x00000000c6400000| Untracked 
|  43|0x00000000c6500000, 0x00000000c6500000, 0x00000000c6600000|  0%| F|  |TAMS 0x00000000c6500000, 0x00000000c6500000| Untracked 
|  44|0x00000000c6600000, 0x00000000c6600000, 0x00000000c6700000|  0%| F|  |TAMS 0x00000000c6600000, 0x00000000c6600000| Untracked 
|  45|0x00000000c6700000, 0x00000000c6700000, 0x00000000c6800000|  0%| F|  |TAMS 0x00000000c6700000, 0x00000000c6700000| Untracked 
|  46|0x00000000c6800000, 0x00000000c6800000, 0x00000000c6900000|  0%| F|  |TAMS 0x00000000c6800000, 0x00000000c6800000| Untracked 
|  47|0x00000000c6900000, 0x00000000c6a00000, 0x00000000c6a00000|100%| S|CS|TAMS 0x00000000c6900000, 0x00000000c6900000| Complete 
|  48|0x00000000c6a00000, 0x00000000c6b00000, 0x00000000c6b00000|100%| S|CS|TAMS 0x00000000c6a00000, 0x00000000c6a00000| Complete 
|  49|0x00000000c6b00000, 0x00000000c6b00000, 0x00000000c6c00000|  0%| F|  |TAMS 0x00000000c6b00000, 0x00000000c6b00000| Untracked 
|  50|0x00000000c6c00000, 0x00000000c6c00000, 0x00000000c6d00000|  0%| F|  |TAMS 0x00000000c6c00000, 0x00000000c6c00000| Untracked 
|  51|0x00000000c6d00000, 0x00000000c6d00000, 0x00000000c6e00000|  0%| F|  |TAMS 0x00000000c6d00000, 0x00000000c6d00000| Untracked 
|  52|0x00000000c6e00000, 0x00000000c6e00000, 0x00000000c6f00000|  0%| F|  |TAMS 0x00000000c6e00000, 0x00000000c6e00000| Untracked 
|  53|0x00000000c6f00000, 0x00000000c6f00000, 0x00000000c7000000|  0%| F|  |TAMS 0x00000000c6f00000, 0x00000000c6f00000| Untracked 
|  54|0x00000000c7000000, 0x00000000c7000000, 0x00000000c7100000|  0%| F|  |TAMS 0x00000000c7000000, 0x00000000c7000000| Untracked 
|  55|0x00000000c7100000, 0x00000000c7100000, 0x00000000c7200000|  0%| F|  |TAMS 0x00000000c7100000, 0x00000000c7100000| Untracked 
|  56|0x00000000c7200000, 0x00000000c7200000, 0x00000000c7300000|  0%| F|  |TAMS 0x00000000c7200000, 0x00000000c7200000| Untracked 
|  57|0x00000000c7300000, 0x00000000c7300000, 0x00000000c7400000|  0%| F|  |TAMS 0x00000000c7300000, 0x00000000c7300000| Untracked 
|  58|0x00000000c7400000, 0x00000000c7400000, 0x00000000c7500000|  0%| F|  |TAMS 0x00000000c7400000, 0x00000000c7400000| Untracked 
|  59|0x00000000c7500000, 0x00000000c7571280, 0x00000000c7600000| 44%| E|  |TAMS 0x00000000c7500000, 0x00000000c7500000| Complete 
|  60|0x00000000c7600000, 0x00000000c7700000, 0x00000000c7700000|100%| E|CS|TAMS 0x00000000c7600000, 0x00000000c7600000| Complete 
|  61|0x00000000c7700000, 0x00000000c7800000, 0x00000000c7800000|100%| E|CS|TAMS 0x00000000c7700000, 0x00000000c7700000| Complete 

Card table byte_map: [0x000001c7619d0000,0x000001c761bc0000] _byte_map_base: 0x000001c7613b3000

Marking Bits (Prev, Next): (CMBitMap*) 0x000001c74aef1910, (CMBitMap*) 0x000001c74aef1950
 Prev Bits: [0x000001c761db0000, 0x000001c762cc8000)
 Next Bits: [0x000001c762cd0000, 0x000001c763be8000)

Polling page: 0x000001c74a670000

Metaspace:

Usage:
  Non-class:      4.33 MB used.
      Class:    495.80 KB used.
       Both:      4.81 MB used.

Virtual space:
  Non-class space:       64.00 MB reserved,       4.38 MB (  7%) committed,  1 nodes.
      Class space:        1.00 GB reserved,     640.00 KB ( <1%) committed,  1 nodes.
             Both:        1.06 GB reserved,       5.00 MB ( <1%) committed. 

Chunk freelists:
   Non-Class:  3.00 MB
       Class:  3.25 MB
        Both:  6.25 MB

MaxMetaspaceSize: unlimited
CompressedClassSpaceSize: 1.00 GB
Initial GC threshold: 21.00 MB
Current GC threshold: 21.00 MB
CDS: on
MetaspaceReclaimPolicy: balanced
 - commit_granule_bytes: 65536.
 - commit_granule_words: 8192.
 - virtual_space_node_default_size: 8388608.
 - enlarge_chunks_in_place: 1.
 - new_chunks_are_fully_committed: 0.
 - uncommit_free_chunks: 1.
 - use_allocation_guard: 0.


Internal statistics:

num_allocs_failed_limit: 0.
num_arena_births: 30.
num_arena_deaths: 0.
num_vsnodes_births: 2.
num_vsnodes_deaths: 0.
num_space_committed: 80.
num_space_uncommitted: 0.
num_chunks_returned_to_freelist: 0.
num_chunks_taken_from_freelist: 98.
num_chunk_merges: 0.
num_chunk_splits: 60.
num_chunks_enlarged: 44.
num_inconsistent_stats: 0.

CodeHeap 'non-profiled nmethods': size=120000Kb used=306Kb max_used=306Kb free=119693Kb
 bounds [0x000001c75a2b0000, 0x000001c75a520000, 0x000001c7617e0000]
CodeHeap 'profiled nmethods': size=120000Kb used=1997Kb max_used=1997Kb free=118002Kb
 bounds [0x000001c752d80000, 0x000001c752ff0000, 0x000001c75a2b0000]
CodeHeap 'non-nmethods': size=5760Kb used=1163Kb max_used=1181Kb free=4596Kb
 bounds [0x000001c7527e0000, 0x000001c752a50000, 0x000001c752d80000]
 total_blobs=1452 nmethods=1023 adapters=342
 compilation: enabled
              stopped_count=0, restarted_count=0
 full_count=0

Compilation events (20 events):
Event: 1.660 Thread 0x000001c74af6e200 nmethod 987 0x000001c752f61190 code [0x000001c752f61340, 0x000001c752f61568]
Event: 1.660 Thread 0x000001c74af6e200  988       3       java.net.URL::toExternalForm (9 bytes)
Event: 1.660 Thread 0x000001c74af6e200 nmethod 988 0x000001c752f61690 code [0x000001c752f61840, 0x000001c752f61a08]
Event: 1.661 Thread 0x000001c74af6e200  990       3       jdk.internal.org.objectweb.asm.SymbolTable::addConstantMemberReference (147 bytes)
Event: 1.662 Thread 0x000001c74af6e200 nmethod 990 0x000001c752f61b10 code [0x000001c752f61d80, 0x000001c752f62668]
Event: 1.662 Thread 0x000001c74af6e200  992       3       jdk.internal.org.objectweb.asm.Frame::push (109 bytes)
Event: 1.662 Thread 0x000001c74af6e200 nmethod 992 0x000001c752f62b90 code [0x000001c752f62d60, 0x000001c752f632e8]
Event: 1.662 Thread 0x000001c74af6e200  991       3       jdk.internal.org.objectweb.asm.SymbolTable::hash (20 bytes)
Event: 1.662 Thread 0x000001c74af6e200 nmethod 991 0x000001c752f63490 code [0x000001c752f63640, 0x000001c752f63808]
Event: 1.662 Thread 0x000001c74af6e200  994       3       jdk.internal.org.objectweb.asm.Label::resolve (219 bytes)
Event: 1.663 Thread 0x000001c74af6e200 nmethod 994 0x000001c752f63990 code [0x000001c752f63b60, 0x000001c752f64098]
Event: 1.663 Thread 0x000001c74af6e200  993       3       jdk.internal.org.objectweb.asm.Label::<init> (5 bytes)
Event: 1.663 Thread 0x000001c74af6e200 nmethod 993 0x000001c752f64390 code [0x000001c752f64520, 0x000001c752f64678]
Event: 1.663 Thread 0x000001c74af6e200  996       3       jdk.internal.org.objectweb.asm.SymbolTable::addType (81 bytes)
Event: 1.663 Thread 0x000001c74af6e200 nmethod 996 0x000001c752f64710 code [0x000001c752f64920, 0x000001c752f64e78]
Event: 1.663 Thread 0x000001c74af6e200  995       3       jdk.internal.org.objectweb.asm.Label::getCanonicalInstance (19 bytes)
Event: 1.663 Thread 0x000001c74af6e200 nmethod 995 0x000001c752f65110 code [0x000001c752f652a0, 0x000001c752f65418]
Event: 1.664 Thread 0x000001c74af6e200  998       3       sun.reflect.generics.parser.SignatureParser::skipIdentifier (67 bytes)
Event: 1.665 Thread 0x000001c74af6e200 nmethod 998 0x000001c752f65510 code [0x000001c752f65720, 0x000001c752f65cc8]
Event: 1.668 Thread 0x000001c74af6e200 1002   !   3       java.net.URL::<init> (543 bytes)

GC Heap History (2 events):
Event: 1.504 GC heap before
{Heap before GC invocations=0 (full 0):
 garbage-first heap   total 63488K, used 14336K [0x00000000c3a00000, 0x0000000100000000)
  region size 1024K, 13 young (13312K), 0 survivors (0K)
 Metaspace       used 4177K, committed 4288K, reserved 1114112K
  class space    used 402K, committed 448K, reserved 1048576K
}
Event: 1.526 GC heap after
{Heap after GC invocations=1 (full 0):
 garbage-first heap   total 63488K, used 4608K [0x00000000c3a00000, 0x0000000100000000)
  region size 1024K, 2 young (2048K), 2 survivors (2048K)
 Metaspace       used 4177K, committed 4288K, reserved 1114112K
  class space    used 402K, committed 448K, reserved 1048576K
}

Deoptimization events (20 events):
Event: 1.591 Thread 0x000001c74aeaf8f0 DEOPT PACKING pc=0x000001c75a2e9ac4 sp=0x0000001f4d9fe570
Event: 1.591 Thread 0x000001c74aeaf8f0 DEOPT UNPACKING pc=0x000001c752835c23 sp=0x0000001f4d9fe4a0 mode 2
Event: 1.591 Thread 0x000001c74aeaf8f0 Uncommon trap: trap_request=0xffffffc6 fr.pc=0x000001c75a2e9ac4 relative=0x0000000000001284
Event: 1.591 Thread 0x000001c74aeaf8f0 Uncommon trap: reason=bimorphic_or_optimized_type_check action=maybe_recompile pc=0x000001c75a2e9ac4 method=java.util.HashMap.putVal(ILjava/lang/Object;Ljava/lang/Object;ZZ)Ljava/lang/Object; @ 56 c2
Event: 1.591 Thread 0x000001c74aeaf8f0 DEOPT PACKING pc=0x000001c75a2e9ac4 sp=0x0000001f4d9fe570
Event: 1.591 Thread 0x000001c74aeaf8f0 DEOPT UNPACKING pc=0x000001c752835c23 sp=0x0000001f4d9fe4a0 mode 2
Event: 1.596 Thread 0x000001c74aeaf8f0 Uncommon trap: trap_request=0xffffffc6 fr.pc=0x000001c75a2f2ce4 relative=0x00000000000002a4
Event: 1.596 Thread 0x000001c74aeaf8f0 Uncommon trap: reason=bimorphic_or_optimized_type_check action=maybe_recompile pc=0x000001c75a2f2ce4 method=java.util.HashMap.getNode(Ljava/lang/Object;)Ljava/util/HashMap$Node; @ 128 c2
Event: 1.596 Thread 0x000001c74aeaf8f0 DEOPT PACKING pc=0x000001c75a2f2ce4 sp=0x0000001f4d9fd740
Event: 1.596 Thread 0x000001c74aeaf8f0 DEOPT UNPACKING pc=0x000001c752835c23 sp=0x0000001f4d9fd6a8 mode 2
Event: 1.598 Thread 0x000001c74aeaf8f0 DEOPT PACKING pc=0x000001c752e520fe sp=0x0000001f4d9fd7b0
Event: 1.598 Thread 0x000001c74aeaf8f0 DEOPT UNPACKING pc=0x000001c752836763 sp=0x0000001f4d9fcc08 mode 0
Event: 1.641 Thread 0x000001c74aeaf8f0 Uncommon trap: trap_request=0xffffffde fr.pc=0x000001c75a2f7c60 relative=0x00000000000007e0
Event: 1.641 Thread 0x000001c74aeaf8f0 Uncommon trap: reason=class_check action=maybe_recompile pc=0x000001c75a2f7c60 method=java.util.HashMap.putVal(ILjava/lang/Object;Ljava/lang/Object;ZZ)Ljava/lang/Object; @ 253 c2
Event: 1.641 Thread 0x000001c74aeaf8f0 DEOPT PACKING pc=0x000001c75a2f7c60 sp=0x0000001f4d9fea20
Event: 1.641 Thread 0x000001c74aeaf8f0 DEOPT UNPACKING pc=0x000001c752835c23 sp=0x0000001f4d9fe948 mode 2
Event: 1.658 Thread 0x000001c74aeaf8f0 Uncommon trap: trap_request=0xffffffde fr.pc=0x000001c75a2f7c60 relative=0x00000000000007e0
Event: 1.658 Thread 0x000001c74aeaf8f0 Uncommon trap: reason=class_check action=maybe_recompile pc=0x000001c75a2f7c60 method=java.util.HashMap.putVal(ILjava/lang/Object;Ljava/lang/Object;ZZ)Ljava/lang/Object; @ 253 c2
Event: 1.658 Thread 0x000001c74aeaf8f0 DEOPT PACKING pc=0x000001c75a2f7c60 sp=0x0000001f4d9fea20
Event: 1.658 Thread 0x000001c74aeaf8f0 DEOPT UNPACKING pc=0x000001c752835c23 sp=0x0000001f4d9fe948 mode 2

Classes loaded (20 events):
Event: 1.651 Loading class java/util/stream/Nodes$EmptyNode$OfDouble done
Event: 1.651 Loading class java/util/stream/Nodes$FixedNodeBuilder
Event: 1.651 Loading class java/util/stream/Node$Builder
Event: 1.651 Loading class java/util/stream/Node$Builder done
Event: 1.651 Loading class java/util/stream/Nodes$ArrayNode
Event: 1.651 Loading class java/util/stream/Nodes$ArrayNode done
Event: 1.651 Loading class java/util/stream/Nodes$FixedNodeBuilder done
Event: 1.652 Loading class sun/reflect/generics/scope/MethodScope
Event: 1.652 Loading class sun/reflect/generics/scope/MethodScope done
Event: 1.652 Loading class sun/reflect/generics/repository/MethodRepository
Event: 1.652 Loading class sun/reflect/generics/repository/ConstructorRepository
Event: 1.652 Loading class sun/reflect/generics/repository/ConstructorRepository done
Event: 1.652 Loading class sun/reflect/generics/repository/MethodRepository done
Event: 1.652 Loading class sun/reflect/generics/tree/MethodTypeSignature
Event: 1.652 Loading class sun/reflect/generics/tree/MethodTypeSignature done
Event: 1.669 Loading class java/lang/Deprecated
Event: 1.669 Loading class java/lang/Deprecated done
Event: 1.669 Loading class java/lang/annotation/Documented
Event: 1.669 Loading class java/lang/annotation/Documented done
Event: 1.671 Loading class jdk/internal/vm/annotation/IntrinsicCandidate

Classes unloaded (0 events):
No events

Classes redefined (0 events):
No events

Internal exceptions (4 events):
Event: 1.059 Thread 0x000001c74aeaf8f0 Exception <a 'java/lang/NoSuchMethodError'{0x00000000c6f67568}: 'void java.lang.invoke.DirectMethodHandle$Holder.invokeVirtual(java.lang.Object, java.lang.Object)'> (0x00000000c6f67568) 
thrown [s\open\src\hotspot\share\interpreter\linkResolver.cpp, line 766]
Event: 1.347 Thread 0x000001c74aeaf8f0 Exception <a 'java/lang/NoSuchMethodError'{0x00000000c6d680c8}: 'void java.lang.invoke.DirectMethodHandle$Holder.invokeStatic(java.lang.Object, java.lang.Object, java.lang.Object)'> (0x00000000c6d680c8) 
thrown [s\open\src\hotspot\share\interpreter\linkResolver.cpp, line 766]
Event: 1.580 Thread 0x000001c74aeaf8f0 Exception <a 'java/lang/NoSuchMethodError'{0x00000000c77837f8}: 'java.lang.Object java.lang.invoke.Invokers$Holder.invokeExact_MT(java.lang.Object, java.lang.Object, java.lang.Object, java.lang.Object, java.lang.Object, java.lang.Object)'> (0x00000000c77837f8) 
thrown [s\open\src\hotspot\share\interpreter\linkResolver.cpp, line 766]
Event: 1.666 Thread 0x000001c74aeaf8f0 Exception <a 'java/lang/NoSuchMethodError'{0x00000000c76fec80}: 'void java.lang.invoke.DirectMethodHandle$Holder.invokeStatic(java.lang.Object, java.lang.Object, java.lang.Object, java.lang.Object)'> (0x00000000c76fec80) 
thrown [s\open\src\hotspot\share\interpreter\linkResolver.cpp, line 766]

VM Operations (16 events):
Event: 0.170 Executing VM operation: HandshakeAllThreads
Event: 0.170 Executing VM operation: HandshakeAllThreads done
Event: 0.343 Executing VM operation: HandshakeAllThreads
Event: 0.343 Executing VM operation: HandshakeAllThreads done
Event: 1.352 Executing VM operation: Cleanup
Event: 1.369 Executing VM operation: Cleanup done
Event: 1.408 Executing VM operation: HandshakeAllThreads
Event: 1.408 Executing VM operation: HandshakeAllThreads done
Event: 1.417 Executing VM operation: HandshakeAllThreads
Event: 1.417 Executing VM operation: HandshakeAllThreads done
Event: 1.504 Executing VM operation: G1CollectForAllocation
Event: 1.526 Executing VM operation: G1CollectForAllocation done
Event: 1.585 Executing VM operation: HandshakeAllThreads
Event: 1.585 Executing VM operation: HandshakeAllThreads done
Event: 1.587 Executing VM operation: HandshakeAllThreads
Event: 1.587 Executing VM operation: HandshakeAllThreads done

Events (18 events):
Event: 0.010 Loaded shared library C:\Program Files\Java\jdk-18.0.1\bin\java.dll
Event: 0.052 Loaded shared library C:\Program Files\Java\jdk-18.0.1\bin\jsvml.dll
Event: 0.052 Thread 0x000001c74aeaf8f0 Thread added: 0x000001c74aeaf8f0
Event: 0.075 Thread 0x000001c74af4c590 Thread added: 0x000001c74af4c590
Event: 0.076 Thread 0x000001c74af4df40 Thread added: 0x000001c74af4df40
Event: 0.098 Thread 0x000001c74af66f40 Thread added: 0x000001c74af66f40
Event: 0.098 Thread 0x000001c74af677f0 Thread added: 0x000001c74af677f0
Event: 0.098 Thread 0x000001c74af6a1a0 Thread added: 0x000001c74af6a1a0
Event: 0.098 Thread 0x000001c74af6ab40 Thread added: 0x000001c74af6ab40
Event: 0.099 Thread 0x000001c74af6d820 Thread added: 0x000001c74af6d820
Event: 0.106 Thread 0x000001c74af6e200 Thread added: 0x000001c74af6e200
Event: 0.110 Thread 0x000001c7660bab00 Thread added: 0x000001c7660bab00
Event: 0.134 Thread 0x000001c76a44ff90 Thread added: 0x000001c76a44ff90
Event: 0.137 Thread 0x000001c76a4550a0 Thread added: 0x000001c76a4550a0
Event: 0.144 Loaded shared library C:\Program Files\Java\jdk-18.0.1\bin\net.dll
Event: 0.149 Loaded shared library C:\Program Files\Java\jdk-18.0.1\bin\nio.dll
Event: 0.164 Loaded shared library C:\Program Files\Java\jdk-18.0.1\bin\zip.dll
Event: 0.482 Loaded shared library C:\Program Files\Java\jdk-18.0.1\bin\jimage.dll


Dynamic libraries:
0x00007ff75c440000 - 0x00007ff75c450000 	C:\Program Files\Java\jdk-18.0.1\bin\java.exe
0x00007ff9d9370000 - 0x00007ff9d9586000 	C:\WINDOWS\SYSTEM32\ntdll.dll
0x00007ff9d7d50000 - 0x00007ff9d7e14000 	C:\WINDOWS\System32\KERNEL32.DLL
0x00007ff9d6a60000 - 0x00007ff9d6e07000 	C:\WINDOWS\System32\KERNELBASE.dll
0x00007ff9d6940000 - 0x00007ff9d6a51000 	C:\WINDOWS\System32\ucrtbase.dll
0x00007ff975cc0000 - 0x00007ff975cd8000 	C:\Program Files\Java\jdk-18.0.1\bin\jli.dll
0x00007ff9d70c0000 - 0x00007ff9d7172000 	C:\WINDOWS\System32\ADVAPI32.dll
0x00007ff9d9000000 - 0x00007ff9d90a7000 	C:\WINDOWS\System32\msvcrt.dll
0x00007ff9d8180000 - 0x00007ff9d8228000 	C:\WINDOWS\System32\sechost.dll
0x00007ff9d6f30000 - 0x00007ff9d6f58000 	C:\WINDOWS\System32\bcrypt.dll
0x00007ff9d7eb0000 - 0x00007ff9d7fc5000 	C:\WINDOWS\System32\RPCRT4.dll
0x00007ff9d9110000 - 0x00007ff9d92be000 	C:\WINDOWS\System32\USER32.dll
0x00007ff9d6870000 - 0x00007ff9d6896000 	C:\WINDOWS\System32\win32u.dll
0x00007ff9d8fd0000 - 0x00007ff9d8ff9000 	C:\WINDOWS\System32\GDI32.dll
0x00007ff9d6e10000 - 0x00007ff9d6f29000 	C:\WINDOWS\System32\gdi32full.dll
0x00007ff9d68a0000 - 0x00007ff9d693a000 	C:\WINDOWS\System32\msvcp_win.dll
0x00007ff9756b0000 - 0x00007ff9756ca000 	C:\Program Files\Java\jdk-18.0.1\bin\VCRUNTIME140.dll
0x00007ff9c5be0000 - 0x00007ff9c5e73000 	C:\WINDOWS\WinSxS\amd64_microsoft.windows.common-controls_6595b64144ccf1df_6.0.22621.3235_none_270f74e173860f98\COMCTL32.dll
0x00007ff9ccf00000 - 0x00007ff9ccf0a000 	C:\WINDOWS\SYSTEM32\VERSION.dll
0x00007ff9d7a80000 - 0x00007ff9d7ab1000 	C:\WINDOWS\System32\IMM32.DLL
0x00007ff975df0000 - 0x00007ff975dfc000 	C:\Program Files\Java\jdk-18.0.1\bin\vcruntime140_1.dll
0x00007ff974610000 - 0x00007ff97469d000 	C:\Program Files\Java\jdk-18.0.1\bin\msvcp140.dll
0x00007ff93d830000 - 0x00007ff93e440000 	C:\Program Files\Java\jdk-18.0.1\bin\server\jvm.dll
0x00007ff9d8230000 - 0x00007ff9d8238000 	C:\WINDOWS\System32\PSAPI.DLL
0x00007ff9c55e0000 - 0x00007ff9c55e9000 	C:\WINDOWS\SYSTEM32\WSOCK32.dll
0x00007ff9d7a00000 - 0x00007ff9d7a71000 	C:\WINDOWS\System32\WS2_32.dll
0x00007ff9c8c50000 - 0x00007ff9c8c84000 	C:\WINDOWS\SYSTEM32\WINMM.dll
0x00007ff9d56d0000 - 0x00007ff9d56e8000 	C:\WINDOWS\SYSTEM32\kernel.appcore.dll
0x00007ff9756a0000 - 0x00007ff9756aa000 	C:\Program Files\Java\jdk-18.0.1\bin\jimage.dll
0x00007ff9d4010000 - 0x00007ff9d4243000 	C:\WINDOWS\SYSTEM32\DBGHELP.DLL
0x00007ff9d8a30000 - 0x00007ff9d8db8000 	C:\WINDOWS\System32\combase.dll
0x00007ff9d86f0000 - 0x00007ff9d87c7000 	C:\WINDOWS\System32\OLEAUT32.dll
0x00007ff9b11f0000 - 0x00007ff9b1222000 	C:\WINDOWS\SYSTEM32\dbgcore.DLL
0x00007ff9d7020000 - 0x00007ff9d7099000 	C:\WINDOWS\System32\bcryptPrimitives.dll
0x00007ff9745e0000 - 0x00007ff974605000 	C:\Program Files\Java\jdk-18.0.1\bin\java.dll
0x00007ff95cd50000 - 0x00007ff95ce26000 	C:\Program Files\Java\jdk-18.0.1\bin\jsvml.dll
0x00007ff9d7180000 - 0x00007ff9d79dc000 	C:\WINDOWS\System32\SHELL32.dll
0x00007ff9d45f0000 - 0x00007ff9d4ee9000 	C:\WINDOWS\SYSTEM32\windows.storage.dll
0x00007ff9d44b0000 - 0x00007ff9d45ee000 	C:\WINDOWS\SYSTEM32\wintypes.dll
0x00007ff9d7bd0000 - 0x00007ff9d7cc3000 	C:\WINDOWS\System32\SHCORE.dll
0x00007ff9d7b70000 - 0x00007ff9d7bce000 	C:\WINDOWS\System32\shlwapi.dll
0x00007ff9d65c0000 - 0x00007ff9d65e1000 	C:\WINDOWS\SYSTEM32\profapi.dll
0x00007ff975680000 - 0x00007ff975693000 	C:\Program Files\Java\jdk-18.0.1\bin\net.dll
0x00007ff9ce2a0000 - 0x00007ff9ce3d6000 	C:\WINDOWS\SYSTEM32\WINHTTP.dll
0x00007ff9d5b40000 - 0x00007ff9d5ba9000 	C:\WINDOWS\system32\mswsock.dll
0x00007ff9745c0000 - 0x00007ff9745d6000 	C:\Program Files\Java\jdk-18.0.1\bin\nio.dll
0x00007ff9745a0000 - 0x00007ff9745b8000 	C:\Program Files\Java\jdk-18.0.1\bin\zip.dll

dbghelp: loaded successfully - version: 4.0.5 - missing functions: none
symbol engine: initialized successfully - sym options: 0x614 - pdb path: .;C:\Program Files\Java\jdk-18.0.1\bin;C:\WINDOWS\SYSTEM32;C:\WINDOWS\WinSxS\amd64_microsoft.windows.common-controls_6595b64144ccf1df_6.0.22621.3235_none_270f74e173860f98;C:\Program Files\Java\jdk-18.0.1\bin\server

VM Arguments:
jvm_args: -Dfile.encoding=utf8 
java_command: c:\Users\vanes\.vscode\extensions\vscjava.vscode-gradle-3.13.5\lib\gradle-language-server.jar
java_class_path (initial): c:\Users\vanes\.vscode\extensions\vscjava.vscode-gradle-3.13.5\lib\gradle-language-server.jar
Launcher Type: SUN_STANDARD

[Global flags]
     intx CICompilerCount                          = 3                                         {product} {ergonomic}
     uint ConcGCThreads                            = 1                                         {product} {ergonomic}
     uint G1ConcRefinementThreads                  = 4                                         {product} {ergonomic}
   size_t G1HeapRegionSize                         = 1048576                                   {product} {ergonomic}
    uintx GCDrainStackTargetSize                   = 64                                        {product} {ergonomic}
   size_t InitialHeapSize                          = 65011712                                  {product} {ergonomic}
   size_t MarkStackSize                            = 4194304                                   {product} {ergonomic}
   size_t MaxHeapSize                              = 1012924416                                {product} {ergonomic}
   size_t MaxNewSize                               = 607125504                                 {product} {ergonomic}
   size_t MinHeapDeltaBytes                        = 1048576                                   {product} {ergonomic}
   size_t MinHeapSize                              = 8388608                                   {product} {ergonomic}
    uintx NonNMethodCodeHeapSize                   = 5832780                                {pd product} {ergonomic}
    uintx NonProfiledCodeHeapSize                  = 122912730                              {pd product} {ergonomic}
    uintx ProfiledCodeHeapSize                     = 122912730                              {pd product} {ergonomic}
    uintx ReservedCodeCacheSize                    = 251658240                              {pd product} {ergonomic}
     bool SegmentedCodeCache                       = true                                      {product} {ergonomic}
   size_t SoftMaxHeapSize                          = 1012924416                             {manageable} {ergonomic}
     bool UseCompressedClassPointers               = true                           {product lp64_product} {ergonomic}
     bool UseCompressedOops                        = true                           {product lp64_product} {ergonomic}
     bool UseG1GC                                  = true                                      {product} {ergonomic}
     bool UseLargePagesIndividualAllocation        = false                                  {pd product} {ergonomic}

Logging:
Log output configuration:
 #0: stdout all=warning uptime,level,tags foldmultilines=false
 #1: stderr all=off uptime,level,tags foldmultilines=false

Environment Variables:
JAVA_HOME=C:\Program Files\Java\jdk-18.0.1
PATH=C:\Program Files\Common Files\Oracle\Java\javapath;C:\WINDOWS\system32;C:\WINDOWS;C:\WINDOWS\System32\Wbem;C:\WINDOWS\System32\WindowsPowerShell\v1.0\;C:\WINDOWS\System32\OpenSSH\;C:\Program Files\dotnet\;C:\Program Files\Java\jdk-18.0.1\bin;C:\Program Files (x86)\Git\cmd;C:\Program Files (x86)\nodejs\;C:\Software\gradle-7.6.4-all\gradle-7.6.4\bin;C:\Program Files\MySQL\MySQL Shell 8.0\bin\;C:\Users\vanes\AppData\Local\Microsoft\WindowsApps;;C:\Users\vanes\AppData\Local\Programs\Microsoft VS Code\bin;C:\Users\vanes\AppData\Roaming\npm
USERNAME=vanes
OS=Windows_NT
PROCESSOR_IDENTIFIER=Intel64 Family 6 Model 126 Stepping 5, GenuineIntel



---------------  S Y S T E M  ---------------

OS:
 Windows 11 , 64 bit Build 22621 (10.0.22621.3374)
OS uptime: 0 days 3:05 hours

CPU: total 4 (initial active 4) (2 cores per cpu, 2 threads per core) family 6 model 126 stepping 5 microcode 0xc2, cx8, cmov, fxsr, ht, mmx, 3dnowpref, sse, sse2, sse3, ssse3, sse4.1, sse4.2, popcnt, lzcnt, tsc, tscinvbit, avx, avx2, aes, erms, clmul, bmi1, bmi2, adx, avx512f, avx512dq, avx512cd, avx512bw, avx512vl, sha, fma, vzeroupper, avx512_vpopcntdq, avx512_vpclmulqdq, avx512_vaes, avx512_vnni, clflush, clflushopt, avx512_vbmi2, avx512_vbmi

Memory: 4k page, system-wide physical 3862M (262M free)
TotalPageFile size 9597M (AvailPageFile size 2M)
current process WorkingSet (physical memory assigned to process): 63M, peak: 63M
current process commit charge ("private bytes"): 143M, peak: 144M

vm_info: Java HotSpot(TM) 64-Bit Server VM (18.0.1+10-24) for windows-amd64 JRE (18.0.1+10-24), built on Mar  9 2022 22:41:56 by "mach5one" with MS VC++ 16.8 / 16.9 (VS2019)

END.
