#
# There is insufficient memory for the Java Runtime Environment to continue.
# Native memory allocation (malloc) failed to allocate 537056 bytes for Chunk::new
# Possible reasons:
#   The system is out of physical RAM or swap space
#   The process is running with CompressedOops enabled, and the Java Heap may be blocking the growth of the native heap
# Possible solutions:
#   Reduce memory load on the system
#   Increase physical memory or swap space
#   Check if swap backing store is full
#   Decrease Java heap size (-Xmx/-Xms)
#   Decrease number of Java threads
#   Decrease Java thread stack sizes (-Xss)
#   Set larger code cache with -XX:ReservedCodeCacheSize=
#   JVM is running with Unscaled Compressed Oops mode in which the Java heap is
#     placed in the first 4GB address space. The Java Heap base address is the
#     maximum limit for the native heap growth. Please use -XX:HeapBaseMinAddress
#     to set the Java Heap base and to place the Java Heap above 4GB virtual address.
# This output file may be truncated or incomplete.
#
#  Out of Memory Error (arena.cpp:191), pid=8424, tid=14772
#
# JRE version: OpenJDK Runtime Environment Temurin-17.0.10+7 (17.0.10+7) (build 17.0.10+7)
# Java VM: OpenJDK 64-Bit Server VM Temurin-17.0.10+7 (17.0.10+7, mixed mode, tiered, compressed oops, compressed class ptrs, parallel gc, windows-amd64)
# No core dump will be written. Minidumps are not enabled by default on client versions of Windows
#

---------------  S U M M A R Y ------------

Command Line: --add-modules=ALL-SYSTEM --add-opens=java.base/java.util=ALL-UNNAMED --add-opens=java.base/java.lang=ALL-UNNAMED --add-opens=java.base/sun.nio.fs=ALL-UNNAMED -Declipse.application=org.eclipse.jdt.ls.core.id1 -Dosgi.bundles.defaultStartLevel=4 -Declipse.product=org.eclipse.jdt.ls.core.product -Djava.import.generatesMetadataFilesAtProjectRoot=false -DDetectVMInstallationsJob.disabled=true -Dfile.encoding=utf8 -XX:+UseParallelGC -XX:GCTimeRatio=4 -XX:AdaptiveSizePolicyWeight=90 -Dsun.zip.disableMemoryMapping=true -Xmx1G -Xms100m -Xlog:disable -javaagent:c:\Users\vanes\.vscode\extensions\redhat.java-1.29.0-win32-x64\lombok\lombok-1.18.32.jar c:\Users\vanes\.vscode\extensions\redhat.java-1.29.0-win32-x64\server\plugins\org.eclipse.equinox.launcher_1.6.800.v20240304-1850.jar -configuration c:\Users\vanes\AppData\Roaming\Code\User\globalStorage\redhat.java\1.29.0\config_ss_win -data c:\Users\vanes\AppData\Roaming\Code\User\workspaceStorage\cddd3e9974fe382fe4c42c7b99216dd2\redhat.java\ss_ws --stdio

Host: Intel(R) Core(TM) i3-1005G1 CPU @ 1.20GHz, 4 cores, 3G,  Windows 11 , 64 bit Build 22621 (10.0.22621.3374)
Time: Fri Apr 12 23:32:12 2024 Hora oficial do Brasil elapsed time: 9.628397 seconds (0d 0h 0m 9s)

---------------  T H R E A D  ---------------

Current thread (0x000001a75f4b2cd0):  JavaThread "C2 CompilerThread0" daemon [_thread_in_native, id=14772, stack(0x00000059edc00000,0x00000059edd00000)]


Current CompileTask:
C2:   9628 2366       4       org.lombokweb.asm.ClassReader::readMethod (1066 bytes)

Stack: [0x00000059edc00000,0x00000059edd00000]
Native frames: (J=compiled Java code, j=interpreted, Vv=VM code, C=native code)
V  [jvm.dll+0x67d2c9]
V  [jvm.dll+0x834afa]
V  [jvm.dll+0x8365be]
V  [jvm.dll+0x836c23]
V  [jvm.dll+0x2477ff]
V  [jvm.dll+0xac514]
V  [jvm.dll+0xacb5c]
V  [jvm.dll+0x2aed1f]
V  [jvm.dll+0x584b67]
V  [jvm.dll+0x2228a2]
V  [jvm.dll+0x21ba9e]
V  [jvm.dll+0x219201]
V  [jvm.dll+0x1a502d]
V  [jvm.dll+0x2290de]
V  [jvm.dll+0x2272ac]
V  [jvm.dll+0x7e9bb7]
V  [jvm.dll+0x7e3fba]
V  [jvm.dll+0x67c1b5]
C  [ucrtbase.dll+0x29333]
C  [KERNEL32.DLL+0x1257d]
C  [ntdll.dll+0x5aa48]


---------------  P R O C E S S  ---------------

Threads class SMR info:
_java_thread_list=0x000001a76553f900, length=20, elements={
0x000001a7496de6a0, 0x000001a75f485020, 0x000001a75f486190, 0x000001a75f4ae350,
0x000001a75f4aed20, 0x000001a75f4af7f0, 0x000001a75f4b20d0, 0x000001a75f4b2cd0,
0x000001a75f4cd940, 0x000001a75f4ce600, 0x000001a764799380, 0x000001a7648f9c00,
0x000001a764f89760, 0x000001a764f60a10, 0x000001a765158d40, 0x000001a764f2f0e0,
0x000001a765125f60, 0x000001a76544e2a0, 0x000001a76544f1d0, 0x000001a76544e7b0
}

Java Threads: ( => current thread )
  0x000001a7496de6a0 JavaThread "main" [_thread_blocked, id=16376, stack(0x00000059ed300000,0x00000059ed400000)]
  0x000001a75f485020 JavaThread "Reference Handler" daemon [_thread_blocked, id=17064, stack(0x00000059ed600000,0x00000059ed700000)]
  0x000001a75f486190 JavaThread "Finalizer" daemon [_thread_blocked, id=16340, stack(0x00000059ed700000,0x00000059ed800000)]
  0x000001a75f4ae350 JavaThread "Signal Dispatcher" daemon [_thread_blocked, id=8208, stack(0x00000059ed800000,0x00000059ed900000)]
  0x000001a75f4aed20 JavaThread "Attach Listener" daemon [_thread_blocked, id=13012, stack(0x00000059ed900000,0x00000059eda00000)]
  0x000001a75f4af7f0 JavaThread "Service Thread" daemon [_thread_blocked, id=1936, stack(0x00000059eda00000,0x00000059edb00000)]
  0x000001a75f4b20d0 JavaThread "Monitor Deflation Thread" daemon [_thread_blocked, id=1184, stack(0x00000059edb00000,0x00000059edc00000)]
=>0x000001a75f4b2cd0 JavaThread "C2 CompilerThread0" daemon [_thread_in_native, id=14772, stack(0x00000059edc00000,0x00000059edd00000)]
  0x000001a75f4cd940 JavaThread "C1 CompilerThread0" daemon [_thread_in_native, id=15460, stack(0x00000059edd00000,0x00000059ede00000)]
  0x000001a75f4ce600 JavaThread "Sweeper thread" daemon [_thread_blocked, id=13072, stack(0x00000059ede00000,0x00000059edf00000)]
  0x000001a764799380 JavaThread "Common-Cleaner" daemon [_thread_blocked, id=14656, stack(0x00000059edf00000,0x00000059ee000000)]
  0x000001a7648f9c00 JavaThread "Notification Thread" daemon [_thread_blocked, id=6400, stack(0x00000059ee000000,0x00000059ee100000)]
  0x000001a764f89760 JavaThread "Active Thread: Equinox Container: cc1c7848-5a3c-48bb-8764-119e13faa019" [_thread_blocked, id=4936, stack(0x00000059ee500000,0x00000059ee600000)]
  0x000001a764f60a10 JavaThread "Framework Event Dispatcher: Equinox Container: cc1c7848-5a3c-48bb-8764-119e13faa019" daemon [_thread_blocked, id=12932, stack(0x00000059ee600000,0x00000059ee700000)]
  0x000001a765158d40 JavaThread "Start Level: Equinox Container: cc1c7848-5a3c-48bb-8764-119e13faa019" daemon [_thread_in_native, id=16968, stack(0x00000059ee700000,0x00000059ee800000)]
  0x000001a764f2f0e0 JavaThread "SCR Component Actor" daemon [_thread_blocked, id=14944, stack(0x00000059ee800000,0x00000059ee900000)]
  0x000001a765125f60 JavaThread "SCR Component Registry" daemon [_thread_blocked, id=14120, stack(0x00000059ee900000,0x00000059eea00000)]
  0x000001a76544e2a0 JavaThread "Worker-JM" [_thread_blocked, id=3336, stack(0x00000059eea00000,0x00000059eeb00000)]
  0x000001a76544f1d0 JavaThread "Worker-0" [_thread_blocked, id=4560, stack(0x00000059eeb00000,0x00000059eec00000)]
  0x000001a76544e7b0 JavaThread "Worker-1" [_thread_blocked, id=11908, stack(0x00000059eec00000,0x00000059eed00000)]

Other Threads:
  0x000001a749786990 VMThread "VM Thread" [stack: 0x00000059ed500000,0x00000059ed600000] [id=6640]
  0x000001a7648c75e0 WatcherThread [stack: 0x00000059ee100000,0x00000059ee200000] [id=3624]
  0x000001a7496f3330 GCTaskThread "GC Thread#0" [stack: 0x00000059ed400000,0x00000059ed500000] [id=15368]
  0x000001a764c3eb90 GCTaskThread "GC Thread#1" [stack: 0x00000059ee200000,0x00000059ee300000] [id=16904]
  0x000001a765267200 GCTaskThread "GC Thread#2" [stack: 0x00000059ee300000,0x00000059ee400000] [id=14664]
  0x000001a7652674c0 GCTaskThread "GC Thread#3" [stack: 0x00000059ee400000,0x00000059ee500000] [id=12876]

Threads with active compile tasks:
C2 CompilerThread0     9655 2366       4       org.lombokweb.asm.ClassReader::readMethod (1066 bytes)
C1 CompilerThread0     9655 2377 %     3       org.lombokweb.asm.SymbolTable::<init> @ 98 (536 bytes)

VM state: not at safepoint (normal execution)

VM Mutex/Monitor currently owned by a thread: None

Heap address: 0x00000000c0000000, size: 1024 MB, Compressed Oops mode: 32-bit

CDS archive(s) not mapped
Compressed class space mapped at: 0x0000000100000000-0x0000000140000000, reserved size: 1073741824
Narrow klass base: 0x0000000000000000, Narrow klass shift: 3, Narrow klass range: 0x140000000

GC Precious Log:
 CPUs: 4 total, 4 available
 Memory: 3862M
 Large Page Support: Disabled
 NUMA Support: Disabled
 Compressed Oops: Enabled (32-bit)
 Alignments: Space 512K, Generation 512K, Heap 2M
 Heap Min Capacity: 100M
 Heap Initial Capacity: 100M
 Heap Max Capacity: 1G
 Pre-touch: Disabled
 Parallel Workers: 4

Heap:
 PSYoungGen      total 26112K, used 8182K [0x00000000eab00000, 0x00000000ec880000, 0x0000000100000000)
  eden space 25088K, 29% used [0x00000000eab00000,0x00000000eb22ffc0,0x00000000ec380000)
  from space 1024K, 80% used [0x00000000ec400000,0x00000000ec4cdb38,0x00000000ec500000)
  to   space 2560K, 0% used [0x00000000ec600000,0x00000000ec600000,0x00000000ec880000)
 ParOldGen       total 68608K, used 6784K [0x00000000c0000000, 0x00000000c4300000, 0x00000000eab00000)
  object space 68608K, 9% used [0x00000000c0000000,0x00000000c06a0050,0x00000000c4300000)
 Metaspace       used 25311K, committed 25664K, reserved 1114112K
  class space    used 2480K, committed 2624K, reserved 1048576K

Card table byte_map: [0x000001a75cd60000,0x000001a75cf70000] _byte_map_base: 0x000001a75c760000

Marking Bits: (ParMarkBitMap*) 0x00007ff9bc56d7d0
 Begin Bits: [0x000001a75d0d0000, 0x000001a75e0d0000)
 End Bits:   [0x000001a75e0d0000, 0x000001a75f0d0000)

Polling page: 0x000001a749790000

Metaspace:

Usage:
  Non-class:     22.30 MB used.
      Class:      2.42 MB used.
       Both:     24.72 MB used.

Virtual space:
  Non-class space:       64.00 MB reserved,      22.50 MB ( 35%) committed,  1 nodes.
      Class space:        1.00 GB reserved,       2.56 MB ( <1%) committed,  1 nodes.
             Both:        1.06 GB reserved,      25.06 MB (  2%) committed. 

Chunk freelists:
   Non-Class:  8.81 MB
       Class:  13.45 MB
        Both:  22.27 MB

MaxMetaspaceSize: unlimited
CompressedClassSpaceSize: 1.00 GB
Initial GC threshold: 21.00 MB
Current GC threshold: 35.00 MB
CDS: off
MetaspaceReclaimPolicy: balanced
 - commit_granule_bytes: 65536.
 - commit_granule_words: 8192.
 - virtual_space_node_default_size: 8388608.
 - enlarge_chunks_in_place: 1.
 - new_chunks_are_fully_committed: 0.
 - uncommit_free_chunks: 1.
 - use_allocation_guard: 0.
 - handle_deallocations: 1.


Internal statistics:

num_allocs_failed_limit: 3.
num_arena_births: 278.
num_arena_deaths: 14.
num_vsnodes_births: 2.
num_vsnodes_deaths: 0.
num_space_committed: 401.
num_space_uncommitted: 0.
num_chunks_returned_to_freelist: 17.
num_chunks_taken_from_freelist: 938.
num_chunk_merges: 4.
num_chunk_splits: 607.
num_chunks_enlarged: 417.
num_inconsistent_stats: 0.

CodeHeap 'non-profiled nmethods': size=120000Kb used=979Kb max_used=979Kb free=119020Kb
 bounds [0x000001a755650000, 0x000001a7558c0000, 0x000001a75cb80000]
CodeHeap 'profiled nmethods': size=120000Kb used=4680Kb max_used=4680Kb free=115320Kb
 bounds [0x000001a74db80000, 0x000001a74e020000, 0x000001a7550b0000]
CodeHeap 'non-nmethods': size=5760Kb used=1225Kb max_used=1225Kb free=4534Kb
 bounds [0x000001a7550b0000, 0x000001a755320000, 0x000001a755650000]
 total_blobs=2893 nmethods=2373 adapters=434
 compilation: enabled
              stopped_count=0, restarted_count=0
 full_count=0

Compilation events (20 events):
Event: 9.530 Thread 0x000001a75f4cd940 nmethod 2361 0x000001a74e009410 code [0x000001a74e0095c0, 0x000001a74e0097c8]
Event: 9.530 Thread 0x000001a75f4cd940 2362       3       org.lombokweb.asm.MethodWriter::putFrameType (84 bytes)
Event: 9.531 Thread 0x000001a75f4cd940 nmethod 2362 0x000001a74e009890 code [0x000001a74e009b00, 0x000001a74e00a4e8]
Event: 9.531 Thread 0x000001a75f4cd940 2363       3       org.lombokweb.asm.MethodVisitor::visitLineNumber (17 bytes)
Event: 9.531 Thread 0x000001a75f4cd940 nmethod 2363 0x000001a74e00a810 code [0x000001a74e00a9c0, 0x000001a74e00abc8]
Event: 9.531 Thread 0x000001a75f4cd940 2364       3       org.lombokweb.asm.MethodWriter::visitMethodInsn (191 bytes)
Event: 9.532 Thread 0x000001a75f4cd940 nmethod 2364 0x000001a74e00ac90 code [0x000001a74e00aec0, 0x000001a74e00b6c8]
Event: 9.532 Thread 0x000001a75f4cd940 2365       3       org.lombokweb.asm.SymbolTable::addConstantMethodref (24 bytes)
Event: 9.532 Thread 0x000001a75f4cd940 nmethod 2365 0x000001a74e00ba10 code [0x000001a74e00bbc0, 0x000001a74e00bd68]
Event: 9.533 Thread 0x000001a75f4b2cd0 2366       4       org.lombokweb.asm.ClassReader::readMethod (1066 bytes)
Event: 9.564 Thread 0x000001a75f4cd940 2367       3       org.lombokweb.asm.ClassReader::readLong (29 bytes)
Event: 9.564 Thread 0x000001a75f4cd940 nmethod 2367 0x000001a74e00be10 code [0x000001a74e00bfc0, 0x000001a74e00c178]
Event: 9.565 Thread 0x000001a75f4cd940 2368       3       java.util.Arrays::fill (21 bytes)
Event: 9.565 Thread 0x000001a75f4cd940 nmethod 2368 0x000001a74e00c290 code [0x000001a74e00c420, 0x000001a74e00c5d8]
Event: 9.612 Thread 0x000001a75f4cd940 2370       3       java.lang.invoke.MemberName::<init> (135 bytes)
Event: 9.613 Thread 0x000001a75f4cd940 nmethod 2370 0x000001a74e00c710 code [0x000001a74e00ca40, 0x000001a74e00dc38]
Event: 9.613 Thread 0x000001a75f4cd940 2371   !   3       java.lang.invoke.MethodHandle::setVarargs (25 bytes)
Event: 9.614 Thread 0x000001a75f4cd940 nmethod 2371 0x000001a74e00e190 code [0x000001a74e00e3a0, 0x000001a74e00ea58]
Event: 9.614 Thread 0x000001a75f4cd940 2372       3       java.lang.invoke.MemberName::isVarargs (23 bytes)
Event: 9.614 Thread 0x000001a75f4cd940 nmethod 2372 0x000001a74e00ec90 code [0x000001a74e00ee60, 0x000001a74e00f2f8]

GC Heap History (12 events):
Event: 5.918 GC heap before
{Heap before GC invocations=1 (full 0):
 PSYoungGen      total 29696K, used 25600K [0x00000000eab00000, 0x00000000ecc00000, 0x0000000100000000)
  eden space 25600K, 100% used [0x00000000eab00000,0x00000000ec400000,0x00000000ec400000)
  from space 4096K, 0% used [0x00000000ec800000,0x00000000ec800000,0x00000000ecc00000)
  to   space 4096K, 0% used [0x00000000ec400000,0x00000000ec400000,0x00000000ec800000)
 ParOldGen       total 68608K, used 0K [0x00000000c0000000, 0x00000000c4300000, 0x00000000eab00000)
  object space 68608K, 0% used [0x00000000c0000000,0x00000000c0000000,0x00000000c4300000)
 Metaspace       used 11018K, committed 11200K, reserved 1114112K
  class space    used 1098K, committed 1216K, reserved 1048576K
}
Event: 5.951 GC heap after
{Heap after GC invocations=1 (full 0):
 PSYoungGen      total 29696K, used 3156K [0x00000000eab00000, 0x00000000ecc00000, 0x0000000100000000)
  eden space 25600K, 0% used [0x00000000eab00000,0x00000000eab00000,0x00000000ec400000)
  from space 4096K, 77% used [0x00000000ec400000,0x00000000ec715278,0x00000000ec800000)
  to   space 4096K, 0% used [0x00000000ec800000,0x00000000ec800000,0x00000000ecc00000)
 ParOldGen       total 68608K, used 0K [0x00000000c0000000, 0x00000000c4300000, 0x00000000eab00000)
  object space 68608K, 0% used [0x00000000c0000000,0x00000000c0000000,0x00000000c4300000)
 Metaspace       used 11018K, committed 11200K, reserved 1114112K
  class space    used 1098K, committed 1216K, reserved 1048576K
}
Event: 7.488 GC heap before
{Heap before GC invocations=2 (full 0):
 PSYoungGen      total 29696K, used 28756K [0x00000000eab00000, 0x00000000ecc00000, 0x0000000100000000)
  eden space 25600K, 100% used [0x00000000eab00000,0x00000000ec400000,0x00000000ec400000)
  from space 4096K, 77% used [0x00000000ec400000,0x00000000ec715278,0x00000000ec800000)
  to   space 4096K, 0% used [0x00000000ec800000,0x00000000ec800000,0x00000000ecc00000)
 ParOldGen       total 68608K, used 0K [0x00000000c0000000, 0x00000000c4300000, 0x00000000eab00000)
  object space 68608K, 0% used [0x00000000c0000000,0x00000000c0000000,0x00000000c4300000)
 Metaspace       used 14849K, committed 15104K, reserved 1114112K
  class space    used 1507K, committed 1664K, reserved 1048576K
}
Event: 7.493 GC heap after
{Heap after GC invocations=2 (full 0):
 PSYoungGen      total 29696K, used 4089K [0x00000000eab00000, 0x00000000ecc00000, 0x0000000100000000)
  eden space 25600K, 0% used [0x00000000eab00000,0x00000000eab00000,0x00000000ec400000)
  from space 4096K, 99% used [0x00000000ec800000,0x00000000ecbfe778,0x00000000ecc00000)
  to   space 4096K, 0% used [0x00000000ec400000,0x00000000ec400000,0x00000000ec800000)
 ParOldGen       total 68608K, used 750K [0x00000000c0000000, 0x00000000c4300000, 0x00000000eab00000)
  object space 68608K, 1% used [0x00000000c0000000,0x00000000c00bbb50,0x00000000c4300000)
 Metaspace       used 14849K, committed 15104K, reserved 1114112K
  class space    used 1507K, committed 1664K, reserved 1048576K
}
Event: 8.746 GC heap before
{Heap before GC invocations=3 (full 0):
 PSYoungGen      total 29696K, used 29689K [0x00000000eab00000, 0x00000000ecc00000, 0x0000000100000000)
  eden space 25600K, 100% used [0x00000000eab00000,0x00000000ec400000,0x00000000ec400000)
  from space 4096K, 99% used [0x00000000ec800000,0x00000000ecbfe778,0x00000000ecc00000)
  to   space 4096K, 0% used [0x00000000ec400000,0x00000000ec400000,0x00000000ec800000)
 ParOldGen       total 68608K, used 750K [0x00000000c0000000, 0x00000000c4300000, 0x00000000eab00000)
  object space 68608K, 1% used [0x00000000c0000000,0x00000000c00bbb50,0x00000000c4300000)
 Metaspace       used 19833K, committed 20160K, reserved 1114112K
  class space    used 2027K, committed 2176K, reserved 1048576K
}
Event: 8.751 GC heap after
{Heap after GC invocations=3 (full 0):
 PSYoungGen      total 29696K, used 4067K [0x00000000eab00000, 0x00000000ecc00000, 0x0000000100000000)
  eden space 25600K, 0% used [0x00000000eab00000,0x00000000eab00000,0x00000000ec400000)
  from space 4096K, 99% used [0x00000000ec400000,0x00000000ec7f8f48,0x00000000ec800000)
  to   space 4096K, 0% used [0x00000000ec800000,0x00000000ec800000,0x00000000ecc00000)
 ParOldGen       total 68608K, used 2433K [0x00000000c0000000, 0x00000000c4300000, 0x00000000eab00000)
  object space 68608K, 3% used [0x00000000c0000000,0x00000000c02606a8,0x00000000c4300000)
 Metaspace       used 19833K, committed 20160K, reserved 1114112K
  class space    used 2027K, committed 2176K, reserved 1048576K
}
Event: 9.029 GC heap before
{Heap before GC invocations=4 (full 0):
 PSYoungGen      total 29696K, used 11067K [0x00000000eab00000, 0x00000000ecc00000, 0x0000000100000000)
  eden space 25600K, 27% used [0x00000000eab00000,0x00000000eb1d5e18,0x00000000ec400000)
  from space 4096K, 99% used [0x00000000ec400000,0x00000000ec7f8f48,0x00000000ec800000)
  to   space 4096K, 0% used [0x00000000ec800000,0x00000000ec800000,0x00000000ecc00000)
 ParOldGen       total 68608K, used 2433K [0x00000000c0000000, 0x00000000c4300000, 0x00000000eab00000)
  object space 68608K, 3% used [0x00000000c0000000,0x00000000c02606a8,0x00000000c4300000)
 Metaspace       used 21088K, committed 21504K, reserved 1114112K
  class space    used 2154K, committed 2368K, reserved 1048576K
}
Event: 9.033 GC heap after
{Heap after GC invocations=4 (full 0):
 PSYoungGen      total 29696K, used 4064K [0x00000000eab00000, 0x00000000ecc00000, 0x0000000100000000)
  eden space 25600K, 0% used [0x00000000eab00000,0x00000000eab00000,0x00000000ec400000)
  from space 4096K, 99% used [0x00000000ec800000,0x00000000ecbf8340,0x00000000ecc00000)
  to   space 4096K, 0% used [0x00000000ec400000,0x00000000ec400000,0x00000000ec800000)
 ParOldGen       total 68608K, used 2830K [0x00000000c0000000, 0x00000000c4300000, 0x00000000eab00000)
  object space 68608K, 4% used [0x00000000c0000000,0x00000000c02c38d0,0x00000000c4300000)
 Metaspace       used 21088K, committed 21504K, reserved 1114112K
  class space    used 2154K, committed 2368K, reserved 1048576K
}
Event: 9.033 GC heap before
{Heap before GC invocations=5 (full 1):
 PSYoungGen      total 29696K, used 4064K [0x00000000eab00000, 0x00000000ecc00000, 0x0000000100000000)
  eden space 25600K, 0% used [0x00000000eab00000,0x00000000eab00000,0x00000000ec400000)
  from space 4096K, 99% used [0x00000000ec800000,0x00000000ecbf8340,0x00000000ecc00000)
  to   space 4096K, 0% used [0x00000000ec400000,0x00000000ec400000,0x00000000ec800000)
 ParOldGen       total 68608K, used 2830K [0x00000000c0000000, 0x00000000c4300000, 0x00000000eab00000)
  object space 68608K, 4% used [0x00000000c0000000,0x00000000c02c38d0,0x00000000c4300000)
 Metaspace       used 21088K, committed 21504K, reserved 1114112K
  class space    used 2154K, committed 2368K, reserved 1048576K
}
Event: 9.059 GC heap after
{Heap after GC invocations=5 (full 1):
 PSYoungGen      total 29696K, used 0K [0x00000000eab00000, 0x00000000ecc00000, 0x0000000100000000)
  eden space 25600K, 0% used [0x00000000eab00000,0x00000000eab00000,0x00000000ec400000)
  from space 4096K, 0% used [0x00000000ec800000,0x00000000ec800000,0x00000000ecc00000)
  to   space 4096K, 0% used [0x00000000ec400000,0x00000000ec400000,0x00000000ec800000)
 ParOldGen       total 68608K, used 6776K [0x00000000c0000000, 0x00000000c4300000, 0x00000000eab00000)
  object space 68608K, 9% used [0x00000000c0000000,0x00000000c069e050,0x00000000c4300000)
 Metaspace       used 21075K, committed 21504K, reserved 1114112K
  class space    used 2151K, committed 2368K, reserved 1048576K
}
Event: 9.489 GC heap before
{Heap before GC invocations=6 (full 1):
 PSYoungGen      total 29696K, used 25564K [0x00000000eab00000, 0x00000000ecc00000, 0x0000000100000000)
  eden space 25600K, 99% used [0x00000000eab00000,0x00000000ec3f73a8,0x00000000ec400000)
  from space 4096K, 0% used [0x00000000ec800000,0x00000000ec800000,0x00000000ecc00000)
  to   space 4096K, 0% used [0x00000000ec400000,0x00000000ec400000,0x00000000ec800000)
 ParOldGen       total 68608K, used 6776K [0x00000000c0000000, 0x00000000c4300000, 0x00000000eab00000)
  object space 68608K, 9% used [0x00000000c0000000,0x00000000c069e050,0x00000000c4300000)
 Metaspace       used 24048K, committed 24448K, reserved 1114112K
  class space    used 2381K, committed 2560K, reserved 1048576K
}
Event: 9.490 GC heap after
{Heap after GC invocations=6 (full 1):
 PSYoungGen      total 26112K, used 822K [0x00000000eab00000, 0x00000000ec880000, 0x0000000100000000)
  eden space 25088K, 0% used [0x00000000eab00000,0x00000000eab00000,0x00000000ec380000)
  from space 1024K, 80% used [0x00000000ec400000,0x00000000ec4cdb38,0x00000000ec500000)
  to   space 2560K, 0% used [0x00000000ec600000,0x00000000ec600000,0x00000000ec880000)
 ParOldGen       total 68608K, used 6784K [0x00000000c0000000, 0x00000000c4300000, 0x00000000eab00000)
  object space 68608K, 9% used [0x00000000c0000000,0x00000000c06a0050,0x00000000c4300000)
 Metaspace       used 24048K, committed 24448K, reserved 1114112K
  class space    used 2381K, committed 2560K, reserved 1048576K
}

Dll operation events (9 events):
Event: 0.020 Loaded shared library c:\Users\vanes\.vscode\extensions\redhat.java-1.29.0-win32-x64\jre\17.0.10-win32-x86_64\bin\java.dll
Event: 0.850 Loaded shared library c:\Users\vanes\.vscode\extensions\redhat.java-1.29.0-win32-x64\jre\17.0.10-win32-x86_64\bin\zip.dll
Event: 0.911 Loaded shared library C:\Users\vanes\.vscode\extensions\redhat.java-1.29.0-win32-x64\jre\17.0.10-win32-x86_64\bin\instrument.dll
Event: 0.954 Loaded shared library C:\Users\vanes\.vscode\extensions\redhat.java-1.29.0-win32-x64\jre\17.0.10-win32-x86_64\bin\net.dll
Event: 0.963 Loaded shared library C:\Users\vanes\.vscode\extensions\redhat.java-1.29.0-win32-x64\jre\17.0.10-win32-x86_64\bin\nio.dll
Event: 1.024 Loaded shared library C:\Users\vanes\.vscode\extensions\redhat.java-1.29.0-win32-x64\jre\17.0.10-win32-x86_64\bin\zip.dll
Event: 2.974 Loaded shared library C:\Users\vanes\.vscode\extensions\redhat.java-1.29.0-win32-x64\jre\17.0.10-win32-x86_64\bin\jimage.dll
Event: 4.507 Loaded shared library c:\Users\vanes\.vscode\extensions\redhat.java-1.29.0-win32-x64\jre\17.0.10-win32-x86_64\bin\verify.dll
Event: 7.193 Loaded shared library C:\Users\vanes\AppData\Roaming\Code\User\globalStorage\redhat.java\1.29.0\config_ss_win\org.eclipse.equinox.launcher\org.eclipse.equinox.launcher.win32.win32.x86_64_1.2.900.v20240213-1244\eclipse_11900.dll

Deoptimization events (20 events):
Event: 8.790 Thread 0x000001a765158d40 Uncommon trap: trap_request=0xffffffc6 fr.pc=0x000001a755714840 relative=0x0000000000001ca0
Event: 8.790 Thread 0x000001a765158d40 Uncommon trap: reason=bimorphic_or_optimized_type_check action=maybe_recompile pc=0x000001a755714840 method=java.io.DataInputStream.readUnsignedShort()I @ 6 c2
Event: 8.790 Thread 0x000001a765158d40 DEOPT PACKING pc=0x000001a755714840 sp=0x00000059ee7f9580
Event: 8.790 Thread 0x000001a765158d40 DEOPT UNPACKING pc=0x000001a755109ea3 sp=0x00000059ee7f9500 mode 2
Event: 8.790 Thread 0x000001a765158d40 Uncommon trap: trap_request=0xffffffc6 fr.pc=0x000001a75571a9f4 relative=0x0000000000000694
Event: 8.790 Thread 0x000001a765158d40 Uncommon trap: reason=bimorphic_or_optimized_type_check action=maybe_recompile pc=0x000001a75571a9f4 method=java.io.DataInputStream.readUnsignedShort()I @ 6 c2
Event: 8.790 Thread 0x000001a765158d40 DEOPT PACKING pc=0x000001a75571a9f4 sp=0x00000059ee7f9530
Event: 8.790 Thread 0x000001a765158d40 DEOPT UNPACKING pc=0x000001a755109ea3 sp=0x00000059ee7f94f8 mode 2
Event: 8.817 Thread 0x000001a765158d40 Uncommon trap: trap_request=0xffffff45 fr.pc=0x000001a7556ed340 relative=0x0000000000000040
Event: 8.817 Thread 0x000001a765158d40 Uncommon trap: reason=unstable_if action=reinterpret pc=0x000001a7556ed340 method=sun.nio.fs.WindowsPathParser.isSlash(C)Z @ 9 c2
Event: 8.817 Thread 0x000001a765158d40 DEOPT PACKING pc=0x000001a7556ed340 sp=0x00000059ee7f9410
Event: 8.817 Thread 0x000001a765158d40 DEOPT UNPACKING pc=0x000001a755109ea3 sp=0x00000059ee7f9398 mode 2
Event: 8.992 Thread 0x000001a765158d40 Uncommon trap: trap_request=0xffffff45 fr.pc=0x000001a755694c74 relative=0x0000000000000074
Event: 8.992 Thread 0x000001a765158d40 Uncommon trap: reason=unstable_if action=reinterpret pc=0x000001a755694c74 method=jdk.internal.misc.Unsafe.convEndian(ZJ)J @ 4 c2
Event: 8.992 Thread 0x000001a765158d40 DEOPT PACKING pc=0x000001a755694c74 sp=0x00000059ee7f7df0
Event: 8.992 Thread 0x000001a765158d40 DEOPT UNPACKING pc=0x000001a755109ea3 sp=0x00000059ee7f7d18 mode 2
Event: 9.081 Thread 0x000001a765158d40 Uncommon trap: trap_request=0xffffff45 fr.pc=0x000001a75567bc48 relative=0x0000000000000048
Event: 9.081 Thread 0x000001a765158d40 Uncommon trap: reason=unstable_if action=reinterpret pc=0x000001a75567bc48 method=java.lang.CharacterData.of(I)Ljava/lang/CharacterData; @ 4 c2
Event: 9.081 Thread 0x000001a765158d40 DEOPT PACKING pc=0x000001a75567bc48 sp=0x00000059ee7f8d60
Event: 9.081 Thread 0x000001a765158d40 DEOPT UNPACKING pc=0x000001a755109ea3 sp=0x00000059ee7f8cf8 mode 2

Classes unloaded (7 events):
Event: 9.037 Thread 0x000001a749786990 Unloading class 0x000000010021c000 'java/lang/invoke/LambdaForm$MH+0x000000010021c000'
Event: 9.037 Thread 0x000001a749786990 Unloading class 0x000000010021bc00 'java/lang/invoke/LambdaForm$MH+0x000000010021bc00'
Event: 9.037 Thread 0x000001a749786990 Unloading class 0x000000010021b800 'java/lang/invoke/LambdaForm$MH+0x000000010021b800'
Event: 9.037 Thread 0x000001a749786990 Unloading class 0x000000010021b400 'java/lang/invoke/LambdaForm$MH+0x000000010021b400'
Event: 9.037 Thread 0x000001a749786990 Unloading class 0x000000010021b000 'java/lang/invoke/LambdaForm$BMH+0x000000010021b000'
Event: 9.037 Thread 0x000001a749786990 Unloading class 0x000000010021ac00 'java/lang/invoke/LambdaForm$DMH+0x000000010021ac00'
Event: 9.037 Thread 0x000001a749786990 Unloading class 0x0000000100218000 'java/lang/invoke/LambdaForm$DMH+0x0000000100218000'

Classes redefined (0 events):
No events

Internal exceptions (20 events):
Event: 8.535 Thread 0x000001a765158d40 Exception <a 'java/lang/NoSuchMethodError'{0x00000000ebfd6c90}: 'int java.lang.invoke.DirectMethodHandle$Holder.invokeSpecial(java.lang.Object, java.lang.Object, java.lang.Object, int)'> (0x00000000ebfd6c90) 
thrown [s\src\hotspot\share\interpreter\linkResolver.cpp, line 759]
Event: 8.538 Thread 0x000001a765158d40 Exception <a 'java/lang/NoSuchMethodError'{0x00000000ebff22d8}: 'java.lang.Object java.lang.invoke.DirectMethodHandle$Holder.invokeStatic(java.lang.Object, java.lang.Object, java.lang.Object, java.lang.Object, int)'> (0x00000000ebff22d8) 
thrown [s\src\hotspot\share\interpreter\linkResolver.cpp, line 759]
Event: 8.541 Thread 0x000001a765158d40 Exception <a 'java/lang/NoSuchMethodError'{0x00000000ebffe2d0}: 'java.lang.Object java.lang.invoke.DelegatingMethodHandle$Holder.reinvoke_L(java.lang.Object, java.lang.Object, java.lang.Object, java.lang.Object, int, int)'> (0x00000000ebffe2d0) 
thrown [s\src\hotspot\share\interpreter\linkResolver.cpp, line 759]
Event: 8.561 Thread 0x000001a765158d40 Exception <a 'java/lang/NoSuchMethodError'{0x00000000ec012af0}: 'java.lang.Object java.lang.invoke.Invokers$Holder.invokeExact_MT(java.lang.Object, java.lang.Object, java.lang.Object, java.lang.Object)'> (0x00000000ec012af0) 
thrown [s\src\hotspot\share\interpreter\linkResolver.cpp, line 759]
Event: 8.689 Thread 0x000001a765158d40 Exception <a 'java/io/FileNotFoundException'{0x00000000ec28af20}> (0x00000000ec28af20) 
thrown [s\src\hotspot\share\prims\jni.cpp, line 516]
Event: 8.690 Thread 0x000001a765158d40 Exception <a 'java/io/FileNotFoundException'{0x00000000ec291bc0}> (0x00000000ec291bc0) 
thrown [s\src\hotspot\share\prims\jni.cpp, line 516]
Event: 8.794 Thread 0x000001a765158d40 Exception <a 'java/lang/NoSuchMethodError'{0x00000000eac90f58}: 'java.lang.Object java.lang.invoke.DirectMethodHandle$Holder.newInvokeSpecial(java.lang.Object, java.lang.Object, java.lang.Object, java.lang.Object, java.lang.Object)'> (0x00000000eac90f58) 
thrown [s\src\hotspot\share\interpreter\linkResolver.cpp, line 759]
Event: 8.835 Thread 0x000001a765158d40 Exception <a 'java/lang/NoSuchMethodError'{0x00000000eadcac48}: 'java.lang.Object java.lang.invoke.DirectMethodHandle$Holder.invokeStaticInit(java.lang.Object, int)'> (0x00000000eadcac48) 
thrown [s\src\hotspot\share\interpreter\linkResolver.cpp, line 759]
Event: 8.943 Thread 0x000001a765158d40 Exception <a 'java/lang/NoSuchMethodError'{0x00000000eb0049c8}: 'java.lang.Object java.lang.invoke.DirectMethodHandle$Holder.invokeSpecial(java.lang.Object, java.lang.Object, java.lang.Object, long, java.lang.Object)'> (0x00000000eb0049c8) 
thrown [s\src\hotspot\share\interpreter\linkResolver.cpp, line 759]
Event: 8.945 Thread 0x000001a765158d40 Exception <a 'java/lang/NoSuchMethodError'{0x00000000eb00cb80}: 'java.lang.Object java.lang.invoke.DirectMethodHandle$Holder.newInvokeSpecial(java.lang.Object, java.lang.Object, java.lang.Object, long)'> (0x00000000eb00cb80) 
thrown [s\src\hotspot\share\interpreter\linkResolver.cpp, line 759]
Event: 8.946 Thread 0x000001a765158d40 Exception <a 'java/lang/NoSuchMethodError'{0x00000000eb011120}: 'java.lang.Object java.lang.invoke.DirectMethodHandle$Holder.invokeSpecial(java.lang.Object, java.lang.Object, java.lang.Object, java.lang.Object, long)'> (0x00000000eb011120) 
thrown [s\src\hotspot\share\interpreter\linkResolver.cpp, line 759]
Event: 8.946 Thread 0x000001a765158d40 Exception <a 'java/lang/NoSuchMethodError'{0x00000000eb014f98}: 'java.lang.Object java.lang.invoke.Invokers$Holder.linkToTargetMethod(java.lang.Object, java.lang.Object, long, java.lang.Object)'> (0x00000000eb014f98) 
thrown [s\src\hotspot\share\interpreter\linkResolver.cpp, line 759]
Event: 8.978 Thread 0x000001a765158d40 Exception <a 'java/lang/NoSuchMethodError'{0x00000000eb076838}: 'int java.lang.invoke.DirectMethodHandle$Holder.invokeStaticInit(java.lang.Object, java.lang.Object, java.lang.Object)'> (0x00000000eb076838) 
thrown [s\src\hotspot\share\interpreter\linkResolver.cpp, line 759]
Event: 9.097 Thread 0x000001a765158d40 Exception <a 'java/lang/IncompatibleClassChangeError'{0x00000000eac733c8}: Found class java.lang.Object, but interface was expected> (0x00000000eac733c8) 
thrown [s\src\hotspot\share\interpreter\linkResolver.cpp, line 826]
Event: 9.104 Thread 0x000001a765158d40 Exception <a 'java/lang/NoSuchMethodError'{0x00000000eac866d0}: 'java.lang.Object java.lang.invoke.DirectMethodHandle$Holder.invokeSpecial(java.lang.Object, java.lang.Object, java.lang.Object, int, java.lang.Object, java.lang.Object)'> (0x00000000eac866d0) 
thrown [s\src\hotspot\share\interpreter\linkResolver.cpp, line 759]
Event: 9.105 Thread 0x000001a765158d40 Exception <a 'java/lang/NoSuchMethodError'{0x00000000eac8f0a0}: 'java.lang.Object java.lang.invoke.DirectMethodHandle$Holder.newInvokeSpecial(java.lang.Object, java.lang.Object, java.lang.Object, int, java.lang.Object)'> (0x00000000eac8f0a0) 
thrown [s\src\hotspot\share\interpreter\linkResolver.cpp, line 759]
Event: 9.106 Thread 0x000001a765158d40 Exception <a 'java/lang/NoSuchMethodError'{0x00000000eac934f8}: 'java.lang.Object java.lang.invoke.DirectMethodHandle$Holder.invokeSpecial(java.lang.Object, java.lang.Object, java.lang.Object, java.lang.Object, int, java.lang.Object)'> (0x00000000eac934f8) 
thrown [s\src\hotspot\share\interpreter\linkResolver.cpp, line 759]
Event: 9.108 Thread 0x000001a76544f1d0 Exception <a 'java/lang/NoSuchMethodError'{0x00000000eacd33c8}: 'java.lang.Object java.lang.invoke.DirectMethodHandle$Holder.invokeSpecial(java.lang.Object, java.lang.Object, int, java.lang.Object, java.lang.Object)'> (0x00000000eacd33c8) 
thrown [s\src\hotspot\share\interpreter\linkResolver.cpp, line 759]
Event: 9.109 Thread 0x000001a76544f1d0 Exception <a 'java/lang/NoSuchMethodError'{0x00000000eacdaa98}: 'java.lang.Object java.lang.invoke.DirectMethodHandle$Holder.newInvokeSpecial(java.lang.Object, java.lang.Object, int, java.lang.Object)'> (0x00000000eacdaa98) 
thrown [s\src\hotspot\share\interpreter\linkResolver.cpp, line 759]
Event: 9.130 Thread 0x000001a76544f1d0 Exception <a 'java/lang/NoSuchMethodError'{0x00000000eacde5a8}: 'java.lang.Object java.lang.invoke.DirectMethodHandle$Holder.invokeSpecial(java.lang.Object, java.lang.Object, java.lang.Object, int, java.lang.Object)'> (0x00000000eacde5a8) 
thrown [s\src\hotspot\share\interpreter\linkResolver.cpp, line 759]

VM Operations (20 events):
Event: 7.488 Executing VM operation: ParallelGCFailedAllocation
Event: 7.493 Executing VM operation: ParallelGCFailedAllocation done
Event: 8.044 Executing VM operation: HandshakeAllThreads
Event: 8.044 Executing VM operation: HandshakeAllThreads done
Event: 8.528 Executing VM operation: HandshakeAllThreads
Event: 8.528 Executing VM operation: HandshakeAllThreads done
Event: 8.528 Executing VM operation: Cleanup
Event: 8.528 Executing VM operation: Cleanup done
Event: 8.746 Executing VM operation: ParallelGCFailedAllocation
Event: 8.751 Executing VM operation: ParallelGCFailedAllocation done
Event: 8.989 Executing VM operation: HandshakeAllThreads
Event: 8.992 Executing VM operation: HandshakeAllThreads done
Event: 9.029 Executing VM operation: CollectForMetadataAllocation
Event: 9.061 Executing VM operation: CollectForMetadataAllocation done
Event: 9.082 Executing VM operation: HandshakeAllThreads
Event: 9.082 Executing VM operation: HandshakeAllThreads done
Event: 9.146 Executing VM operation: HandshakeAllThreads
Event: 9.146 Executing VM operation: HandshakeAllThreads done
Event: 9.489 Executing VM operation: ParallelGCFailedAllocation
Event: 9.490 Executing VM operation: ParallelGCFailedAllocation done

Events (20 events):
Event: 9.248 loading class java/util/zip/GZIPInputStream
Event: 9.249 loading class java/util/zip/GZIPInputStream done
Event: 9.249 loading class java/io/StringReader
Event: 9.249 loading class java/io/StringReader done
Event: 9.256 loading class java/net/SocketTimeoutException
Event: 9.256 loading class java/io/InterruptedIOException
Event: 9.256 loading class java/io/InterruptedIOException done
Event: 9.256 loading class java/net/SocketTimeoutException done
Event: 9.256 loading class java/net/SocketException
Event: 9.257 loading class java/net/SocketException done
Event: 9.257 loading class java/net/UnknownHostException
Event: 9.257 loading class java/net/UnknownHostException done
Event: 9.257 loading class java/net/ProtocolException
Event: 9.257 loading class java/net/ProtocolException done
Event: 9.279 loading class java/lang/ThreadLocal$SuppliedThreadLocal
Event: 9.279 loading class java/lang/ThreadLocal$SuppliedThreadLocal done
Event: 9.305 loading class java/io/FileWriter
Event: 9.305 loading class java/io/FileWriter done
Event: 9.305 loading class java/lang/NegativeArraySizeException
Event: 9.305 loading class java/lang/NegativeArraySizeException done


Dynamic libraries:
0x00007ff66d220000 - 0x00007ff66d22e000 	c:\Users\vanes\.vscode\extensions\redhat.java-1.29.0-win32-x64\jre\17.0.10-win32-x86_64\bin\java.exe
0x00007ff9d9370000 - 0x00007ff9d9586000 	C:\WINDOWS\SYSTEM32\ntdll.dll
0x00007ff9d7d50000 - 0x00007ff9d7e14000 	C:\WINDOWS\System32\KERNEL32.DLL
0x00007ff9d6a60000 - 0x00007ff9d6e07000 	C:\WINDOWS\System32\KERNELBASE.dll
0x00007ff9d6940000 - 0x00007ff9d6a51000 	C:\WINDOWS\System32\ucrtbase.dll
0x00007ff9c1b90000 - 0x00007ff9c1ba7000 	c:\Users\vanes\.vscode\extensions\redhat.java-1.29.0-win32-x64\jre\17.0.10-win32-x86_64\bin\jli.dll
0x00007ff9d9110000 - 0x00007ff9d92be000 	C:\WINDOWS\System32\USER32.dll
0x00007ff9d6870000 - 0x00007ff9d6896000 	C:\WINDOWS\System32\win32u.dll
0x00007ff9d8fd0000 - 0x00007ff9d8ff9000 	C:\WINDOWS\System32\GDI32.dll
0x00007ff9d6e10000 - 0x00007ff9d6f29000 	C:\WINDOWS\System32\gdi32full.dll
0x00007ff9d68a0000 - 0x00007ff9d693a000 	C:\WINDOWS\System32\msvcp_win.dll
0x00007ff9c0790000 - 0x00007ff9c07ab000 	c:\Users\vanes\.vscode\extensions\redhat.java-1.29.0-win32-x64\jre\17.0.10-win32-x86_64\bin\VCRUNTIME140.dll
0x00007ff9c5be0000 - 0x00007ff9c5e73000 	C:\WINDOWS\WinSxS\amd64_microsoft.windows.common-controls_6595b64144ccf1df_6.0.22621.3235_none_270f74e173860f98\COMCTL32.dll
0x00007ff9d9000000 - 0x00007ff9d90a7000 	C:\WINDOWS\System32\msvcrt.dll
0x00007ff9d7a80000 - 0x00007ff9d7ab1000 	C:\WINDOWS\System32\IMM32.DLL
0x00007ff9c32e0000 - 0x00007ff9c32ec000 	c:\Users\vanes\.vscode\extensions\redhat.java-1.29.0-win32-x64\jre\17.0.10-win32-x86_64\bin\vcruntime140_1.dll
0x00007ff9c0630000 - 0x00007ff9c06bd000 	c:\Users\vanes\.vscode\extensions\redhat.java-1.29.0-win32-x64\jre\17.0.10-win32-x86_64\bin\msvcp140.dll
0x00007ff9bb9d0000 - 0x00007ff9bc632000 	c:\Users\vanes\.vscode\extensions\redhat.java-1.29.0-win32-x64\jre\17.0.10-win32-x86_64\bin\server\jvm.dll
0x00007ff9d70c0000 - 0x00007ff9d7172000 	C:\WINDOWS\System32\ADVAPI32.dll
0x00007ff9d8180000 - 0x00007ff9d8228000 	C:\WINDOWS\System32\sechost.dll
0x00007ff9d6f30000 - 0x00007ff9d6f58000 	C:\WINDOWS\System32\bcrypt.dll
0x00007ff9d7eb0000 - 0x00007ff9d7fc5000 	C:\WINDOWS\System32\RPCRT4.dll
0x00007ff9d6560000 - 0x00007ff9d65ad000 	C:\WINDOWS\SYSTEM32\POWRPROF.dll
0x00007ff9c55e0000 - 0x00007ff9c55e9000 	C:\WINDOWS\SYSTEM32\WSOCK32.dll
0x00007ff9d7a00000 - 0x00007ff9d7a71000 	C:\WINDOWS\System32\WS2_32.dll
0x00007ff9c8c50000 - 0x00007ff9c8c84000 	C:\WINDOWS\SYSTEM32\WINMM.dll
0x00007ff9ccf00000 - 0x00007ff9ccf0a000 	C:\WINDOWS\SYSTEM32\VERSION.dll
0x00007ff9d6540000 - 0x00007ff9d6553000 	C:\WINDOWS\SYSTEM32\UMPDC.dll
0x00007ff9d56d0000 - 0x00007ff9d56e8000 	C:\WINDOWS\SYSTEM32\kernel.appcore.dll
0x00007ff9c1fb0000 - 0x00007ff9c1fba000 	c:\Users\vanes\.vscode\extensions\redhat.java-1.29.0-win32-x64\jre\17.0.10-win32-x86_64\bin\jimage.dll
0x00007ff9d4010000 - 0x00007ff9d4243000 	C:\WINDOWS\SYSTEM32\DBGHELP.DLL
0x00007ff9d8a30000 - 0x00007ff9d8db8000 	C:\WINDOWS\System32\combase.dll
0x00007ff9d86f0000 - 0x00007ff9d87c7000 	C:\WINDOWS\System32\OLEAUT32.dll
0x00007ff9b11f0000 - 0x00007ff9b1222000 	C:\WINDOWS\SYSTEM32\dbgcore.DLL
0x00007ff9d7020000 - 0x00007ff9d7099000 	C:\WINDOWS\System32\bcryptPrimitives.dll
0x00007ff9c1e10000 - 0x00007ff9c1e1e000 	c:\Users\vanes\.vscode\extensions\redhat.java-1.29.0-win32-x64\jre\17.0.10-win32-x86_64\bin\instrument.dll
0x00007ff9c0760000 - 0x00007ff9c0785000 	c:\Users\vanes\.vscode\extensions\redhat.java-1.29.0-win32-x64\jre\17.0.10-win32-x86_64\bin\java.dll
0x00007ff9c0610000 - 0x00007ff9c0628000 	c:\Users\vanes\.vscode\extensions\redhat.java-1.29.0-win32-x64\jre\17.0.10-win32-x86_64\bin\zip.dll
0x00007ff9d7180000 - 0x00007ff9d79dc000 	C:\WINDOWS\System32\SHELL32.dll
0x00007ff9d45f0000 - 0x00007ff9d4ee9000 	C:\WINDOWS\SYSTEM32\windows.storage.dll
0x00007ff9d44b0000 - 0x00007ff9d45ee000 	C:\WINDOWS\SYSTEM32\wintypes.dll
0x00007ff9d7bd0000 - 0x00007ff9d7cc3000 	C:\WINDOWS\System32\SHCORE.dll
0x00007ff9d7b70000 - 0x00007ff9d7bce000 	C:\WINDOWS\System32\shlwapi.dll
0x00007ff9d65c0000 - 0x00007ff9d65e1000 	C:\WINDOWS\SYSTEM32\profapi.dll
0x00007ff9c05f0000 - 0x00007ff9c0609000 	C:\Users\vanes\.vscode\extensions\redhat.java-1.29.0-win32-x64\jre\17.0.10-win32-x86_64\bin\net.dll
0x00007ff9ce2a0000 - 0x00007ff9ce3d6000 	C:\WINDOWS\SYSTEM32\WINHTTP.dll
0x00007ff9d5b40000 - 0x00007ff9d5ba9000 	C:\WINDOWS\system32\mswsock.dll
0x00007ff9c05d0000 - 0x00007ff9c05e6000 	C:\Users\vanes\.vscode\extensions\redhat.java-1.29.0-win32-x64\jre\17.0.10-win32-x86_64\bin\nio.dll
0x00007ff9c0750000 - 0x00007ff9c0760000 	c:\Users\vanes\.vscode\extensions\redhat.java-1.29.0-win32-x64\jre\17.0.10-win32-x86_64\bin\verify.dll
0x00007ff9c0590000 - 0x00007ff9c05ce000 	C:\Users\vanes\AppData\Roaming\Code\User\globalStorage\redhat.java\1.29.0\config_ss_win\org.eclipse.equinox.launcher\org.eclipse.equinox.launcher.win32.win32.x86_64_1.2.900.v20240213-1244\eclipse_11900.dll
0x00007ff9d7fd0000 - 0x00007ff9d8175000 	C:\WINDOWS\System32\ole32.dll

dbghelp: loaded successfully - version: 4.0.5 - missing functions: none
symbol engine: initialized successfully - sym options: 0x614 - pdb path: .;c:\Users\vanes\.vscode\extensions\redhat.java-1.29.0-win32-x64\jre\17.0.10-win32-x86_64\bin;C:\WINDOWS\SYSTEM32;C:\WINDOWS\WinSxS\amd64_microsoft.windows.common-controls_6595b64144ccf1df_6.0.22621.3235_none_270f74e173860f98;c:\Users\vanes\.vscode\extensions\redhat.java-1.29.0-win32-x64\jre\17.0.10-win32-x86_64\bin\server;C:\Users\vanes\AppData\Roaming\Code\User\globalStorage\redhat.java\1.29.0\config_ss_win\org.eclipse.equinox.launcher\org.eclipse.equinox.launcher.win32.win32.x86_64_1.2.900.v20240213-1244

VM Arguments:
jvm_args: --add-modules=ALL-SYSTEM --add-opens=java.base/java.util=ALL-UNNAMED --add-opens=java.base/java.lang=ALL-UNNAMED --add-opens=java.base/sun.nio.fs=ALL-UNNAMED -Declipse.application=org.eclipse.jdt.ls.core.id1 -Dosgi.bundles.defaultStartLevel=4 -Declipse.product=org.eclipse.jdt.ls.core.product -Djava.import.generatesMetadataFilesAtProjectRoot=false -DDetectVMInstallationsJob.disabled=true -Dfile.encoding=utf8 -XX:+UseParallelGC -XX:GCTimeRatio=4 -XX:AdaptiveSizePolicyWeight=90 -Dsun.zip.disableMemoryMapping=true -Xmx1G -Xms100m -Xlog:disable -javaagent:c:\Users\vanes\.vscode\extensions\redhat.java-1.29.0-win32-x64\lombok\lombok-1.18.32.jar 
java_command: c:\Users\vanes\.vscode\extensions\redhat.java-1.29.0-win32-x64\server\plugins\org.eclipse.equinox.launcher_1.6.800.v20240304-1850.jar -configuration c:\Users\vanes\AppData\Roaming\Code\User\globalStorage\redhat.java\1.29.0\config_ss_win -data c:\Users\vanes\AppData\Roaming\Code\User\workspaceStorage\cddd3e9974fe382fe4c42c7b99216dd2\redhat.java\ss_ws --stdio
java_class_path (initial): c:\Users\vanes\.vscode\extensions\redhat.java-1.29.0-win32-x64\server\plugins\org.eclipse.equinox.launcher_1.6.800.v20240304-1850.jar
Launcher Type: SUN_STANDARD

[Global flags]
    uintx AdaptiveSizePolicyWeight                 = 90                                        {product} {command line}
     intx CICompilerCount                          = 3                                         {product} {ergonomic}
    uintx GCTimeRatio                              = 4                                         {product} {command line}
   size_t InitialHeapSize                          = 104857600                                 {product} {command line}
   size_t MaxHeapSize                              = 1073741824                                {product} {command line}
   size_t MaxNewSize                               = 357564416                                 {product} {ergonomic}
   size_t MinHeapDeltaBytes                        = 524288                                    {product} {ergonomic}
   size_t MinHeapSize                              = 104857600                                 {product} {command line}
   size_t NewSize                                  = 34603008                                  {product} {ergonomic}
    uintx NonNMethodCodeHeapSize                   = 5832780                                {pd product} {ergonomic}
    uintx NonProfiledCodeHeapSize                  = 122912730                              {pd product} {ergonomic}
   size_t OldSize                                  = 70254592                                  {product} {ergonomic}
    uintx ProfiledCodeHeapSize                     = 122912730                              {pd product} {ergonomic}
    uintx ReservedCodeCacheSize                    = 251658240                              {pd product} {ergonomic}
     bool SegmentedCodeCache                       = true                                      {product} {ergonomic}
   size_t SoftMaxHeapSize                          = 1073741824                             {manageable} {ergonomic}
     bool UseCompressedClassPointers               = true                           {product lp64_product} {ergonomic}
     bool UseCompressedOops                        = true                           {product lp64_product} {ergonomic}
     bool UseLargePagesIndividualAllocation        = false                                  {pd product} {ergonomic}
     bool UseParallelGC                            = true                                      {product} {command line}

Logging:
Log output configuration:
 #0: stdout all=off uptime,level,tags
 #1: stderr all=off uptime,level,tags

Environment Variables:
JAVA_HOME=C:\Program Files\Java\jdk-18.0.1
PATH=C:\Program Files\Common Files\Oracle\Java\javapath;C:\WINDOWS\system32;C:\WINDOWS;C:\WINDOWS\System32\Wbem;C:\WINDOWS\System32\WindowsPowerShell\v1.0\;C:\WINDOWS\System32\OpenSSH\;C:\Program Files\dotnet\;C:\Program Files\Java\jdk-18.0.1\bin;C:\Program Files (x86)\Git\cmd;C:\Program Files (x86)\nodejs\;C:\Software\gradle-7.6.4-all\gradle-7.6.4\bin;C:\Program Files\MySQL\MySQL Shell 8.0\bin\;C:\Users\vanes\AppData\Local\Microsoft\WindowsApps;;C:\Users\vanes\AppData\Local\Programs\Microsoft VS Code\bin;C:\Users\vanes\AppData\Roaming\npm
USERNAME=vanes
OS=Windows_NT
PROCESSOR_IDENTIFIER=Intel64 Family 6 Model 126 Stepping 5, GenuineIntel
TMP=C:\Users\vanes\AppData\Local\Temp
TEMP=C:\Users\vanes\AppData\Local\Temp



Periodic native trim disabled


---------------  S Y S T E M  ---------------

OS:
 Windows 11 , 64 bit Build 22621 (10.0.22621.3374)
OS uptime: 0 days 3:05 hours

CPU: total 4 (initial active 4) (2 cores per cpu, 2 threads per core) family 6 model 126 stepping 5 microcode 0xc2, cx8, cmov, fxsr, ht, mmx, 3dnowpref, sse, sse2, sse3, ssse3, sse4.1, sse4.2, popcnt, lzcnt, tsc, tscinvbit, avx, avx2, aes, erms, clmul, bmi1, bmi2, adx, avx512f, avx512dq, avx512cd, avx512bw, avx512vl, sha, fma, vzeroupper, avx512_vpopcntdq, avx512_vpclmulqdq, avx512_vaes, avx512_vnni, clflush, clflushopt, avx512_vbmi2, avx512_vbmi
Processor Information for all 4 processors :
  Max Mhz: 1190, Current Mhz: 1190, Mhz Limit: 1190

Memory: 4k page, system-wide physical 3862M (269M free)
TotalPageFile size 9597M (AvailPageFile size 0M)
current process WorkingSet (physical memory assigned to process): 113M, peak: 113M
current process commit charge ("private bytes"): 209M, peak: 209M

vm_info: OpenJDK 64-Bit Server VM (17.0.10+7) for windows-amd64 JRE (17.0.10+7), built on Jan 16 2024 23:25:11 by "admin" with MS VC++ 16.10 / 16.11 (VS2019)

END.
