#
# There is insufficient memory for the Java Runtime Environment to continue.
# Native memory allocation (mmap) failed to map 65536 bytes for Failed to commit metaspace.
# Possible reasons:
#   The system is out of physical RAM or swap space
#   The process is running with CompressedOops enabled, and the Java Heap may be blocking the growth of the native heap
# Possible solutions:
#   Reduce memory load on the system
#   Increase physical memory or swap space
#   Check if swap backing store is full
#   Decrease Java heap size (-Xmx/-Xms)
#   Decrease number of Java threads
#   Decrease Java thread stack sizes (-Xss)
#   Set larger code cache with -XX:ReservedCodeCacheSize=
#   JVM is running with Unscaled Compressed Oops mode in which the Java heap is
#     placed in the first 4GB address space. The Java Heap base address is the
#     maximum limit for the native heap growth. Please use -XX:HeapBaseMinAddress
#     to set the Java Heap base and to place the Java Heap above 4GB virtual address.
# This output file may be truncated or incomplete.
#
#  Out of Memory Error (virtualSpaceNode.cpp:110), pid=13144, tid=14592
#
# JRE version: OpenJDK Runtime Environment Temurin-17.0.10+7 (17.0.10+7) (build 17.0.10+7)
# Java VM: OpenJDK 64-Bit Server VM Temurin-17.0.10+7 (17.0.10+7, mixed mode, tiered, compressed oops, compressed class ptrs, parallel gc, windows-amd64)
# No core dump will be written. Minidumps are not enabled by default on client versions of Windows
#

---------------  S U M M A R Y ------------

Command Line: --add-modules=ALL-SYSTEM --add-opens=java.base/java.util=ALL-UNNAMED --add-opens=java.base/java.lang=ALL-UNNAMED --add-opens=java.base/sun.nio.fs=ALL-UNNAMED -Declipse.application=org.eclipse.jdt.ls.core.id1 -Dosgi.bundles.defaultStartLevel=4 -Declipse.product=org.eclipse.jdt.ls.core.product -Djava.import.generatesMetadataFilesAtProjectRoot=false -DDetectVMInstallationsJob.disabled=true -Dfile.encoding=utf8 -XX:+UseParallelGC -XX:GCTimeRatio=4 -XX:AdaptiveSizePolicyWeight=90 -Dsun.zip.disableMemoryMapping=true -Xmx1G -Xms100m -Xlog:disable -javaagent:c:\Users\vanes\.vscode\extensions\redhat.java-1.29.0-win32-x64\lombok\lombok-1.18.32.jar c:\Users\vanes\.vscode\extensions\redhat.java-1.29.0-win32-x64\server\plugins\org.eclipse.equinox.launcher_1.6.800.v20240304-1850.jar -configuration c:\Users\vanes\AppData\Roaming\Code\User\globalStorage\redhat.java\1.29.0\config_ss_win -data c:\Users\vanes\AppData\Roaming\Code\User\workspaceStorage\cddd3e9974fe382fe4c42c7b99216dd2\redhat.java\ss_ws --stdio

Host: Intel(R) Core(TM) i3-1005G1 CPU @ 1.20GHz, 4 cores, 3G,  Windows 11 , 64 bit Build 22621 (10.0.22621.3374)
Time: Fri Apr 12 23:32:13 2024 Hora oficial do Brasil elapsed time: 1.054691 seconds (0d 0h 0m 1s)

---------------  T H R E A D  ---------------

Current thread (0x0000022fc5f4e6d0):  JavaThread "main" [_thread_in_vm, id=14592, stack(0x000000be4d600000,0x000000be4d700000)]

Stack: [0x000000be4d600000,0x000000be4d700000]
Native frames: (J=compiled Java code, j=interpreted, Vv=VM code, C=native code)
V  [jvm.dll+0x67d2c9]
V  [jvm.dll+0x834afa]
V  [jvm.dll+0x8365be]
V  [jvm.dll+0x836c23]
V  [jvm.dll+0x2477ff]
V  [jvm.dll+0x8307bb]
V  [jvm.dll+0x621d16]
V  [jvm.dll+0x621d7a]
V  [jvm.dll+0x6245aa]
V  [jvm.dll+0x6226b6]
V  [jvm.dll+0x62c5a7]
V  [jvm.dll+0x1eb80b]
V  [jvm.dll+0x1ebd45]
V  [jvm.dll+0x1ec800]
V  [jvm.dll+0x1e1c01]
V  [jvm.dll+0x5427ce]
V  [jvm.dll+0x1f2647]
V  [jvm.dll+0x7adf9b]
V  [jvm.dll+0x7af36c]
V  [jvm.dll+0x7af6b8]
V  [jvm.dll+0x23face]
V  [jvm.dll+0x385ad0]
C  0x0000022fd012b44e

The last pc belongs to instanceof (printed below).
Java frames: (J=compiled Java code, j=interpreted, Vv=VM code)
j  java.time.zone.ZoneRules.getValidOffsets(Ljava/time/LocalDateTime;)Ljava/util/List;+7 java.base@17.0.10
j  java.time.ZonedDateTime.ofLocal(Ljava/time/LocalDateTime;Ljava/time/ZoneId;Ljava/time/ZoneOffset;)Ljava/time/ZonedDateTime;+42 java.base@17.0.10
j  java.time.ZonedDateTime.of(IIIIIIILjava/time/ZoneId;)Ljava/time/ZonedDateTime;+20 java.base@17.0.10
j  sun.security.util.DisabledAlgorithmConstraints$DenyAfterConstraint.<init>(Ljava/lang/String;III)V+73 java.base@17.0.10
j  sun.security.util.DisabledAlgorithmConstraints$Constraints.<init>(Ljava/lang/String;Ljava/util/Set;)V+624 java.base@17.0.10
j  sun.security.util.DisabledAlgorithmConstraints.<init>(Ljava/lang/String;Lsun/security/util/AlgorithmDecomposer;)V+119 java.base@17.0.10
j  sun.security.util.DisabledAlgorithmConstraints.<init>(Ljava/lang/String;)V+9 java.base@17.0.10
j  sun.security.util.DisabledAlgorithmConstraints$JarHolder.<clinit>()V+6 java.base@17.0.10
v  ~StubRoutines::call_stub
j  sun.security.util.DisabledAlgorithmConstraints.jarConstraints()Lsun/security/util/DisabledAlgorithmConstraints;+0 java.base@17.0.10
j  sun.security.pkcs.SignerInfo.<clinit>()V+0 java.base@17.0.10
v  ~StubRoutines::call_stub
j  sun.security.pkcs.PKCS7.parseSignedData(Lsun/security/util/DerValue;)V+619 java.base@17.0.10
j  sun.security.pkcs.PKCS7.parse(Lsun/security/util/DerInputStream;Z)V+40 java.base@17.0.10
j  sun.security.pkcs.PKCS7.parse(Lsun/security/util/DerInputStream;)V+11 java.base@17.0.10
j  sun.security.pkcs.PKCS7.<init>([B)V+50 java.base@17.0.10
j  sun.security.util.SignatureFileVerifier.<init>(Ljava/util/ArrayList;Lsun/security/util/ManifestDigester;Ljava/lang/String;[B)V+40 java.base@17.0.10
j  java.util.jar.JarVerifier.processEntry(Lsun/security/util/ManifestEntryVerifier;)V+322 java.base@17.0.10
j  java.util.jar.JarVerifier.update(I[BIILsun/security/util/ManifestEntryVerifier;)V+39 java.base@17.0.10
j  java.util.jar.JarFile.initializeVerifier()V+163 java.base@17.0.10
j  java.util.jar.JarFile.ensureInitialization()V+41 java.base@17.0.10
j  java.util.jar.JavaUtilJarAccessImpl.ensureInitialization(Ljava/util/jar/JarFile;)V+1 java.base@17.0.10
j  jdk.internal.loader.URLClassPath$JarLoader$2.getManifest()Ljava/util/jar/Manifest;+10 java.base@17.0.10
j  jdk.internal.loader.BuiltinClassLoader.defineClass(Ljava/lang/String;Ljdk/internal/loader/Resource;)Ljava/lang/Class;+29 java.base@17.0.10
j  jdk.internal.loader.BuiltinClassLoader.findClassOnClassPathOrNull(Ljava/lang/String;)Ljava/lang/Class;+37 java.base@17.0.10
j  jdk.internal.loader.BuiltinClassLoader.loadClassOrNull(Ljava/lang/String;Z)Ljava/lang/Class;+111 java.base@17.0.10
j  jdk.internal.loader.BuiltinClassLoader.loadClass(Ljava/lang/String;Z)Ljava/lang/Class;+3 java.base@17.0.10
j  jdk.internal.loader.ClassLoaders$AppClassLoader.loadClass(Ljava/lang/String;Z)Ljava/lang/Class;+36 java.base@17.0.10
j  java.lang.ClassLoader.loadClass(Ljava/lang/String;)Ljava/lang/Class;+3 java.base@17.0.10
v  ~StubRoutines::call_stub
j  java.lang.Class.forName0(Ljava/lang/String;ZLjava/lang/ClassLoader;Ljava/lang/Class;)Ljava/lang/Class;+0 java.base@17.0.10
j  java.lang.Class.forName(Ljava/lang/String;ZLjava/lang/ClassLoader;)Ljava/lang/Class;+43 java.base@17.0.10
j  sun.launcher.LauncherHelper.loadMainClass(ILjava/lang/String;)Ljava/lang/Class;+95 java.base@17.0.10
j  sun.launcher.LauncherHelper.checkAndLoadMain(ZILjava/lang/String;)Ljava/lang/Class;+42 java.base@17.0.10
v  ~StubRoutines::call_stub
instanceof  193 instanceof  [0x0000022fd012b3c0, 0x0000022fd012b600]  576 bytes
[MachCode]
  0x0000022fd012b3c0: 5848 85c0 | 0f84 f701 | 0000 488b | 4de8 488b | 4908 488b | 4908 488b | 5108 410f | b75d 010f 
  0x0000022fd012b3e0: cbc1 eb10 | 807c 1a04 | 070f 84bf | 0000 0050 | e805 0000 | 00e9 9800 | 0000 488d | 4424 084c 
  0x0000022fd012b400: 896d c049 | 8bcf c5f8 | 7749 89af | a802 0000 | 4989 8798 | 0200 0048 | 83ec 20f7 | c40f 0000 
  0x0000022fd012b420: 000f 841a | 0000 0048 | 83ec 0849 | baf0 59d5 | bbf9 7f00 | 0041 ffd2 | 4883 c408 | e90d 0000 
  0x0000022fd012b440: 0049 baf0 | 59d5 bbf9 | 7f00 0041 | ffd2 4883 | c420 49c7 | 8798 0200 | 0000 0000 | 0049 c787 
  0x0000022fd012b460: a802 0000 | 0000 0000 | 49c7 87a0 | 0200 0000 | 0000 00c5 | f877 4981 | 7f08 0000 | 0000 0f84 
  0x0000022fd012b480: 0500 0000 | e977 5afe | ff4c 8b6d | c04c 8b75 | c8c3 498b | 87f8 0200 | 0049 c787 | f802 0000 
  0x0000022fd012b4a0: 0000 0000 | 5a8b 5208 | 48c1 e203 | eb15 8b50 | 0848 c1e2 | 0366 8b5c | d948 488b | 4928 488b 
  0x0000022fd012b4c0: 44d9 0848 | 8b4d d848 | 85c9 0f84 | 8a00 0000 | 488b 7918 | 483b fa0f | 850f 0000 | 0048 8341 
  0x0000022fd012b4e0: 2001 4883 | 5920 00e9 | 6600 0000 | 4885 ff0f | 8437 0000 | 0048 8b79 | 2848 3bfa | 0f85 0f00 
  0x0000022fd012b500: 0000 4883 | 4130 0148 | 8359 3000 | e941 0000 | 0048 85ff | 0f85 3800 | 0000 4889 | 5128 bf01 
  0x0000022fd012b520: 0000 0048 | 8979 30e9 | 2600 0000 | 483b 5128 | 0f85 0f00 | 0000 4883 | 4130 0148 | 8359 3000 
  0x0000022fd012b540: e90d 0000 | 0048 8951 | 18bf 0100 | 0000 4889 | 7920 4883 | c138 4889 | 4dd8 483b | d00f 8454 
  0x0000022fd012b560: 0000 008b | 4814 483b | 040a 0f84 | 4700 0000 | 83f9 200f | 851d 0000 | 0057 488b | 7a28 8b0f 
  0x0000022fd012b580: 4883 c708 | 4885 c0f2 | 48af 5f75 | 0948 8942 | 20e9 2100 | 0000 488b | 4dd8 4885 | c90f 8410 
  0x0000022fd012b5a0: 0000 0048 | 8341 d0ff | 0f88 0500 | 0000 4883 | 41d0 0133 | c0eb 23b8 | 0100 0000 | e919 0000 
  0x0000022fd012b5c0: 0048 8b4d | d848 85c9 | 0f84 0c00 | 0000 8049 | 0101 4883 | c138 4889 | 4dd8 410f | b65d 0349 
  0x0000022fd012b5e0: 83c5 0349 | ba90 8157 | bcf9 7f00 | 0041 ff24 | da0f 1f80 | 0000 0000 | 0000 0000 | 0000 0000 
[/MachCode]

---------------  P R O C E S S  ---------------

Threads class SMR info:
_java_thread_list=0x0000022fdf22c110, length=12, elements={
0x0000022fc5f4e6d0, 0x0000022fd9d8ce30, 0x0000022fd9d8e0a0, 0x0000022fd9da4b30,
0x0000022fd9dc55e0, 0x0000022fd9dc60b0, 0x0000022fd9dc8a90, 0x0000022fd9dc9690,
0x0000022fdef3e550, 0x0000022fdef43230, 0x0000022fc5fb2d60, 0x0000022fdf210680
}

Java Threads: ( => current thread )
=>0x0000022fc5f4e6d0 JavaThread "main" [_thread_in_vm, id=14592, stack(0x000000be4d600000,0x000000be4d700000)]
  0x0000022fd9d8ce30 JavaThread "Reference Handler" daemon [_thread_blocked, id=2216, stack(0x000000be4da00000,0x000000be4db00000)]
  0x0000022fd9d8e0a0 JavaThread "Finalizer" daemon [_thread_blocked, id=12956, stack(0x000000be4db00000,0x000000be4dc00000)]
  0x0000022fd9da4b30 JavaThread "Signal Dispatcher" daemon [_thread_blocked, id=1676, stack(0x000000be4dc00000,0x000000be4dd00000)]
  0x0000022fd9dc55e0 JavaThread "Attach Listener" daemon [_thread_blocked, id=600, stack(0x000000be4dd00000,0x000000be4de00000)]
  0x0000022fd9dc60b0 JavaThread "Service Thread" daemon [_thread_blocked, id=15112, stack(0x000000be4de00000,0x000000be4df00000)]
  0x0000022fd9dc8a90 JavaThread "Monitor Deflation Thread" daemon [_thread_blocked, id=17116, stack(0x000000be4df00000,0x000000be4e000000)]
  0x0000022fd9dc9690 JavaThread "C2 CompilerThread0" daemon [_thread_blocked, id=15732, stack(0x000000be4e000000,0x000000be4e100000)]
  0x0000022fdef3e550 JavaThread "C1 CompilerThread0" daemon [_thread_blocked, id=12368, stack(0x000000be4e100000,0x000000be4e200000)]
  0x0000022fdef43230 JavaThread "Sweeper thread" daemon [_thread_blocked, id=1392, stack(0x000000be4e200000,0x000000be4e300000)]
  0x0000022fc5fb2d60 JavaThread "Common-Cleaner" daemon [_thread_blocked, id=13184, stack(0x000000be4e300000,0x000000be4e400000)]
  0x0000022fdf210680 JavaThread "Notification Thread" daemon [_thread_blocked, id=9360, stack(0x000000be4e400000,0x000000be4e500000)]

Other Threads:
  0x0000022fd9d7a120 VMThread "VM Thread" [stack: 0x000000be4d900000,0x000000be4da00000] [id=12696]
  0x0000022fdf13cd10 WatcherThread [stack: 0x000000be4e500000,0x000000be4e600000] [id=17300]
  0x0000022fc5f63360 GCTaskThread "GC Thread#0" [stack: 0x000000be4d800000,0x000000be4d900000] [id=11732]

Threads with active compile tasks:

VM state: not at safepoint (normal execution)

VM Mutex/Monitor currently owned by a thread:  ([mutex/lock_event])
[0x0000022fc5f49ab0] Metaspace_lock - owner thread: 0x0000022fc5f4e6d0

Heap address: 0x00000000c0000000, size: 1024 MB, Compressed Oops mode: 32-bit

CDS archive(s) not mapped
Compressed class space mapped at: 0x0000000100000000-0x0000000140000000, reserved size: 1073741824
Narrow klass base: 0x0000000000000000, Narrow klass shift: 3, Narrow klass range: 0x140000000

GC Precious Log:
 CPUs: 4 total, 4 available
 Memory: 3862M
 Large Page Support: Disabled
 NUMA Support: Disabled
 Compressed Oops: Enabled (32-bit)
 Alignments: Space 512K, Generation 512K, Heap 2M
 Heap Min Capacity: 100M
 Heap Initial Capacity: 100M
 Heap Max Capacity: 1G
 Pre-touch: Disabled
 Parallel Workers: 4

Heap:
 PSYoungGen      total 29696K, used 11311K [0x00000000eab00000, 0x00000000ecc00000, 0x0000000100000000)
  eden space 25600K, 44% used [0x00000000eab00000,0x00000000eb60bd18,0x00000000ec400000)
  from space 4096K, 0% used [0x00000000ec800000,0x00000000ec800000,0x00000000ecc00000)
  to   space 4096K, 0% used [0x00000000ec400000,0x00000000ec400000,0x00000000ec800000)
 ParOldGen       total 68608K, used 0K [0x00000000c0000000, 0x00000000c4300000, 0x00000000eab00000)
  object space 68608K, 0% used [0x00000000c0000000,0x00000000c0000000,0x00000000c4300000)
 Metaspace       used 8137K, committed 8192K, reserved 1114112K
  class space    used 790K, committed 832K, reserved 1048576K

Card table byte_map: [0x0000022fc58e0000,0x0000022fc5af0000] _byte_map_base: 0x0000022fc52e0000

Marking Bits: (ParMarkBitMap*) 0x00007ff9bc56d7d0
 Begin Bits: [0x0000022fd7be0000, 0x0000022fd8be0000)
 End Bits:   [0x0000022fd8be0000, 0x0000022fd9be0000)

Polling page: 0x0000022fc4090000

Metaspace:

Usage:
  Non-class:      7.17 MB used.
      Class:    790.73 KB used.
       Both:      7.95 MB used.

Virtual space:
  Non-class space:       64.00 MB reserved,       7.19 MB ( 11%) committed,  1 nodes.
      Class space:        1.00 GB reserved,     832.00 KB ( <1%) committed,  1 nodes.
             Both:        1.06 GB reserved,       8.00 MB ( <1%) committed. 

Chunk freelists:
   Non-Class:  8.00 MB
       Class:  15.21 MB
        Both:  23.21 MB

MaxMetaspaceSize: unlimited
CompressedClassSpaceSize: 1.00 GB
Initial GC threshold: 21.00 MB
Current GC threshold: 21.00 MB
CDS: off
MetaspaceReclaimPolicy: balanced
 - commit_granule_bytes: 65536.
 - commit_granule_words: 8192.
 - virtual_space_node_default_size: 8388608.
 - enlarge_chunks_in_place: 1.
 - new_chunks_are_fully_committed: 0.
 - uncommit_free_chunks: 1.
 - use_allocation_guard: 0.
 - handle_deallocations: 1.


Internal statistics:

num_allocs_failed_limit: 0.
num_arena_births: 10.
num_arena_deaths: 0.
num_vsnodes_births: 2.
num_vsnodes_deaths: 0.
num_space_committed: 128.
num_space_uncommitted: 0.
num_chunks_returned_to_freelist: 0.
num_chunks_taken_from_freelist: 40.
num_chunk_merges: 0.
num_chunk_splits: 23.
num_chunks_enlarged: 22.
num_inconsistent_stats: 0.

CodeHeap 'non-profiled nmethods': size=120000Kb used=175Kb max_used=175Kb free=119824Kb
 bounds [0x0000022fd06b0000, 0x0000022fd0920000, 0x0000022fd7be0000]
CodeHeap 'profiled nmethods': size=120000Kb used=767Kb max_used=767Kb free=119232Kb
 bounds [0x0000022fc8be0000, 0x0000022fc8e50000, 0x0000022fd0110000]
CodeHeap 'non-nmethods': size=5760Kb used=1137Kb max_used=1151Kb free=4622Kb
 bounds [0x0000022fd0110000, 0x0000022fd0380000, 0x0000022fd06b0000]
 total_blobs=934 nmethods=520 adapters=329
 compilation: enabled
              stopped_count=0, restarted_count=0
 full_count=0

Compilation events (20 events):
Event: 1.024 Thread 0x0000022fd9dc9690 nmethod 509 0x0000022fd06d8c10 code [0x0000022fd06d8d80, 0x0000022fd06d9058]
Event: 1.024 Thread 0x0000022fd9dc9690  503       4       java.lang.CharacterDataLatin1::digit (32 bytes)
Event: 1.024 Thread 0x0000022fd9dc9690 nmethod 503 0x0000022fd06d9210 code [0x0000022fd06d93a0, 0x0000022fd06d9498]
Event: 1.025 Thread 0x0000022fd9dc9690  508       4       java.lang.Character::digit (6 bytes)
Event: 1.025 Thread 0x0000022fd9dc9690 nmethod 508 0x0000022fd06d9590 code [0x0000022fd06d9720, 0x0000022fd06d9818]
Event: 1.025 Thread 0x0000022fd9dc9690  505       4       java.lang.StringLatin1::newString (24 bytes)
Event: 1.029 Thread 0x0000022fd9dc9690 nmethod 505 0x0000022fd06d9990 code [0x0000022fd06d9b20, 0x0000022fd06d9f78]
Event: 1.030 Thread 0x0000022fdef3e550  512   !   3       java.lang.String::replace (258 bytes)
Event: 1.032 Thread 0x0000022fdef3e550 nmethod 512 0x0000022fc8c99e10 code [0x0000022fc8c9a2e0, 0x0000022fc8c9c608]
Event: 1.033 Thread 0x0000022fd9dc9690  513       4       java.util.HashSet::iterator (13 bytes)
Event: 1.033 Thread 0x0000022fdef3e550  516       3       java.util.regex.Pattern::isSupplementary (21 bytes)
Event: 1.033 Thread 0x0000022fdef3e550 nmethod 516 0x0000022fc8c9d590 code [0x0000022fc8c9d740, 0x0000022fc8c9d9b8]
Event: 1.035 Thread 0x0000022fdef3e550  518   !   3       java.lang.invoke.MemberName::getMethodType (211 bytes)
Event: 1.036 Thread 0x0000022fdef3e550 nmethod 518 0x0000022fc8c9da90 code [0x0000022fc8c9dd80, 0x0000022fc8c9f238]
Event: 1.039 Thread 0x0000022fdef3e550  519       3       java.util.regex.Pattern::peek (26 bytes)
Event: 1.040 Thread 0x0000022fdef3e550 nmethod 519 0x0000022fc8c9f810 code [0x0000022fc8c9f9c0, 0x0000022fc8c9fc28]
Event: 1.042 Thread 0x0000022fd9dc9690 nmethod 513 0x0000022fd06da510 code [0x0000022fd06da6c0, 0x0000022fd06dac18]
Event: 1.042 Thread 0x0000022fd9dc9690  520       4       java.util.HashMap$KeyIterator::next (8 bytes)
Event: 1.047 Thread 0x0000022fd9dc9690 nmethod 520 0x0000022fd06daf90 code [0x0000022fd06db120, 0x0000022fd06db398]
Event: 1.047 Thread 0x0000022fd9dc9690  514       4       java.util.HashMap::keySet (25 bytes)

GC Heap History (0 events):
No events

Dll operation events (8 events):
Event: 0.016 Loaded shared library c:\Users\vanes\.vscode\extensions\redhat.java-1.29.0-win32-x64\jre\17.0.10-win32-x86_64\bin\java.dll
Event: 0.379 Loaded shared library c:\Users\vanes\.vscode\extensions\redhat.java-1.29.0-win32-x64\jre\17.0.10-win32-x86_64\bin\zip.dll
Event: 0.386 Loaded shared library C:\Users\vanes\.vscode\extensions\redhat.java-1.29.0-win32-x64\jre\17.0.10-win32-x86_64\bin\instrument.dll
Event: 0.418 Loaded shared library C:\Users\vanes\.vscode\extensions\redhat.java-1.29.0-win32-x64\jre\17.0.10-win32-x86_64\bin\net.dll
Event: 0.421 Loaded shared library C:\Users\vanes\.vscode\extensions\redhat.java-1.29.0-win32-x64\jre\17.0.10-win32-x86_64\bin\nio.dll
Event: 0.436 Loaded shared library C:\Users\vanes\.vscode\extensions\redhat.java-1.29.0-win32-x64\jre\17.0.10-win32-x86_64\bin\zip.dll
Event: 0.475 Loaded shared library C:\Users\vanes\.vscode\extensions\redhat.java-1.29.0-win32-x64\jre\17.0.10-win32-x86_64\bin\jimage.dll
Event: 0.627 Loaded shared library c:\Users\vanes\.vscode\extensions\redhat.java-1.29.0-win32-x64\jre\17.0.10-win32-x86_64\bin\verify.dll

Deoptimization events (20 events):
Event: 0.992 Thread 0x0000022fc5f4e6d0 Uncommon trap: trap_request=0xffffffde fr.pc=0x0000022fd06d612c relative=0x000000000000010c
Event: 0.992 Thread 0x0000022fc5f4e6d0 Uncommon trap: reason=class_check action=maybe_recompile pc=0x0000022fd06d612c method=jdk.internal.misc.Unsafe.allocateUninitializedArray(Ljava/lang/Class;I)Ljava/lang/Object; @ 51 c2
Event: 0.992 Thread 0x0000022fc5f4e6d0 DEOPT PACKING pc=0x0000022fd06d612c sp=0x000000be4d6faaf0
Event: 0.992 Thread 0x0000022fc5f4e6d0 DEOPT UNPACKING pc=0x0000022fd0169ea3 sp=0x000000be4d6faa78 mode 2
Event: 0.992 Thread 0x0000022fc5f4e6d0 Uncommon trap: trap_request=0xffffffde fr.pc=0x0000022fd06d612c relative=0x000000000000010c
Event: 0.992 Thread 0x0000022fc5f4e6d0 Uncommon trap: reason=class_check action=maybe_recompile pc=0x0000022fd06d612c method=jdk.internal.misc.Unsafe.allocateUninitializedArray(Ljava/lang/Class;I)Ljava/lang/Object; @ 51 c2
Event: 0.992 Thread 0x0000022fc5f4e6d0 DEOPT PACKING pc=0x0000022fd06d612c sp=0x000000be4d6faaf0
Event: 0.992 Thread 0x0000022fc5f4e6d0 DEOPT UNPACKING pc=0x0000022fd0169ea3 sp=0x000000be4d6faa78 mode 2
Event: 0.992 Thread 0x0000022fc5f4e6d0 Uncommon trap: trap_request=0xffffffde fr.pc=0x0000022fd06d612c relative=0x000000000000010c
Event: 0.992 Thread 0x0000022fc5f4e6d0 Uncommon trap: reason=class_check action=maybe_recompile pc=0x0000022fd06d612c method=jdk.internal.misc.Unsafe.allocateUninitializedArray(Ljava/lang/Class;I)Ljava/lang/Object; @ 51 c2
Event: 0.992 Thread 0x0000022fc5f4e6d0 DEOPT PACKING pc=0x0000022fd06d612c sp=0x000000be4d6fab30
Event: 0.992 Thread 0x0000022fc5f4e6d0 DEOPT UNPACKING pc=0x0000022fd0169ea3 sp=0x000000be4d6faab8 mode 2
Event: 0.998 Thread 0x0000022fc5f4e6d0 Uncommon trap: trap_request=0xffffff45 fr.pc=0x0000022fd06c6e40 relative=0x00000000000000c0
Event: 0.998 Thread 0x0000022fc5f4e6d0 Uncommon trap: reason=unstable_if action=reinterpret pc=0x0000022fd06c6e40 method=java.net.URI.match(CJJ)Z @ 45 c2
Event: 0.998 Thread 0x0000022fc5f4e6d0 DEOPT PACKING pc=0x0000022fd06c6e40 sp=0x000000be4d6fc6a0
Event: 0.998 Thread 0x0000022fc5f4e6d0 DEOPT UNPACKING pc=0x0000022fd0169ea3 sp=0x000000be4d6fc628 mode 2
Event: 1.030 Thread 0x0000022fc5f4e6d0 Uncommon trap: trap_request=0xffffff45 fr.pc=0x0000022fd06d6dcc relative=0x00000000000005cc
Event: 1.030 Thread 0x0000022fc5f4e6d0 Uncommon trap: reason=unstable_if action=reinterpret pc=0x0000022fd06d6dcc method=java.lang.String.replace(Ljava/lang/CharSequence;Ljava/lang/CharSequence;)Ljava/lang/String; @ 48 c2
Event: 1.030 Thread 0x0000022fc5f4e6d0 DEOPT PACKING pc=0x0000022fd06d6dcc sp=0x000000be4d6fc620
Event: 1.030 Thread 0x0000022fc5f4e6d0 DEOPT UNPACKING pc=0x0000022fd0169ea3 sp=0x000000be4d6fc590 mode 2

Classes unloaded (0 events):
No events

Classes redefined (0 events):
No events

Internal exceptions (2 events):
Event: 0.341 Thread 0x0000022fc5f4e6d0 Exception <a 'java/lang/NoSuchMethodError'{0x00000000eacb4be8}: 'void java.lang.invoke.DirectMethodHandle$Holder.invokeStatic(java.lang.Object, java.lang.Object, java.lang.Object)'> (0x00000000eacb4be8) 
thrown [s\src\hotspot\share\interpreter\linkResolver.cpp, line 759]
Event: 0.720 Thread 0x0000022fc5f4e6d0 Exception <a 'java/lang/reflect/InvocationTargetException'{0x00000000eafe9668}> (0x00000000eafe9668) 
thrown [s\src\hotspot\share\runtime\reflection.cpp, line 1121]

VM Operations (4 events):
Event: 0.346 Executing VM operation: HandshakeAllThreads
Event: 0.346 Executing VM operation: HandshakeAllThreads done
Event: 0.533 Executing VM operation: HandshakeAllThreads
Event: 0.533 Executing VM operation: HandshakeAllThreads done

Events (20 events):
Event: 1.044 loading class java/time/chrono/ChronoLocalDate
Event: 1.044 loading class java/time/chrono/ChronoLocalDate done
Event: 1.045 loading class java/time/LocalDate done
Event: 1.045 loading class java/time/temporal/ChronoField
Event: 1.045 loading class java/time/temporal/TemporalField
Event: 1.045 loading class java/time/temporal/TemporalField done
Event: 1.045 loading class java/time/temporal/ChronoField done
Event: 1.045 loading class java/time/temporal/ChronoUnit
Event: 1.045 loading class java/time/temporal/TemporalUnit
Event: 1.045 loading class java/time/temporal/TemporalUnit done
Event: 1.045 loading class java/time/temporal/ChronoUnit done
Event: 1.045 loading class java/time/Duration
Event: 1.046 loading class java/time/temporal/TemporalAmount
Event: 1.046 loading class java/time/temporal/TemporalAmount done
Event: 1.046 loading class java/time/Duration done
Event: 1.046 loading class java/time/temporal/ValueRange
Event: 1.046 loading class java/time/temporal/ValueRange done
Event: 1.046 loading class java/time/LocalTime
Event: 1.047 loading class java/time/LocalTime done
Event: 1.047 loading class java/time/zone/ZoneOffsetTransition


Dynamic libraries:
0x00007ff66d220000 - 0x00007ff66d22e000 	c:\Users\vanes\.vscode\extensions\redhat.java-1.29.0-win32-x64\jre\17.0.10-win32-x86_64\bin\java.exe
0x00007ff9d9370000 - 0x00007ff9d9586000 	C:\WINDOWS\SYSTEM32\ntdll.dll
0x00007ff9d7d50000 - 0x00007ff9d7e14000 	C:\WINDOWS\System32\KERNEL32.DLL
0x00007ff9d6a60000 - 0x00007ff9d6e07000 	C:\WINDOWS\System32\KERNELBASE.dll
0x00007ff9d6940000 - 0x00007ff9d6a51000 	C:\WINDOWS\System32\ucrtbase.dll
0x00007ff9c1b90000 - 0x00007ff9c1ba7000 	c:\Users\vanes\.vscode\extensions\redhat.java-1.29.0-win32-x64\jre\17.0.10-win32-x86_64\bin\jli.dll
0x00007ff9d9110000 - 0x00007ff9d92be000 	C:\WINDOWS\System32\USER32.dll
0x00007ff9d6870000 - 0x00007ff9d6896000 	C:\WINDOWS\System32\win32u.dll
0x00007ff9d8fd0000 - 0x00007ff9d8ff9000 	C:\WINDOWS\System32\GDI32.dll
0x00007ff9d6e10000 - 0x00007ff9d6f29000 	C:\WINDOWS\System32\gdi32full.dll
0x00007ff9d68a0000 - 0x00007ff9d693a000 	C:\WINDOWS\System32\msvcp_win.dll
0x00007ff9c0790000 - 0x00007ff9c07ab000 	c:\Users\vanes\.vscode\extensions\redhat.java-1.29.0-win32-x64\jre\17.0.10-win32-x86_64\bin\VCRUNTIME140.dll
0x00007ff9c5be0000 - 0x00007ff9c5e73000 	C:\WINDOWS\WinSxS\amd64_microsoft.windows.common-controls_6595b64144ccf1df_6.0.22621.3235_none_270f74e173860f98\COMCTL32.dll
0x00007ff9d9000000 - 0x00007ff9d90a7000 	C:\WINDOWS\System32\msvcrt.dll
0x00007ff9d7a80000 - 0x00007ff9d7ab1000 	C:\WINDOWS\System32\IMM32.DLL
0x00007ff9c32e0000 - 0x00007ff9c32ec000 	c:\Users\vanes\.vscode\extensions\redhat.java-1.29.0-win32-x64\jre\17.0.10-win32-x86_64\bin\vcruntime140_1.dll
0x00007ff9c0630000 - 0x00007ff9c06bd000 	c:\Users\vanes\.vscode\extensions\redhat.java-1.29.0-win32-x64\jre\17.0.10-win32-x86_64\bin\msvcp140.dll
0x00007ff9bb9d0000 - 0x00007ff9bc632000 	c:\Users\vanes\.vscode\extensions\redhat.java-1.29.0-win32-x64\jre\17.0.10-win32-x86_64\bin\server\jvm.dll
0x00007ff9d70c0000 - 0x00007ff9d7172000 	C:\WINDOWS\System32\ADVAPI32.dll
0x00007ff9d8180000 - 0x00007ff9d8228000 	C:\WINDOWS\System32\sechost.dll
0x00007ff9d6f30000 - 0x00007ff9d6f58000 	C:\WINDOWS\System32\bcrypt.dll
0x00007ff9d7eb0000 - 0x00007ff9d7fc5000 	C:\WINDOWS\System32\RPCRT4.dll
0x00007ff9d6560000 - 0x00007ff9d65ad000 	C:\WINDOWS\SYSTEM32\POWRPROF.dll
0x00007ff9c55e0000 - 0x00007ff9c55e9000 	C:\WINDOWS\SYSTEM32\WSOCK32.dll
0x00007ff9d7a00000 - 0x00007ff9d7a71000 	C:\WINDOWS\System32\WS2_32.dll
0x00007ff9c8c50000 - 0x00007ff9c8c84000 	C:\WINDOWS\SYSTEM32\WINMM.dll
0x00007ff9ccf00000 - 0x00007ff9ccf0a000 	C:\WINDOWS\SYSTEM32\VERSION.dll
0x00007ff9d6540000 - 0x00007ff9d6553000 	C:\WINDOWS\SYSTEM32\UMPDC.dll
0x00007ff9d56d0000 - 0x00007ff9d56e8000 	C:\WINDOWS\SYSTEM32\kernel.appcore.dll
0x00007ff9c1fb0000 - 0x00007ff9c1fba000 	c:\Users\vanes\.vscode\extensions\redhat.java-1.29.0-win32-x64\jre\17.0.10-win32-x86_64\bin\jimage.dll
0x00007ff9d4010000 - 0x00007ff9d4243000 	C:\WINDOWS\SYSTEM32\DBGHELP.DLL
0x00007ff9d8a30000 - 0x00007ff9d8db8000 	C:\WINDOWS\System32\combase.dll
0x00007ff9d86f0000 - 0x00007ff9d87c7000 	C:\WINDOWS\System32\OLEAUT32.dll
0x00007ff9b11f0000 - 0x00007ff9b1222000 	C:\WINDOWS\SYSTEM32\dbgcore.DLL
0x00007ff9d7020000 - 0x00007ff9d7099000 	C:\WINDOWS\System32\bcryptPrimitives.dll
0x00007ff9c1e10000 - 0x00007ff9c1e1e000 	c:\Users\vanes\.vscode\extensions\redhat.java-1.29.0-win32-x64\jre\17.0.10-win32-x86_64\bin\instrument.dll
0x00007ff9c0760000 - 0x00007ff9c0785000 	c:\Users\vanes\.vscode\extensions\redhat.java-1.29.0-win32-x64\jre\17.0.10-win32-x86_64\bin\java.dll
0x00007ff9c0610000 - 0x00007ff9c0628000 	c:\Users\vanes\.vscode\extensions\redhat.java-1.29.0-win32-x64\jre\17.0.10-win32-x86_64\bin\zip.dll
0x00007ff9d7180000 - 0x00007ff9d79dc000 	C:\WINDOWS\System32\SHELL32.dll
0x00007ff9d45f0000 - 0x00007ff9d4ee9000 	C:\WINDOWS\SYSTEM32\windows.storage.dll
0x00007ff9d44b0000 - 0x00007ff9d45ee000 	C:\WINDOWS\SYSTEM32\wintypes.dll
0x00007ff9d7bd0000 - 0x00007ff9d7cc3000 	C:\WINDOWS\System32\SHCORE.dll
0x00007ff9d7b70000 - 0x00007ff9d7bce000 	C:\WINDOWS\System32\shlwapi.dll
0x00007ff9d65c0000 - 0x00007ff9d65e1000 	C:\WINDOWS\SYSTEM32\profapi.dll
0x00007ff9c05f0000 - 0x00007ff9c0609000 	C:\Users\vanes\.vscode\extensions\redhat.java-1.29.0-win32-x64\jre\17.0.10-win32-x86_64\bin\net.dll
0x00007ff9ce2a0000 - 0x00007ff9ce3d6000 	C:\WINDOWS\SYSTEM32\WINHTTP.dll
0x00007ff9d5b40000 - 0x00007ff9d5ba9000 	C:\WINDOWS\system32\mswsock.dll
0x00007ff9c05d0000 - 0x00007ff9c05e6000 	C:\Users\vanes\.vscode\extensions\redhat.java-1.29.0-win32-x64\jre\17.0.10-win32-x86_64\bin\nio.dll
0x00007ff9c0750000 - 0x00007ff9c0760000 	c:\Users\vanes\.vscode\extensions\redhat.java-1.29.0-win32-x64\jre\17.0.10-win32-x86_64\bin\verify.dll

dbghelp: loaded successfully - version: 4.0.5 - missing functions: none
symbol engine: initialized successfully - sym options: 0x614 - pdb path: .;c:\Users\vanes\.vscode\extensions\redhat.java-1.29.0-win32-x64\jre\17.0.10-win32-x86_64\bin;C:\WINDOWS\SYSTEM32;C:\WINDOWS\WinSxS\amd64_microsoft.windows.common-controls_6595b64144ccf1df_6.0.22621.3235_none_270f74e173860f98;c:\Users\vanes\.vscode\extensions\redhat.java-1.29.0-win32-x64\jre\17.0.10-win32-x86_64\bin\server

VM Arguments:
jvm_args: --add-modules=ALL-SYSTEM --add-opens=java.base/java.util=ALL-UNNAMED --add-opens=java.base/java.lang=ALL-UNNAMED --add-opens=java.base/sun.nio.fs=ALL-UNNAMED -Declipse.application=org.eclipse.jdt.ls.core.id1 -Dosgi.bundles.defaultStartLevel=4 -Declipse.product=org.eclipse.jdt.ls.core.product -Djava.import.generatesMetadataFilesAtProjectRoot=false -DDetectVMInstallationsJob.disabled=true -Dfile.encoding=utf8 -XX:+UseParallelGC -XX:GCTimeRatio=4 -XX:AdaptiveSizePolicyWeight=90 -Dsun.zip.disableMemoryMapping=true -Xmx1G -Xms100m -Xlog:disable -javaagent:c:\Users\vanes\.vscode\extensions\redhat.java-1.29.0-win32-x64\lombok\lombok-1.18.32.jar 
java_command: c:\Users\vanes\.vscode\extensions\redhat.java-1.29.0-win32-x64\server\plugins\org.eclipse.equinox.launcher_1.6.800.v20240304-1850.jar -configuration c:\Users\vanes\AppData\Roaming\Code\User\globalStorage\redhat.java\1.29.0\config_ss_win -data c:\Users\vanes\AppData\Roaming\Code\User\workspaceStorage\cddd3e9974fe382fe4c42c7b99216dd2\redhat.java\ss_ws --stdio
java_class_path (initial): c:\Users\vanes\.vscode\extensions\redhat.java-1.29.0-win32-x64\server\plugins\org.eclipse.equinox.launcher_1.6.800.v20240304-1850.jar
Launcher Type: SUN_STANDARD

[Global flags]
    uintx AdaptiveSizePolicyWeight                 = 90                                        {product} {command line}
     intx CICompilerCount                          = 3                                         {product} {ergonomic}
    uintx GCTimeRatio                              = 4                                         {product} {command line}
   size_t InitialHeapSize                          = 104857600                                 {product} {command line}
   size_t MaxHeapSize                              = 1073741824                                {product} {command line}
   size_t MaxNewSize                               = 357564416                                 {product} {ergonomic}
   size_t MinHeapDeltaBytes                        = 524288                                    {product} {ergonomic}
   size_t MinHeapSize                              = 104857600                                 {product} {command line}
   size_t NewSize                                  = 34603008                                  {product} {ergonomic}
    uintx NonNMethodCodeHeapSize                   = 5832780                                {pd product} {ergonomic}
    uintx NonProfiledCodeHeapSize                  = 122912730                              {pd product} {ergonomic}
   size_t OldSize                                  = 70254592                                  {product} {ergonomic}
    uintx ProfiledCodeHeapSize                     = 122912730                              {pd product} {ergonomic}
    uintx ReservedCodeCacheSize                    = 251658240                              {pd product} {ergonomic}
     bool SegmentedCodeCache                       = true                                      {product} {ergonomic}
   size_t SoftMaxHeapSize                          = 1073741824                             {manageable} {ergonomic}
     bool UseCompressedClassPointers               = true                           {product lp64_product} {ergonomic}
     bool UseCompressedOops                        = true                           {product lp64_product} {ergonomic}
     bool UseLargePagesIndividualAllocation        = false                                  {pd product} {ergonomic}
     bool UseParallelGC                            = true                                      {product} {command line}

Logging:
Log output configuration:
 #0: stdout all=off uptime,level,tags
 #1: stderr all=off uptime,level,tags

Environment Variables:
JAVA_HOME=C:\Program Files\Java\jdk-18.0.1
PATH=C:\Program Files\Common Files\Oracle\Java\javapath;C:\WINDOWS\system32;C:\WINDOWS;C:\WINDOWS\System32\Wbem;C:\WINDOWS\System32\WindowsPowerShell\v1.0\;C:\WINDOWS\System32\OpenSSH\;C:\Program Files\dotnet\;C:\Program Files\Java\jdk-18.0.1\bin;C:\Program Files (x86)\Git\cmd;C:\Program Files (x86)\nodejs\;C:\Software\gradle-7.6.4-all\gradle-7.6.4\bin;C:\Program Files\MySQL\MySQL Shell 8.0\bin\;C:\Users\vanes\AppData\Local\Microsoft\WindowsApps;;C:\Users\vanes\AppData\Local\Programs\Microsoft VS Code\bin;C:\Users\vanes\AppData\Roaming\npm
USERNAME=vanes
OS=Windows_NT
PROCESSOR_IDENTIFIER=Intel64 Family 6 Model 126 Stepping 5, GenuineIntel
TMP=C:\Users\vanes\AppData\Local\Temp
TEMP=C:\Users\vanes\AppData\Local\Temp



Periodic native trim disabled


---------------  S Y S T E M  ---------------

OS:
 Windows 11 , 64 bit Build 22621 (10.0.22621.3374)
OS uptime: 0 days 3:05 hours

CPU: total 4 (initial active 4) (2 cores per cpu, 2 threads per core) family 6 model 126 stepping 5 microcode 0xc2, cx8, cmov, fxsr, ht, mmx, 3dnowpref, sse, sse2, sse3, ssse3, sse4.1, sse4.2, popcnt, lzcnt, tsc, tscinvbit, avx, avx2, aes, erms, clmul, bmi1, bmi2, adx, avx512f, avx512dq, avx512cd, avx512bw, avx512vl, sha, fma, vzeroupper, avx512_vpopcntdq, avx512_vpclmulqdq, avx512_vaes, avx512_vnni, clflush, clflushopt, avx512_vbmi2, avx512_vbmi
Processor Information for all 4 processors :
  Max Mhz: 1190, Current Mhz: 1190, Mhz Limit: 1190

Memory: 4k page, system-wide physical 3862M (278M free)
TotalPageFile size 9597M (AvailPageFile size 2M)
current process WorkingSet (physical memory assigned to process): 48M, peak: 48M
current process commit charge ("private bytes"): 177M, peak: 177M

vm_info: OpenJDK 64-Bit Server VM (17.0.10+7) for windows-amd64 JRE (17.0.10+7), built on Jan 16 2024 23:25:11 by "admin" with MS VC++ 16.10 / 16.11 (VS2019)

END.
