#
# There is insufficient memory for the Java Runtime Environment to continue.
# Native memory allocation (malloc) failed to allocate 32744 bytes for ChunkPool::allocate
# Possible reasons:
#   The system is out of physical RAM or swap space
#   The process is running with CompressedOops enabled, and the Java Heap may be blocking the growth of the native heap
# Possible solutions:
#   Reduce memory load on the system
#   Increase physical memory or swap space
#   Check if swap backing store is full
#   Decrease Java heap size (-Xmx/-Xms)
#   Decrease number of Java threads
#   Decrease Java thread stack sizes (-Xss)
#   Set larger code cache with -XX:ReservedCodeCacheSize=
#   JVM is running with Unscaled Compressed Oops mode in which the Java heap is
#     placed in the first 4GB address space. The Java Heap base address is the
#     maximum limit for the native heap growth. Please use -XX:HeapBaseMinAddress
#     to set the Java Heap base and to place the Java Heap above 4GB virtual address.
# This output file may be truncated or incomplete.
#
#  Out of Memory Error (arena.cpp:79), pid=6156, tid=10676
#
# JRE version: OpenJDK Runtime Environment Temurin-17.0.10+7 (17.0.10+7) (build 17.0.10+7)
# Java VM: OpenJDK 64-Bit Server VM Temurin-17.0.10+7 (17.0.10+7, mixed mode, tiered, compressed oops, compressed class ptrs, parallel gc, windows-amd64)
# No core dump will be written. Minidumps are not enabled by default on client versions of Windows
#

---------------  S U M M A R Y ------------

Command Line: --add-modules=ALL-SYSTEM --add-opens=java.base/java.util=ALL-UNNAMED --add-opens=java.base/java.lang=ALL-UNNAMED --add-opens=java.base/sun.nio.fs=ALL-UNNAMED -Declipse.application=org.eclipse.jdt.ls.core.id1 -Dosgi.bundles.defaultStartLevel=4 -Declipse.product=org.eclipse.jdt.ls.core.product -Djava.import.generatesMetadataFilesAtProjectRoot=false -DDetectVMInstallationsJob.disabled=true -Dfile.encoding=utf8 -XX:+UseParallelGC -XX:GCTimeRatio=4 -XX:AdaptiveSizePolicyWeight=90 -Dsun.zip.disableMemoryMapping=true -Xmx1G -Xms100m -Xlog:disable -javaagent:c:\Users\vanes\.vscode\extensions\redhat.java-1.29.0-win32-x64\lombok\lombok-1.18.32.jar -XX:+HeapDumpOnOutOfMemoryError -XX:HeapDumpPath=c:\Users\vanes\AppData\Roaming\Code\User\workspaceStorage\41ddcc7846807a788a600f39604fc016\redhat.java -Daether.dependencyCollector.impl=bf c:\Users\vanes\.vscode\extensions\redhat.java-1.29.0-win32-x64\server\plugins\org.eclipse.equinox.launcher_1.6.800.v20240304-1850.jar -configuration c:\Users\vanes\AppData\Roaming\Code\User\globalStorage\redhat.java\1.29.0\config_win -data c:\Users\vanes\AppData\Roaming\Code\User\workspaceStorage\41ddcc7846807a788a600f39604fc016\redhat.java\jdt_ws --stdio

Host: Intel(R) Core(TM) i3-1005G1 CPU @ 1.20GHz, 4 cores, 3G,  Windows 11 , 64 bit Build 22621 (10.0.22621.3374)
Time: Fri Apr 12 19:47:48 2024 Hora oficial do Brasil elapsed time: 6.708730 seconds (0d 0h 0m 6s)

---------------  T H R E A D  ---------------

Current thread (0x0000026abd27cc70):  JavaThread "C1 CompilerThread0" daemon [_thread_in_native, id=10676, stack(0x000000a65b800000,0x000000a65b900000)]


Current CompileTask:
C1:   6708 3144       3       org.objectweb.asm.ClassReader::readCode (5117 bytes)

Stack: [0x000000a65b800000,0x000000a65b900000]
Native frames: (J=compiled Java code, j=interpreted, Vv=VM code, C=native code)
V  [jvm.dll+0x67d2c9]
V  [jvm.dll+0x834afa]
V  [jvm.dll+0x8365be]
V  [jvm.dll+0x836c23]
V  [jvm.dll+0x2477ff]
V  [jvm.dll+0xac711]
V  [jvm.dll+0xacb5c]
V  [jvm.dll+0x1779d3]
V  [jvm.dll+0x177a9d]
V  [jvm.dll+0x17a281]
V  [jvm.dll+0x17bda1]
V  [jvm.dll+0x136373]
V  [jvm.dll+0x135c7f]
V  [jvm.dll+0x135eb6]
V  [jvm.dll+0x13534a]
V  [jvm.dll+0x137001]
V  [jvm.dll+0x2290de]
V  [jvm.dll+0x2272ac]
V  [jvm.dll+0x7e9bb7]
V  [jvm.dll+0x7e3fba]
V  [jvm.dll+0x67c1b5]
C  [ucrtbase.dll+0x29333]
C  [KERNEL32.DLL+0x1257d]
C  [ntdll.dll+0x5aa48]


---------------  P R O C E S S  ---------------

Threads class SMR info:
_java_thread_list=0x0000026abda448c0, length=21, elements={
0x0000026aa419de30, 0x0000026ab7fdf010, 0x0000026ab7fe0370, 0x0000026ab800c340,
0x0000026ab800ce10, 0x0000026ab800d9d0, 0x0000026ab800e590, 0x0000026ab800f480,
0x0000026abd27cc70, 0x0000026ab802dac0, 0x0000026aa4201160, 0x0000026abd638070,
0x0000026abdb88400, 0x0000026abddf65f0, 0x0000026abddb47e0, 0x0000026abe35d7f0,
0x0000026abde2df70, 0x0000026abe2c38f0, 0x0000026abe3b96d0, 0x0000026abe3b8290,
0x0000026abe3b87a0
}

Java Threads: ( => current thread )
  0x0000026aa419de30 JavaThread "main" [_thread_blocked, id=10124, stack(0x000000a65ae00000,0x000000a65af00000)]
  0x0000026ab7fdf010 JavaThread "Reference Handler" daemon [_thread_blocked, id=10848, stack(0x000000a65b100000,0x000000a65b200000)]
  0x0000026ab7fe0370 JavaThread "Finalizer" daemon [_thread_blocked, id=12156, stack(0x000000a65b200000,0x000000a65b300000)]
  0x0000026ab800c340 JavaThread "Signal Dispatcher" daemon [_thread_blocked, id=7296, stack(0x000000a65b300000,0x000000a65b400000)]
  0x0000026ab800ce10 JavaThread "Attach Listener" daemon [_thread_blocked, id=14732, stack(0x000000a65b400000,0x000000a65b500000)]
  0x0000026ab800d9d0 JavaThread "Service Thread" daemon [_thread_blocked, id=7284, stack(0x000000a65b500000,0x000000a65b600000)]
  0x0000026ab800e590 JavaThread "Monitor Deflation Thread" daemon [_thread_blocked, id=8564, stack(0x000000a65b600000,0x000000a65b700000)]
  0x0000026ab800f480 JavaThread "C2 CompilerThread0" daemon [_thread_in_native, id=8736, stack(0x000000a65b700000,0x000000a65b800000)]
=>0x0000026abd27cc70 JavaThread "C1 CompilerThread0" daemon [_thread_in_native, id=10676, stack(0x000000a65b800000,0x000000a65b900000)]
  0x0000026ab802dac0 JavaThread "Sweeper thread" daemon [_thread_blocked, id=11444, stack(0x000000a65b900000,0x000000a65ba00000)]
  0x0000026aa4201160 JavaThread "Common-Cleaner" daemon [_thread_blocked, id=14516, stack(0x000000a65ba00000,0x000000a65bb00000)]
  0x0000026abd638070 JavaThread "Notification Thread" daemon [_thread_blocked, id=7652, stack(0x000000a65bb00000,0x000000a65bc00000)]
  0x0000026abdb88400 JavaThread "Active Thread: Equinox Container: 8db01831-8b7b-4882-b4c9-312a118caab9" [_thread_blocked, id=14244, stack(0x000000a65c000000,0x000000a65c100000)]
  0x0000026abddf65f0 JavaThread "Framework Event Dispatcher: Equinox Container: 8db01831-8b7b-4882-b4c9-312a118caab9" daemon [_thread_blocked, id=12348, stack(0x000000a65c100000,0x000000a65c200000)]
  0x0000026abddb47e0 JavaThread "Start Level: Equinox Container: 8db01831-8b7b-4882-b4c9-312a118caab9" daemon [_thread_in_vm, id=14544, stack(0x000000a65c200000,0x000000a65c300000)]
  0x0000026abe35d7f0 JavaThread "Bundle File Closer" daemon [_thread_blocked, id=11208, stack(0x000000a65c300000,0x000000a65c400000)]
  0x0000026abde2df70 JavaThread "SCR Component Actor" daemon [_thread_blocked, id=6876, stack(0x000000a65c400000,0x000000a65c500000)]
  0x0000026abe2c38f0 JavaThread "SCR Component Registry" daemon [_thread_blocked, id=3100, stack(0x000000a65c500000,0x000000a65c600000)]
  0x0000026abe3b96d0 JavaThread "Worker-JM" [_thread_blocked, id=12508, stack(0x000000a65c600000,0x000000a65c700000)]
  0x0000026abe3b8290 JavaThread "Worker-0: Checking project encoding" [_thread_blocked, id=12892, stack(0x000000a65c700000,0x000000a65c800000)]
  0x0000026abe3b87a0 JavaThread "Worker-1" [_thread_blocked, id=3044, stack(0x000000a65c800000,0x000000a65c900000)]

Other Threads:
  0x0000026ab7fc8750 VMThread "VM Thread" [stack: 0x000000a65b000000,0x000000a65b100000] [id=2124]
  0x0000026abd54d1e0 WatcherThread [stack: 0x000000a65bc00000,0x000000a65bd00000] [id=13676]
  0x0000026aa41b4bc0 GCTaskThread "GC Thread#0" [stack: 0x000000a65af00000,0x000000a65b000000] [id=8616]
  0x0000026abda2dcc0 GCTaskThread "GC Thread#1" [stack: 0x000000a65bd00000,0x000000a65be00000] [id=5960]
  0x0000026abd8cb700 GCTaskThread "GC Thread#2" [stack: 0x000000a65be00000,0x000000a65bf00000] [id=8456]
  0x0000026abd8cb9c0 GCTaskThread "GC Thread#3" [stack: 0x000000a65bf00000,0x000000a65c000000] [id=1040]

Threads with active compile tasks:
C2 CompilerThread0     6751 3153       4       org.objectweb.asm.ClassReader::readUTF8 (23 bytes)
C1 CompilerThread0     6751 3144       3       org.objectweb.asm.ClassReader::readCode (5117 bytes)

VM state: not at safepoint (normal execution)

VM Mutex/Monitor currently owned by a thread:  ([mutex/lock_event])
[0x0000026aa4198be0] Metaspace_lock - owner thread: 0x0000026abddb47e0

Heap address: 0x00000000c0000000, size: 1024 MB, Compressed Oops mode: 32-bit

CDS archive(s) not mapped
Compressed class space mapped at: 0x0000000100000000-0x0000000140000000, reserved size: 1073741824
Narrow klass base: 0x0000000000000000, Narrow klass shift: 3, Narrow klass range: 0x140000000

GC Precious Log:
 CPUs: 4 total, 4 available
 Memory: 3862M
 Large Page Support: Disabled
 NUMA Support: Disabled
 Compressed Oops: Enabled (32-bit)
 Alignments: Space 512K, Generation 512K, Heap 2M
 Heap Min Capacity: 100M
 Heap Initial Capacity: 100M
 Heap Max Capacity: 1G
 Pre-touch: Disabled
 Parallel Workers: 4

Heap:
 PSYoungGen      total 29696K, used 19875K [0x00000000eab00000, 0x00000000ece00000, 0x0000000100000000)
  eden space 25600K, 77% used [0x00000000eab00000,0x00000000ebe68d38,0x00000000ec400000)
  from space 4096K, 0% used [0x00000000ec400000,0x00000000ec400000,0x00000000ec800000)
  to   space 5120K, 0% used [0x00000000ec900000,0x00000000ec900000,0x00000000ece00000)
 ParOldGen       total 68608K, used 10555K [0x00000000c0000000, 0x00000000c4300000, 0x00000000eab00000)
  object space 68608K, 15% used [0x00000000c0000000,0x00000000c0a4efe8,0x00000000c4300000)
 Metaspace       used 23642K, committed 24128K, reserved 1114112K
  class space    used 2393K, committed 2560K, reserved 1048576K

Card table byte_map: [0x0000026aa3b40000,0x0000026aa3d50000] _byte_map_base: 0x0000026aa3540000

Marking Bits: (ParMarkBitMap*) 0x00007ffb479cd7d0
 Begin Bits: [0x0000026ab5e30000, 0x0000026ab6e30000)
 End Bits:   [0x0000026ab6e30000, 0x0000026ab7e30000)

Polling page: 0x0000026aa2090000

Metaspace:

Usage:
  Non-class:     20.75 MB used.
      Class:      2.34 MB used.
       Both:     23.09 MB used.

Virtual space:
  Non-class space:       64.00 MB reserved,      21.06 MB ( 33%) committed,  1 nodes.
      Class space:        1.00 GB reserved,       2.50 MB ( <1%) committed,  1 nodes.
             Both:        1.06 GB reserved,      23.56 MB (  2%) committed. 

Chunk freelists:
   Non-Class:  10.67 MB
       Class:  13.44 MB
        Both:  24.11 MB

MaxMetaspaceSize: unlimited
CompressedClassSpaceSize: 1.00 GB
Initial GC threshold: 21.00 MB
Current GC threshold: 35.00 MB
CDS: off
MetaspaceReclaimPolicy: balanced
 - commit_granule_bytes: 65536.
 - commit_granule_words: 8192.
 - virtual_space_node_default_size: 8388608.
 - enlarge_chunks_in_place: 1.
 - new_chunks_are_fully_committed: 0.
 - uncommit_free_chunks: 1.
 - use_allocation_guard: 0.
 - handle_deallocations: 1.


Internal statistics:

num_allocs_failed_limit: 3.
num_arena_births: 284.
num_arena_deaths: 0.
num_vsnodes_births: 2.
num_vsnodes_deaths: 0.
num_space_committed: 377.
num_space_uncommitted: 0.
num_chunks_returned_to_freelist: 3.
num_chunks_taken_from_freelist: 855.
num_chunk_merges: 0.
num_chunk_splits: 553.
num_chunks_enlarged: 396.
num_inconsistent_stats: 0.

CodeHeap 'non-profiled nmethods': size=120000Kb used=1207Kb max_used=1207Kb free=118792Kb
 bounds [0x0000026aae900000, 0x0000026aaeb70000, 0x0000026ab5e30000]
CodeHeap 'profiled nmethods': size=120000Kb used=6457Kb max_used=6457Kb free=113542Kb
 bounds [0x0000026aa6e30000, 0x0000026aa7480000, 0x0000026aae360000]
CodeHeap 'non-nmethods': size=5760Kb used=1201Kb max_used=1217Kb free=4558Kb
 bounds [0x0000026aae360000, 0x0000026aae5d0000, 0x0000026aae900000]
 total_blobs=3631 nmethods=3141 adapters=403
 compilation: enabled
              stopped_count=0, restarted_count=0
 full_count=0

Compilation events (20 events):
Event: 6.678 Thread 0x0000026abd27cc70 nmethod 3136 0x0000026aa7475990 code [0x0000026aa7475be0, 0x0000026aa7476308]
Event: 6.678 Thread 0x0000026abd27cc70 3137       3       org.objectweb.asm.Frame::getAbstractTypeFromDescriptor (462 bytes)
Event: 6.679 Thread 0x0000026ab800f480 nmethod 3132 0x0000026aaea2c290 code [0x0000026aaea2c420, 0x0000026aaea2c638]
Event: 6.679 Thread 0x0000026ab800f480 3133       4       org.objectweb.asm.ClassReader::readInt (52 bytes)
Event: 6.680 Thread 0x0000026ab800f480 nmethod 3133 0x0000026aaea2c890 code [0x0000026aaea2ca00, 0x0000026aaea2caf8]
Event: 6.681 Thread 0x0000026abd27cc70 nmethod 3137 0x0000026aa7476710 code [0x0000026aa7476c20, 0x0000026aa74793b8]
Event: 6.681 Thread 0x0000026abd27cc70 3141       3       org.objectweb.asm.Type::getReturnTypeOffset (64 bytes)
Event: 6.682 Thread 0x0000026abd27cc70 nmethod 3141 0x0000026aa747a110 code [0x0000026aa747a440, 0x0000026aa747b818]
Event: 6.682 Thread 0x0000026abd27cc70 3140       3       org.objectweb.asm.MethodWriter::visitVarInsn (302 bytes)
Event: 6.683 Thread 0x0000026abd27cc70 nmethod 3140 0x0000026aa747bf90 code [0x0000026aa747c1e0, 0x0000026aa747cbc8]
Event: 6.683 Thread 0x0000026abd27cc70 3138       3       org.objectweb.asm.tree.Util::add (27 bytes)
Event: 6.684 Thread 0x0000026abd27cc70 nmethod 3138 0x0000026aa747ce90 code [0x0000026aa747d040, 0x0000026aa747d2d8]
Event: 6.684 Thread 0x0000026abd27cc70 3139       3       org.objectweb.asm.Type::getType (10 bytes)
Event: 6.684 Thread 0x0000026abd27cc70 nmethod 3139 0x0000026aa747d410 code [0x0000026aa747d5c0, 0x0000026aa747d7e8]
Event: 6.684 Thread 0x0000026abd27cc70 3142       1       org.objectweb.asm.tree.InsnList::getLast (5 bytes)
Event: 6.684 Thread 0x0000026abd27cc70 nmethod 3142 0x0000026aaea2cc10 code [0x0000026aaea2cda0, 0x0000026aaea2ce78]
Event: 6.689 Thread 0x0000026abd27cc70 3143       3       org.objectweb.asm.tree.Util::asArrayList (57 bytes)
Event: 6.691 Thread 0x0000026abd27cc70 nmethod 3143 0x0000026aa747d910 code [0x0000026aa747db20, 0x0000026aa747e338]
Event: 6.691 Thread 0x0000026abd27cc70 3144       3       org.objectweb.asm.ClassReader::readCode (5117 bytes)
Event: 6.695 Thread 0x0000026ab800f480 3152       4       org.objectweb.asm.ClassReader::readUtf (44 bytes)

GC Heap History (12 events):
Event: 2.144 GC heap before
{Heap before GC invocations=1 (full 0):
 PSYoungGen      total 29696K, used 25600K [0x00000000eab00000, 0x00000000ecc00000, 0x0000000100000000)
  eden space 25600K, 100% used [0x00000000eab00000,0x00000000ec400000,0x00000000ec400000)
  from space 4096K, 0% used [0x00000000ec800000,0x00000000ec800000,0x00000000ecc00000)
  to   space 4096K, 0% used [0x00000000ec400000,0x00000000ec400000,0x00000000ec800000)
 ParOldGen       total 68608K, used 0K [0x00000000c0000000, 0x00000000c4300000, 0x00000000eab00000)
  object space 68608K, 0% used [0x00000000c0000000,0x00000000c0000000,0x00000000c4300000)
 Metaspace       used 11005K, committed 11200K, reserved 1114112K
  class space    used 1098K, committed 1216K, reserved 1048576K
}
Event: 2.159 GC heap after
{Heap after GC invocations=1 (full 0):
 PSYoungGen      total 29696K, used 3156K [0x00000000eab00000, 0x00000000ecc00000, 0x0000000100000000)
  eden space 25600K, 0% used [0x00000000eab00000,0x00000000eab00000,0x00000000ec400000)
  from space 4096K, 77% used [0x00000000ec400000,0x00000000ec715278,0x00000000ec800000)
  to   space 4096K, 0% used [0x00000000ec800000,0x00000000ec800000,0x00000000ecc00000)
 ParOldGen       total 68608K, used 0K [0x00000000c0000000, 0x00000000c4300000, 0x00000000eab00000)
  object space 68608K, 0% used [0x00000000c0000000,0x00000000c0000000,0x00000000c4300000)
 Metaspace       used 11005K, committed 11200K, reserved 1114112K
  class space    used 1098K, committed 1216K, reserved 1048576K
}
Event: 3.188 GC heap before
{Heap before GC invocations=2 (full 0):
 PSYoungGen      total 29696K, used 28756K [0x00000000eab00000, 0x00000000ecc00000, 0x0000000100000000)
  eden space 25600K, 100% used [0x00000000eab00000,0x00000000ec400000,0x00000000ec400000)
  from space 4096K, 77% used [0x00000000ec400000,0x00000000ec715278,0x00000000ec800000)
  to   space 4096K, 0% used [0x00000000ec800000,0x00000000ec800000,0x00000000ecc00000)
 ParOldGen       total 68608K, used 0K [0x00000000c0000000, 0x00000000c4300000, 0x00000000eab00000)
  object space 68608K, 0% used [0x00000000c0000000,0x00000000c0000000,0x00000000c4300000)
 Metaspace       used 14526K, committed 14720K, reserved 1114112K
  class space    used 1453K, committed 1600K, reserved 1048576K
}
Event: 3.194 GC heap after
{Heap after GC invocations=2 (full 0):
 PSYoungGen      total 29696K, used 4084K [0x00000000eab00000, 0x00000000ecc00000, 0x0000000100000000)
  eden space 25600K, 0% used [0x00000000eab00000,0x00000000eab00000,0x00000000ec400000)
  from space 4096K, 99% used [0x00000000ec800000,0x00000000ecbfd278,0x00000000ecc00000)
  to   space 4096K, 0% used [0x00000000ec400000,0x00000000ec400000,0x00000000ec800000)
 ParOldGen       total 68608K, used 1446K [0x00000000c0000000, 0x00000000c4300000, 0x00000000eab00000)
  object space 68608K, 2% used [0x00000000c0000000,0x00000000c0169b58,0x00000000c4300000)
 Metaspace       used 14526K, committed 14720K, reserved 1114112K
  class space    used 1453K, committed 1600K, reserved 1048576K
}
Event: 4.277 GC heap before
{Heap before GC invocations=3 (full 0):
 PSYoungGen      total 29696K, used 29684K [0x00000000eab00000, 0x00000000ecc00000, 0x0000000100000000)
  eden space 25600K, 100% used [0x00000000eab00000,0x00000000ec400000,0x00000000ec400000)
  from space 4096K, 99% used [0x00000000ec800000,0x00000000ecbfd278,0x00000000ecc00000)
  to   space 4096K, 0% used [0x00000000ec400000,0x00000000ec400000,0x00000000ec800000)
 ParOldGen       total 68608K, used 1446K [0x00000000c0000000, 0x00000000c4300000, 0x00000000eab00000)
  object space 68608K, 2% used [0x00000000c0000000,0x00000000c0169b58,0x00000000c4300000)
 Metaspace       used 16058K, committed 16320K, reserved 1114112K
  class space    used 1609K, committed 1728K, reserved 1048576K
}
Event: 4.285 GC heap after
{Heap after GC invocations=3 (full 0):
 PSYoungGen      total 29696K, used 4079K [0x00000000eab00000, 0x00000000ecc00000, 0x0000000100000000)
  eden space 25600K, 0% used [0x00000000eab00000,0x00000000eab00000,0x00000000ec400000)
  from space 4096K, 99% used [0x00000000ec400000,0x00000000ec7fbee0,0x00000000ec800000)
  to   space 4096K, 0% used [0x00000000ec800000,0x00000000ec800000,0x00000000ecc00000)
 ParOldGen       total 68608K, used 5283K [0x00000000c0000000, 0x00000000c4300000, 0x00000000eab00000)
  object space 68608K, 7% used [0x00000000c0000000,0x00000000c0528dc8,0x00000000c4300000)
 Metaspace       used 16058K, committed 16320K, reserved 1114112K
  class space    used 1609K, committed 1728K, reserved 1048576K
}
Event: 5.914 GC heap before
{Heap before GC invocations=4 (full 0):
 PSYoungGen      total 29696K, used 29679K [0x00000000eab00000, 0x00000000ecc00000, 0x0000000100000000)
  eden space 25600K, 100% used [0x00000000eab00000,0x00000000ec400000,0x00000000ec400000)
  from space 4096K, 99% used [0x00000000ec400000,0x00000000ec7fbee0,0x00000000ec800000)
  to   space 4096K, 0% used [0x00000000ec800000,0x00000000ec800000,0x00000000ecc00000)
 ParOldGen       total 68608K, used 5283K [0x00000000c0000000, 0x00000000c4300000, 0x00000000eab00000)
  object space 68608K, 7% used [0x00000000c0000000,0x00000000c0528dc8,0x00000000c4300000)
 Metaspace       used 19613K, committed 19968K, reserved 1114112K
  class space    used 1975K, committed 2112K, reserved 1048576K
}
Event: 5.922 GC heap after
{Heap after GC invocations=4 (full 0):
 PSYoungGen      total 29696K, used 4095K [0x00000000eab00000, 0x00000000ecc00000, 0x0000000100000000)
  eden space 25600K, 0% used [0x00000000eab00000,0x00000000eab00000,0x00000000ec400000)
  from space 4096K, 99% used [0x00000000ec800000,0x00000000ecbffd60,0x00000000ecc00000)
  to   space 4096K, 0% used [0x00000000ec400000,0x00000000ec400000,0x00000000ec800000)
 ParOldGen       total 68608K, used 6378K [0x00000000c0000000, 0x00000000c4300000, 0x00000000eab00000)
  object space 68608K, 9% used [0x00000000c0000000,0x00000000c063a9a8,0x00000000c4300000)
 Metaspace       used 19613K, committed 19968K, reserved 1114112K
  class space    used 1975K, committed 2112K, reserved 1048576K
}
Event: 6.139 GC heap before
{Heap before GC invocations=5 (full 0):
 PSYoungGen      total 29696K, used 12030K [0x00000000eab00000, 0x00000000ecc00000, 0x0000000100000000)
  eden space 25600K, 30% used [0x00000000eab00000,0x00000000eb2bfe28,0x00000000ec400000)
  from space 4096K, 99% used [0x00000000ec800000,0x00000000ecbffd60,0x00000000ecc00000)
  to   space 4096K, 0% used [0x00000000ec400000,0x00000000ec400000,0x00000000ec800000)
 ParOldGen       total 68608K, used 6378K [0x00000000c0000000, 0x00000000c4300000, 0x00000000eab00000)
  object space 68608K, 9% used [0x00000000c0000000,0x00000000c063a9a8,0x00000000c4300000)
 Metaspace       used 21062K, committed 21504K, reserved 1114112K
  class space    used 2116K, committed 2304K, reserved 1048576K
}
Event: 6.143 GC heap after
{Heap after GC invocations=5 (full 0):
 PSYoungGen      total 29696K, used 4093K [0x00000000eab00000, 0x00000000ece00000, 0x0000000100000000)
  eden space 25600K, 0% used [0x00000000eab00000,0x00000000eab00000,0x00000000ec400000)
  from space 4096K, 99% used [0x00000000ec400000,0x00000000ec7ff760,0x00000000ec800000)
  to   space 5120K, 0% used [0x00000000ec900000,0x00000000ec900000,0x00000000ece00000)
 ParOldGen       total 68608K, used 6763K [0x00000000c0000000, 0x00000000c4300000, 0x00000000eab00000)
  object space 68608K, 9% used [0x00000000c0000000,0x00000000c069acb0,0x00000000c4300000)
 Metaspace       used 21062K, committed 21504K, reserved 1114112K
  class space    used 2116K, committed 2304K, reserved 1048576K
}
Event: 6.143 GC heap before
{Heap before GC invocations=6 (full 1):
 PSYoungGen      total 29696K, used 4093K [0x00000000eab00000, 0x00000000ece00000, 0x0000000100000000)
  eden space 25600K, 0% used [0x00000000eab00000,0x00000000eab00000,0x00000000ec400000)
  from space 4096K, 99% used [0x00000000ec400000,0x00000000ec7ff760,0x00000000ec800000)
  to   space 5120K, 0% used [0x00000000ec900000,0x00000000ec900000,0x00000000ece00000)
 ParOldGen       total 68608K, used 6763K [0x00000000c0000000, 0x00000000c4300000, 0x00000000eab00000)
  object space 68608K, 9% used [0x00000000c0000000,0x00000000c069acb0,0x00000000c4300000)
 Metaspace       used 21062K, committed 21504K, reserved 1114112K
  class space    used 2116K, committed 2304K, reserved 1048576K
}
Event: 6.180 GC heap after
{Heap after GC invocations=6 (full 1):
 PSYoungGen      total 29696K, used 0K [0x00000000eab00000, 0x00000000ece00000, 0x0000000100000000)
  eden space 25600K, 0% used [0x00000000eab00000,0x00000000eab00000,0x00000000ec400000)
  from space 4096K, 0% used [0x00000000ec400000,0x00000000ec400000,0x00000000ec800000)
  to   space 5120K, 0% used [0x00000000ec900000,0x00000000ec900000,0x00000000ece00000)
 ParOldGen       total 68608K, used 10555K [0x00000000c0000000, 0x00000000c4300000, 0x00000000eab00000)
  object space 68608K, 15% used [0x00000000c0000000,0x00000000c0a4efe8,0x00000000c4300000)
 Metaspace       used 21062K, committed 21504K, reserved 1114112K
  class space    used 2116K, committed 2304K, reserved 1048576K
}

Dll operation events (9 events):
Event: 0.029 Loaded shared library c:\Users\vanes\.vscode\extensions\redhat.java-1.29.0-win32-x64\jre\17.0.10-win32-x86_64\bin\java.dll
Event: 0.383 Loaded shared library c:\Users\vanes\.vscode\extensions\redhat.java-1.29.0-win32-x64\jre\17.0.10-win32-x86_64\bin\zip.dll
Event: 0.388 Loaded shared library C:\Users\vanes\.vscode\extensions\redhat.java-1.29.0-win32-x64\jre\17.0.10-win32-x86_64\bin\instrument.dll
Event: 0.401 Loaded shared library C:\Users\vanes\.vscode\extensions\redhat.java-1.29.0-win32-x64\jre\17.0.10-win32-x86_64\bin\net.dll
Event: 0.403 Loaded shared library C:\Users\vanes\.vscode\extensions\redhat.java-1.29.0-win32-x64\jre\17.0.10-win32-x86_64\bin\nio.dll
Event: 0.409 Loaded shared library C:\Users\vanes\.vscode\extensions\redhat.java-1.29.0-win32-x64\jre\17.0.10-win32-x86_64\bin\zip.dll
Event: 0.424 Loaded shared library C:\Users\vanes\.vscode\extensions\redhat.java-1.29.0-win32-x64\jre\17.0.10-win32-x86_64\bin\jimage.dll
Event: 0.484 Loaded shared library c:\Users\vanes\.vscode\extensions\redhat.java-1.29.0-win32-x64\jre\17.0.10-win32-x86_64\bin\verify.dll
Event: 3.075 Loaded shared library C:\Users\vanes\AppData\Roaming\Code\User\globalStorage\redhat.java\1.29.0\config_win\org.eclipse.equinox.launcher\org.eclipse.equinox.launcher.win32.win32.x86_64_1.2.900.v20240213-1244\eclipse_11900.dll

Deoptimization events (20 events):
Event: 6.430 Thread 0x0000026abddb47e0 Uncommon trap: trap_request=0xffffffde fr.pc=0x0000026aaea22fac relative=0x000000000000010c
Event: 6.430 Thread 0x0000026abddb47e0 Uncommon trap: reason=class_check action=maybe_recompile pc=0x0000026aaea22fac method=jdk.internal.misc.Unsafe.allocateUninitializedArray(Ljava/lang/Class;I)Ljava/lang/Object; @ 51 c2
Event: 6.430 Thread 0x0000026abddb47e0 DEOPT PACKING pc=0x0000026aaea22fac sp=0x000000a65c2f30c0
Event: 6.430 Thread 0x0000026abddb47e0 DEOPT UNPACKING pc=0x0000026aae3b9ea3 sp=0x000000a65c2f3048 mode 2
Event: 6.431 Thread 0x0000026abddb47e0 Uncommon trap: trap_request=0xffffffde fr.pc=0x0000026aaea22fac relative=0x000000000000010c
Event: 6.431 Thread 0x0000026abddb47e0 Uncommon trap: reason=class_check action=maybe_recompile pc=0x0000026aaea22fac method=jdk.internal.misc.Unsafe.allocateUninitializedArray(Ljava/lang/Class;I)Ljava/lang/Object; @ 51 c2
Event: 6.431 Thread 0x0000026abddb47e0 DEOPT PACKING pc=0x0000026aaea22fac sp=0x000000a65c2f62d0
Event: 6.431 Thread 0x0000026abddb47e0 DEOPT UNPACKING pc=0x0000026aae3b9ea3 sp=0x000000a65c2f6258 mode 2
Event: 6.432 Thread 0x0000026abddb47e0 Uncommon trap: trap_request=0xffffffde fr.pc=0x0000026aaea22fac relative=0x000000000000010c
Event: 6.432 Thread 0x0000026abddb47e0 Uncommon trap: reason=class_check action=maybe_recompile pc=0x0000026aaea22fac method=jdk.internal.misc.Unsafe.allocateUninitializedArray(Ljava/lang/Class;I)Ljava/lang/Object; @ 51 c2
Event: 6.432 Thread 0x0000026abddb47e0 DEOPT PACKING pc=0x0000026aaea22fac sp=0x000000a65c2f61b0
Event: 6.432 Thread 0x0000026abddb47e0 DEOPT UNPACKING pc=0x0000026aae3b9ea3 sp=0x000000a65c2f6138 mode 2
Event: 6.432 Thread 0x0000026abddb47e0 Uncommon trap: trap_request=0xffffffde fr.pc=0x0000026aaea22fac relative=0x000000000000010c
Event: 6.432 Thread 0x0000026abddb47e0 Uncommon trap: reason=class_check action=maybe_recompile pc=0x0000026aaea22fac method=jdk.internal.misc.Unsafe.allocateUninitializedArray(Ljava/lang/Class;I)Ljava/lang/Object; @ 51 c2
Event: 6.432 Thread 0x0000026abddb47e0 DEOPT PACKING pc=0x0000026aaea22fac sp=0x000000a65c2f61b0
Event: 6.432 Thread 0x0000026abddb47e0 DEOPT UNPACKING pc=0x0000026aae3b9ea3 sp=0x000000a65c2f6138 mode 2
Event: 6.669 Thread 0x0000026abddb47e0 Uncommon trap: trap_request=0xffffff45 fr.pc=0x0000026aaea0fc3c relative=0x000000000000021c
Event: 6.669 Thread 0x0000026abddb47e0 Uncommon trap: reason=unstable_if action=reinterpret pc=0x0000026aaea0fc3c method=java.util.WeakHashMap.expungeStaleEntries()V @ 9 c2
Event: 6.669 Thread 0x0000026abddb47e0 DEOPT PACKING pc=0x0000026aaea0fc3c sp=0x000000a65c2f3ba0
Event: 6.669 Thread 0x0000026abddb47e0 DEOPT UNPACKING pc=0x0000026aae3b9ea3 sp=0x000000a65c2f3b38 mode 2

Classes unloaded (0 events):
No events

Classes redefined (0 events):
No events

Internal exceptions (20 events):
Event: 6.189 Thread 0x0000026abddb47e0 Exception <a 'java/lang/NoSuchMethodError'{0x00000000eab51f68}: 'void java.lang.invoke.DelegatingMethodHandle$Holder.delegate(java.lang.Object, java.lang.Object, int, java.lang.Object)'> (0x00000000eab51f68) 
thrown [s\src\hotspot\share\interpreter\linkResolver.cpp, line 759]
Event: 6.190 Thread 0x0000026abddb47e0 Exception <a 'java/lang/NoSuchMethodError'{0x00000000eab56350}: 'int java.lang.invoke.DirectMethodHandle$Holder.invokeSpecial(java.lang.Object, java.lang.Object, java.lang.Object)'> (0x00000000eab56350) 
thrown [s\src\hotspot\share\interpreter\linkResolver.cpp, line 759]
Event: 6.191 Thread 0x0000026abddb47e0 Exception <a 'java/lang/NoSuchMethodError'{0x00000000eab66fe0}: 'int java.lang.invoke.DirectMethodHandle$Holder.invokeStatic(java.lang.Object, java.lang.Object, int)'> (0x00000000eab66fe0) 
thrown [s\src\hotspot\share\interpreter\linkResolver.cpp, line 759]
Event: 6.192 Thread 0x0000026abddb47e0 Exception <a 'java/lang/NoSuchMethodError'{0x00000000eab6b090}: 'int java.lang.invoke.DirectMethodHandle$Holder.invokeSpecial(java.lang.Object, java.lang.Object, java.lang.Object, int)'> (0x00000000eab6b090) 
thrown [s\src\hotspot\share\interpreter\linkResolver.cpp, line 759]
Event: 6.194 Thread 0x0000026abddb47e0 Exception <a 'java/lang/NoSuchMethodError'{0x00000000eab86398}: 'java.lang.Object java.lang.invoke.DirectMethodHandle$Holder.invokeStatic(java.lang.Object, java.lang.Object, java.lang.Object, java.lang.Object, int)'> (0x00000000eab86398) 
thrown [s\src\hotspot\share\interpreter\linkResolver.cpp, line 759]
Event: 6.195 Thread 0x0000026abddb47e0 Exception <a 'java/lang/NoSuchMethodError'{0x00000000eab92678}: 'java.lang.Object java.lang.invoke.DelegatingMethodHandle$Holder.reinvoke_L(java.lang.Object, java.lang.Object, java.lang.Object, java.lang.Object, int, int)'> (0x00000000eab92678) 
thrown [s\src\hotspot\share\interpreter\linkResolver.cpp, line 759]
Event: 6.197 Thread 0x0000026abddb47e0 Exception <a 'java/lang/NoSuchMethodError'{0x00000000eaba6a98}: 'java.lang.Object java.lang.invoke.Invokers$Holder.invokeExact_MT(java.lang.Object, java.lang.Object, java.lang.Object, java.lang.Object)'> (0x00000000eaba6a98) 
thrown [s\src\hotspot\share\interpreter\linkResolver.cpp, line 759]
Event: 6.282 Thread 0x0000026abddb47e0 Exception <a 'java/io/FileNotFoundException'{0x00000000eae2ecf0}> (0x00000000eae2ecf0) 
thrown [s\src\hotspot\share\prims\jni.cpp, line 516]
Event: 6.287 Thread 0x0000026abddb47e0 Exception <a 'java/io/FileNotFoundException'{0x00000000eae364f8}> (0x00000000eae364f8) 
thrown [s\src\hotspot\share\prims\jni.cpp, line 516]
Event: 6.348 Thread 0x0000026abddb47e0 Exception <a 'java/lang/NoSuchMethodError'{0x00000000eb050118}: 'java.lang.Object java.lang.invoke.DirectMethodHandle$Holder.newInvokeSpecial(java.lang.Object, java.lang.Object, java.lang.Object, java.lang.Object, java.lang.Object)'> (0x00000000eb050118) 
thrown [s\src\hotspot\share\interpreter\linkResolver.cpp, line 759]
Event: 6.375 Thread 0x0000026abddb47e0 Exception <a 'java/lang/NoSuchMethodError'{0x00000000eb15d648}: 'java.lang.Object java.lang.invoke.DirectMethodHandle$Holder.invokeSpecial(java.lang.Object, java.lang.Object, java.lang.Object, long, java.lang.Object)'> (0x00000000eb15d648) 
thrown [s\src\hotspot\share\interpreter\linkResolver.cpp, line 759]
Event: 6.376 Thread 0x0000026abddb47e0 Exception <a 'java/lang/NoSuchMethodError'{0x00000000eb165800}: 'java.lang.Object java.lang.invoke.DirectMethodHandle$Holder.newInvokeSpecial(java.lang.Object, java.lang.Object, java.lang.Object, long)'> (0x00000000eb165800) 
thrown [s\src\hotspot\share\interpreter\linkResolver.cpp, line 759]
Event: 6.377 Thread 0x0000026abddb47e0 Exception <a 'java/lang/NoSuchMethodError'{0x00000000eb169da0}: 'java.lang.Object java.lang.invoke.DirectMethodHandle$Holder.invokeSpecial(java.lang.Object, java.lang.Object, java.lang.Object, java.lang.Object, long)'> (0x00000000eb169da0) 
thrown [s\src\hotspot\share\interpreter\linkResolver.cpp, line 759]
Event: 6.377 Thread 0x0000026abddb47e0 Exception <a 'java/lang/NoSuchMethodError'{0x00000000eb16dc18}: 'java.lang.Object java.lang.invoke.Invokers$Holder.linkToTargetMethod(java.lang.Object, java.lang.Object, long, java.lang.Object)'> (0x00000000eb16dc18) 
thrown [s\src\hotspot\share\interpreter\linkResolver.cpp, line 759]
Event: 6.393 Thread 0x0000026abddb47e0 Exception <a 'java/lang/NoSuchMethodError'{0x00000000eb200d48}: 'int java.lang.invoke.DirectMethodHandle$Holder.invokeStaticInit(java.lang.Object, java.lang.Object, java.lang.Object)'> (0x00000000eb200d48) 
thrown [s\src\hotspot\share\interpreter\linkResolver.cpp, line 759]
Event: 6.415 Thread 0x0000026abddb47e0 Exception <a 'java/lang/IncompatibleClassChangeError'{0x00000000eb2cbca0}: Found class java.lang.Object, but interface was expected> (0x00000000eb2cbca0) 
thrown [s\src\hotspot\share\interpreter\linkResolver.cpp, line 826]
Event: 6.416 Thread 0x0000026abddb47e0 Exception <a 'java/lang/NoSuchMethodError'{0x00000000eb2cf9c8}: 'java.lang.Object java.lang.invoke.DirectMethodHandle$Holder.invokeSpecial(java.lang.Object, java.lang.Object, java.lang.Object, int, java.lang.Object, java.lang.Object)'> (0x00000000eb2cf9c8) 
thrown [s\src\hotspot\share\interpreter\linkResolver.cpp, line 759]
Event: 6.417 Thread 0x0000026abddb47e0 Exception <a 'java/lang/NoSuchMethodError'{0x00000000eb2d80c0}: 'java.lang.Object java.lang.invoke.DirectMethodHandle$Holder.newInvokeSpecial(java.lang.Object, java.lang.Object, java.lang.Object, int, java.lang.Object)'> (0x00000000eb2d80c0) 
thrown [s\src\hotspot\share\interpreter\linkResolver.cpp, line 759]
Event: 6.418 Thread 0x0000026abddb47e0 Exception <a 'java/lang/NoSuchMethodError'{0x00000000eb2dc518}: 'java.lang.Object java.lang.invoke.DirectMethodHandle$Holder.invokeSpecial(java.lang.Object, java.lang.Object, java.lang.Object, java.lang.Object, int, java.lang.Object)'> (0x00000000eb2dc518) 
thrown [s\src\hotspot\share\interpreter\linkResolver.cpp, line 759]
Event: 6.420 Thread 0x0000026abe3b8290 Exception <a 'java/lang/NoSuchMethodError'{0x00000000eb1de410}: 'java.lang.Object java.lang.invoke.DirectMethodHandle$Holder.invokeSpecial(java.lang.Object, java.lang.Object, int, java.lang.Object, java.lang.Object)'> (0x00000000eb1de410) 
thrown [s\src\hotspot\share\interpreter\linkResolver.cpp, line 759]

VM Operations (20 events):
Event: 4.351 Executing VM operation: HandshakeAllThreads
Event: 4.351 Executing VM operation: HandshakeAllThreads done
Event: 5.355 Executing VM operation: Cleanup
Event: 5.356 Executing VM operation: Cleanup done
Event: 5.914 Executing VM operation: ParallelGCFailedAllocation
Event: 5.923 Executing VM operation: ParallelGCFailedAllocation done
Event: 6.139 Executing VM operation: CollectForMetadataAllocation
Event: 6.181 Executing VM operation: CollectForMetadataAllocation done
Event: 6.183 Executing VM operation: HandshakeAllThreads
Event: 6.183 Executing VM operation: HandshakeAllThreads done
Event: 6.316 Executing VM operation: HandshakeAllThreads
Event: 6.316 Executing VM operation: HandshakeAllThreads done
Event: 6.441 Executing VM operation: HandshakeAllThreads
Event: 6.441 Executing VM operation: HandshakeAllThreads done
Event: 6.524 Executing VM operation: HandshakeAllThreads
Event: 6.524 Executing VM operation: HandshakeAllThreads done
Event: 6.579 Executing VM operation: HandshakeAllThreads
Event: 6.579 Executing VM operation: HandshakeAllThreads done
Event: 6.595 Executing VM operation: HandshakeAllThreads
Event: 6.595 Executing VM operation: HandshakeAllThreads done

Events (20 events):
Event: 6.446 loading class java/lang/invoke/VarHandleLongs$FieldInstanceReadOnly done
Event: 6.446 loading class java/lang/invoke/VarHandleLongs$FieldInstanceReadWrite done
Event: 6.446 loading class java/util/concurrent/atomic/Striped64$1
Event: 6.446 loading class java/util/concurrent/atomic/Striped64$1 done
Event: 6.522 loading class sun/net/www/protocol/jrt/JavaRuntimeURLConnection
Event: 6.523 loading class sun/net/www/protocol/jrt/JavaRuntimeURLConnection done
Event: 6.523 loading class sun/net/www/protocol/jrt/JavaRuntimeURLConnection$1
Event: 6.523 loading class sun/net/www/protocol/jrt/JavaRuntimeURLConnection$1 done
Event: 6.549 loading class java/util/function/UnaryOperator
Event: 6.549 loading class java/util/function/UnaryOperator done
Event: 6.551 loading class java/util/ServiceConfigurationError
Event: 6.551 loading class java/util/ServiceConfigurationError done
Event: 6.573 loading class java/lang/InheritableThreadLocal
Event: 6.573 loading class java/lang/InheritableThreadLocal done
Event: 6.612 loading class java/util/concurrent/CancellationException
Event: 6.612 loading class java/util/concurrent/CancellationException done
Event: 6.620 loading class java/lang/StrictMath
Event: 6.620 loading class java/lang/StrictMath done
Event: 6.665 loading class java/security/AccessControlException
Event: 6.665 loading class java/security/AccessControlException done


Dynamic libraries:
0x00007ff6096f0000 - 0x00007ff6096fe000 	c:\Users\vanes\.vscode\extensions\redhat.java-1.29.0-win32-x64\jre\17.0.10-win32-x86_64\bin\java.exe
0x00007ffba6e70000 - 0x00007ffba7086000 	C:\WINDOWS\SYSTEM32\ntdll.dll
0x00007ffba5aa0000 - 0x00007ffba5b64000 	C:\WINDOWS\System32\KERNEL32.DLL
0x00007ffba4700000 - 0x00007ffba4aa7000 	C:\WINDOWS\System32\KERNELBASE.dll
0x00007ffba41c0000 - 0x00007ffba42d1000 	C:\WINDOWS\System32\ucrtbase.dll
0x00007ffb70300000 - 0x00007ffb70317000 	c:\Users\vanes\.vscode\extensions\redhat.java-1.29.0-win32-x64\jre\17.0.10-win32-x86_64\bin\jli.dll
0x00007ffba6ba0000 - 0x00007ffba6d4e000 	C:\WINDOWS\System32\USER32.dll
0x00007ffba4610000 - 0x00007ffba4636000 	C:\WINDOWS\System32\win32u.dll
0x00007ffba5030000 - 0x00007ffba5059000 	C:\WINDOWS\System32\GDI32.dll
0x00007ffba44f0000 - 0x00007ffba4609000 	C:\WINDOWS\System32\gdi32full.dll
0x00007ffba4450000 - 0x00007ffba44ea000 	C:\WINDOWS\System32\msvcp_win.dll
0x00007ffb689d0000 - 0x00007ffb689eb000 	c:\Users\vanes\.vscode\extensions\redhat.java-1.29.0-win32-x64\jre\17.0.10-win32-x86_64\bin\VCRUNTIME140.dll
0x00007ffb91bb0000 - 0x00007ffb91e43000 	C:\WINDOWS\WinSxS\amd64_microsoft.windows.common-controls_6595b64144ccf1df_6.0.22621.3235_none_270f74e173860f98\COMCTL32.dll
0x00007ffba5d20000 - 0x00007ffba5dc7000 	C:\WINDOWS\System32\msvcrt.dll
0x00007ffba51b0000 - 0x00007ffba51e1000 	C:\WINDOWS\System32\IMM32.DLL
0x00007ffb97460000 - 0x00007ffb9746c000 	c:\Users\vanes\.vscode\extensions\redhat.java-1.29.0-win32-x64\jre\17.0.10-win32-x86_64\bin\vcruntime140_1.dll
0x00007ffb50b30000 - 0x00007ffb50bbd000 	c:\Users\vanes\.vscode\extensions\redhat.java-1.29.0-win32-x64\jre\17.0.10-win32-x86_64\bin\msvcp140.dll
0x00007ffb46e30000 - 0x00007ffb47a92000 	c:\Users\vanes\.vscode\extensions\redhat.java-1.29.0-win32-x64\jre\17.0.10-win32-x86_64\bin\server\jvm.dll
0x00007ffba59e0000 - 0x00007ffba5a92000 	C:\WINDOWS\System32\ADVAPI32.dll
0x00007ffba6860000 - 0x00007ffba6908000 	C:\WINDOWS\System32\sechost.dll
0x00007ffba4190000 - 0x00007ffba41b8000 	C:\WINDOWS\System32\bcrypt.dll
0x00007ffba5710000 - 0x00007ffba5825000 	C:\WINDOWS\System32\RPCRT4.dll
0x00007ffba4060000 - 0x00007ffba40ad000 	C:\WINDOWS\SYSTEM32\POWRPROF.dll
0x00007ffb738d0000 - 0x00007ffb738d9000 	C:\WINDOWS\SYSTEM32\WSOCK32.dll
0x00007ffba5130000 - 0x00007ffba51a1000 	C:\WINDOWS\System32\WS2_32.dll
0x00007ffb9b360000 - 0x00007ffb9b394000 	C:\WINDOWS\SYSTEM32\WINMM.dll
0x00007ffb9adb0000 - 0x00007ffb9adba000 	C:\WINDOWS\SYSTEM32\VERSION.dll
0x00007ffba4040000 - 0x00007ffba4053000 	C:\WINDOWS\SYSTEM32\UMPDC.dll
0x00007ffba31d0000 - 0x00007ffba31e8000 	C:\WINDOWS\SYSTEM32\kernel.appcore.dll
0x00007ffb96790000 - 0x00007ffb9679a000 	c:\Users\vanes\.vscode\extensions\redhat.java-1.29.0-win32-x64\jre\17.0.10-win32-x86_64\bin\jimage.dll
0x00007ffba1b10000 - 0x00007ffba1d43000 	C:\WINDOWS\SYSTEM32\DBGHELP.DLL
0x00007ffba5380000 - 0x00007ffba5708000 	C:\WINDOWS\System32\combase.dll
0x00007ffba6d50000 - 0x00007ffba6e27000 	C:\WINDOWS\System32\OLEAUT32.dll
0x00007ffb7c720000 - 0x00007ffb7c752000 	C:\WINDOWS\SYSTEM32\dbgcore.DLL
0x00007ffba4ab0000 - 0x00007ffba4b29000 	C:\WINDOWS\System32\bcryptPrimitives.dll
0x00007ffb96700000 - 0x00007ffb9670e000 	c:\Users\vanes\.vscode\extensions\redhat.java-1.29.0-win32-x64\jre\17.0.10-win32-x86_64\bin\instrument.dll
0x00007ffb661e0000 - 0x00007ffb66205000 	c:\Users\vanes\.vscode\extensions\redhat.java-1.29.0-win32-x64\jre\17.0.10-win32-x86_64\bin\java.dll
0x00007ffb658d0000 - 0x00007ffb658e8000 	c:\Users\vanes\.vscode\extensions\redhat.java-1.29.0-win32-x64\jre\17.0.10-win32-x86_64\bin\zip.dll
0x00007ffba5e80000 - 0x00007ffba66dc000 	C:\WINDOWS\System32\SHELL32.dll
0x00007ffba20f0000 - 0x00007ffba29e9000 	C:\WINDOWS\SYSTEM32\windows.storage.dll
0x00007ffba1fb0000 - 0x00007ffba20ee000 	C:\WINDOWS\SYSTEM32\wintypes.dll
0x00007ffba5280000 - 0x00007ffba5373000 	C:\WINDOWS\System32\SHCORE.dll
0x00007ffba6ad0000 - 0x00007ffba6b2e000 	C:\WINDOWS\System32\shlwapi.dll
0x00007ffba40c0000 - 0x00007ffba40e1000 	C:\WINDOWS\SYSTEM32\profapi.dll
0x00007ffb62990000 - 0x00007ffb629a9000 	C:\Users\vanes\.vscode\extensions\redhat.java-1.29.0-win32-x64\jre\17.0.10-win32-x86_64\bin\net.dll
0x00007ffb9aa30000 - 0x00007ffb9ab66000 	C:\WINDOWS\SYSTEM32\WINHTTP.dll
0x00007ffba3640000 - 0x00007ffba36a9000 	C:\WINDOWS\system32\mswsock.dll
0x00007ffb62970000 - 0x00007ffb62986000 	C:\Users\vanes\.vscode\extensions\redhat.java-1.29.0-win32-x64\jre\17.0.10-win32-x86_64\bin\nio.dll
0x00007ffb95ac0000 - 0x00007ffb95ad0000 	c:\Users\vanes\.vscode\extensions\redhat.java-1.29.0-win32-x64\jre\17.0.10-win32-x86_64\bin\verify.dll
0x00007ffb5c180000 - 0x00007ffb5c1be000 	C:\Users\vanes\AppData\Roaming\Code\User\globalStorage\redhat.java\1.29.0\config_win\org.eclipse.equinox.launcher\org.eclipse.equinox.launcher.win32.win32.x86_64_1.2.900.v20240213-1244\eclipse_11900.dll
0x00007ffba5830000 - 0x00007ffba59d5000 	C:\WINDOWS\System32\ole32.dll

dbghelp: loaded successfully - version: 4.0.5 - missing functions: none
symbol engine: initialized successfully - sym options: 0x614 - pdb path: .;c:\Users\vanes\.vscode\extensions\redhat.java-1.29.0-win32-x64\jre\17.0.10-win32-x86_64\bin;C:\WINDOWS\SYSTEM32;C:\WINDOWS\WinSxS\amd64_microsoft.windows.common-controls_6595b64144ccf1df_6.0.22621.3235_none_270f74e173860f98;c:\Users\vanes\.vscode\extensions\redhat.java-1.29.0-win32-x64\jre\17.0.10-win32-x86_64\bin\server;C:\Users\vanes\AppData\Roaming\Code\User\globalStorage\redhat.java\1.29.0\config_win\org.eclipse.equinox.launcher\org.eclipse.equinox.launcher.win32.win32.x86_64_1.2.900.v20240213-1244

VM Arguments:
jvm_args: --add-modules=ALL-SYSTEM --add-opens=java.base/java.util=ALL-UNNAMED --add-opens=java.base/java.lang=ALL-UNNAMED --add-opens=java.base/sun.nio.fs=ALL-UNNAMED -Declipse.application=org.eclipse.jdt.ls.core.id1 -Dosgi.bundles.defaultStartLevel=4 -Declipse.product=org.eclipse.jdt.ls.core.product -Djava.import.generatesMetadataFilesAtProjectRoot=false -DDetectVMInstallationsJob.disabled=true -Dfile.encoding=utf8 -XX:+UseParallelGC -XX:GCTimeRatio=4 -XX:AdaptiveSizePolicyWeight=90 -Dsun.zip.disableMemoryMapping=true -Xmx1G -Xms100m -Xlog:disable -javaagent:c:\Users\vanes\.vscode\extensions\redhat.java-1.29.0-win32-x64\lombok\lombok-1.18.32.jar -XX:+HeapDumpOnOutOfMemoryError -XX:HeapDumpPath=c:\Users\vanes\AppData\Roaming\Code\User\workspaceStorage\41ddcc7846807a788a600f39604fc016\redhat.java -Daether.dependencyCollector.impl=bf 
java_command: c:\Users\vanes\.vscode\extensions\redhat.java-1.29.0-win32-x64\server\plugins\org.eclipse.equinox.launcher_1.6.800.v20240304-1850.jar -configuration c:\Users\vanes\AppData\Roaming\Code\User\globalStorage\redhat.java\1.29.0\config_win -data c:\Users\vanes\AppData\Roaming\Code\User\workspaceStorage\41ddcc7846807a788a600f39604fc016\redhat.java\jdt_ws --stdio
java_class_path (initial): c:\Users\vanes\.vscode\extensions\redhat.java-1.29.0-win32-x64\server\plugins\org.eclipse.equinox.launcher_1.6.800.v20240304-1850.jar
Launcher Type: SUN_STANDARD

[Global flags]
    uintx AdaptiveSizePolicyWeight                 = 90                                        {product} {command line}
     intx CICompilerCount                          = 3                                         {product} {ergonomic}
    uintx GCTimeRatio                              = 4                                         {product} {command line}
     bool HeapDumpOnOutOfMemoryError               = true                                   {manageable} {command line}
    ccstr HeapDumpPath                             = c:\Users\vanes\AppData\Roaming\Code\User\workspaceStorage\41ddcc7846807a788a600f39604fc016\redhat.java         {manageable} {command line}
   size_t InitialHeapSize                          = 104857600                                 {product} {command line}
   size_t MaxHeapSize                              = 1073741824                                {product} {command line}
   size_t MaxNewSize                               = 357564416                                 {product} {ergonomic}
   size_t MinHeapDeltaBytes                        = 524288                                    {product} {ergonomic}
   size_t MinHeapSize                              = 104857600                                 {product} {command line}
   size_t NewSize                                  = 34603008                                  {product} {ergonomic}
    uintx NonNMethodCodeHeapSize                   = 5832780                                {pd product} {ergonomic}
    uintx NonProfiledCodeHeapSize                  = 122912730                              {pd product} {ergonomic}
   size_t OldSize                                  = 70254592                                  {product} {ergonomic}
    uintx ProfiledCodeHeapSize                     = 122912730                              {pd product} {ergonomic}
    uintx ReservedCodeCacheSize                    = 251658240                              {pd product} {ergonomic}
     bool SegmentedCodeCache                       = true                                      {product} {ergonomic}
   size_t SoftMaxHeapSize                          = 1073741824                             {manageable} {ergonomic}
     bool UseCompressedClassPointers               = true                           {product lp64_product} {ergonomic}
     bool UseCompressedOops                        = true                           {product lp64_product} {ergonomic}
     bool UseLargePagesIndividualAllocation        = false                                  {pd product} {ergonomic}
     bool UseParallelGC                            = true                                      {product} {command line}

Logging:
Log output configuration:
 #0: stdout all=off uptime,level,tags
 #1: stderr all=off uptime,level,tags

Environment Variables:
JAVA_HOME=C:\Program Files\Java\jdk-18.0.1
PATH=C:\Program Files\Common Files\Oracle\Java\javapath;C:\WINDOWS\system32;C:\WINDOWS;C:\WINDOWS\System32\Wbem;C:\WINDOWS\System32\WindowsPowerShell\v1.0\;C:\WINDOWS\System32\OpenSSH\;C:\Program Files\dotnet\;C:\Program Files\Java\jdk-18.0.1\bin;C:\Program Files (x86)\Git\cmd;C:\Program Files (x86)\nodejs\;C:\Software\gradle-7.6.4-all\gradle-7.6.4\bin;C:\Program Files\MySQL\MySQL Shell 8.0\bin\;C:\Users\vanes\AppData\Local\Microsoft\WindowsApps;;C:\Users\vanes\AppData\Local\Programs\Microsoft VS Code\bin;C:\Users\vanes\AppData\Roaming\npm
USERNAME=vanes
OS=Windows_NT
PROCESSOR_IDENTIFIER=Intel64 Family 6 Model 126 Stepping 5, GenuineIntel
TMP=C:\Users\vanes\AppData\Local\Temp
TEMP=C:\Users\vanes\AppData\Local\Temp



Periodic native trim disabled


---------------  S Y S T E M  ---------------

OS:
 Windows 11 , 64 bit Build 22621 (10.0.22621.3374)
OS uptime: 0 days 3:21 hours

CPU: total 4 (initial active 4) (2 cores per cpu, 2 threads per core) family 6 model 126 stepping 5 microcode 0xc2, cx8, cmov, fxsr, ht, mmx, 3dnowpref, sse, sse2, sse3, ssse3, sse4.1, sse4.2, popcnt, lzcnt, tsc, tscinvbit, avx, avx2, aes, erms, clmul, bmi1, bmi2, adx, avx512f, avx512dq, avx512cd, avx512bw, avx512vl, sha, fma, vzeroupper, avx512_vpopcntdq, avx512_vpclmulqdq, avx512_vaes, avx512_vnni, clflush, clflushopt, avx512_vbmi2, avx512_vbmi
Processor Information for processor 0
  Max Mhz: 1190, Current Mhz: 991, Mhz Limit: 1190
Processor Information for processor 1
  Max Mhz: 1190, Current Mhz: 1190, Mhz Limit: 1190
Processor Information for processor 2
  Max Mhz: 1190, Current Mhz: 991, Mhz Limit: 1190
Processor Information for processor 3
  Max Mhz: 1190, Current Mhz: 991, Mhz Limit: 1190

Memory: 4k page, system-wide physical 3862M (201M free)
TotalPageFile size 9173M (AvailPageFile size 0M)
current process WorkingSet (physical memory assigned to process): 121M, peak: 121M
current process commit charge ("private bytes"): 212M, peak: 212M

vm_info: OpenJDK 64-Bit Server VM (17.0.10+7) for windows-amd64 JRE (17.0.10+7), built on Jan 16 2024 23:25:11 by "admin" with MS VC++ 16.10 / 16.11 (VS2019)

END.
