#
# There is insufficient memory for the Java Runtime Environment to continue.
# Native memory allocation (malloc) failed to allocate 778992 bytes for Chunk::new
# Possible reasons:
#   The system is out of physical RAM or swap space
#   The process is running with CompressedOops enabled, and the Java Heap may be blocking the growth of the native heap
# Possible solutions:
#   Reduce memory load on the system
#   Increase physical memory or swap space
#   Check if swap backing store is full
#   Decrease Java heap size (-Xmx/-Xms)
#   Decrease number of Java threads
#   Decrease Java thread stack sizes (-Xss)
#   Set larger code cache with -XX:ReservedCodeCacheSize=
#   JVM is running with Unscaled Compressed Oops mode in which the Java heap is
#     placed in the first 4GB address space. The Java Heap base address is the
#     maximum limit for the native heap growth. Please use -XX:HeapBaseMinAddress
#     to set the Java Heap base and to place the Java Heap above 4GB virtual address.
# This output file may be truncated or incomplete.
#
#  Out of Memory Error (arena.cpp:184), pid=16260, tid=16588
#
# JRE version: Java(TM) SE Runtime Environment (18.0.1+10) (build 18.0.1+10-24)
# Java VM: Java HotSpot(TM) 64-Bit Server VM (18.0.1+10-24, mixed mode, sharing, tiered, compressed oops, compressed class ptrs, g1 gc, windows-amd64)
# No core dump will be written. Minidumps are not enabled by default on client versions of Windows
#

---------------  S U M M A R Y ------------

Command Line: -Dfile.encoding=utf8 c:\Users\vanes\.vscode\extensions\vscjava.vscode-gradle-3.13.5\lib\gradle-language-server.jar

Host: Intel(R) Core(TM) i3-1005G1 CPU @ 1.20GHz, 4 cores, 3G,  Windows 11 , 64 bit Build 22621 (10.0.22621.3374)
Time: Fri Apr 12 23:32:09 2024 Hora oficial do Brasil elapsed time: 8.944278 seconds (0d 0h 0m 8s)

---------------  T H R E A D  ---------------

Current thread (0x0000026dec790bc0):  JavaThread "C2 CompilerThread0" daemon [_thread_in_native, id=16588, stack(0x0000008981000000,0x0000008981100000)]


Current CompileTask:
C2:   8944 1732 %     4       java.util.zip.ZipFile$Source::initCEN @ 240 (591 bytes)

Stack: [0x0000008981000000,0x0000008981100000]
Native frames: (J=compiled Java code, j=interpreted, Vv=VM code, C=native code)
V  [jvm.dll+0x69887a]
V  [jvm.dll+0x7f38bd]
V  [jvm.dll+0x7f51ce]
V  [jvm.dll+0x7f5883]
V  [jvm.dll+0x25ca3f]
V  [jvm.dll+0xb8c2f]
V  [jvm.dll+0xb8fa5]
V  [jvm.dll+0x385a6b]
V  [jvm.dll+0x34f811]
V  [jvm.dll+0x34ecaa]
V  [jvm.dll+0x22fc21]
V  [jvm.dll+0x22eff1]
V  [jvm.dll+0x1b9cfc]
V  [jvm.dll+0x23e8ca]
V  [jvm.dll+0x23cbb5]
V  [jvm.dll+0x7a5fb1]
V  [jvm.dll+0x7a03ea]
V  [jvm.dll+0x697725]
C  [ucrtbase.dll+0x29333]
C  [KERNEL32.DLL+0x1257d]
C  [ntdll.dll+0x5aa48]


---------------  P R O C E S S  ---------------

Threads class SMR info:
_java_thread_list=0x0000026df0fd64b0, length=13, elements={
0x0000026dcf740bf0, 0x0000026dcf7425a0, 0x0000026dcf75b010, 0x0000026dcf75b8c0,
0x0000026dcf75e270, 0x0000026dec78dfd0, 0x0000026dec790bc0, 0x0000026dec7914b0,
0x0000026dec803010, 0x0000026df0c5ea70, 0x0000026df0c61fd0, 0x0000026df0fb7840,
0x0000026dcf6a1f50
}

Java Threads: ( => current thread )
  0x0000026dcf740bf0 JavaThread "Reference Handler" daemon [_thread_blocked, id=16028, stack(0x0000008980a00000,0x0000008980b00000)]
  0x0000026dcf7425a0 JavaThread "Finalizer" daemon [_thread_blocked, id=13680, stack(0x0000008980b00000,0x0000008980c00000)]
  0x0000026dcf75b010 JavaThread "Signal Dispatcher" daemon [_thread_blocked, id=16544, stack(0x0000008980c00000,0x0000008980d00000)]
  0x0000026dcf75b8c0 JavaThread "Attach Listener" daemon [_thread_blocked, id=16548, stack(0x0000008980d00000,0x0000008980e00000)]
  0x0000026dcf75e270 JavaThread "Service Thread" daemon [_thread_blocked, id=16560, stack(0x0000008980e00000,0x0000008980f00000)]
  0x0000026dec78dfd0 JavaThread "Monitor Deflation Thread" daemon [_thread_blocked, id=16584, stack(0x0000008980f00000,0x0000008981000000)]
=>0x0000026dec790bc0 JavaThread "C2 CompilerThread0" daemon [_thread_in_native, id=16588, stack(0x0000008981000000,0x0000008981100000)]
  0x0000026dec7914b0 JavaThread "C1 CompilerThread0" daemon [_thread_blocked, id=588, stack(0x0000008981100000,0x0000008981200000)]
  0x0000026dec803010 JavaThread "Sweeper thread" daemon [_thread_blocked, id=14108, stack(0x0000008981200000,0x0000008981300000)]
  0x0000026df0c5ea70 JavaThread "Notification Thread" daemon [_thread_blocked, id=15236, stack(0x0000008981300000,0x0000008981400000)]
  0x0000026df0c61fd0 JavaThread "Common-Cleaner" daemon [_thread_blocked, id=14360, stack(0x0000008981500000,0x0000008981600000)]
  0x0000026df0fb7840 JavaThread "pool-1-thread-1" [_thread_in_Java, id=13536, stack(0x0000008981900000,0x0000008981a00000)]
  0x0000026dcf6a1f50 JavaThread "DestroyJavaVM" [_thread_blocked, id=9892, stack(0x0000008980300000,0x0000008980400000)]

Other Threads:
  0x0000026dcf73b8b0 VMThread "VM Thread" [stack: 0x0000008980900000,0x0000008980a00000] [id=9764]
  0x0000026df0c5fb60 WatcherThread "VM Periodic Task Thread" [stack: 0x0000008981400000,0x0000008981500000] [id=14712]
  0x0000026dcf6e27d0 WorkerThread "GC Thread#0" [stack: 0x0000008980400000,0x0000008980500000] [id=17232]
  0x0000026df10c2410 WorkerThread "GC Thread#1" [stack: 0x0000008981600000,0x0000008981700000] [id=16716]
  0x0000026df11642d0 WorkerThread "GC Thread#2" [stack: 0x0000008981700000,0x0000008981800000] [id=13544]
  0x0000026df1164570 WorkerThread "GC Thread#3" [stack: 0x0000008981800000,0x0000008981900000] [id=14992]
  0x0000026dcf6eafc0 ConcurrentGCThread "G1 Main Marker" [stack: 0x0000008980500000,0x0000008980600000] [id=12444]
  0x0000026dcf6ec9c0 WorkerThread "G1 Conc#0" [stack: 0x0000008980600000,0x0000008980700000] [id=8052]
  0x0000026dcf7139d0 ConcurrentGCThread "G1 Refine#0" [stack: 0x0000008980700000,0x0000008980800000] [id=12580]
  0x0000026dcf7142e0 ConcurrentGCThread "G1 Service" [stack: 0x0000008980800000,0x0000008980900000] [id=12464]

Threads with active compile tasks:
C2 CompilerThread0     8978 1732 %     4       java.util.zip.ZipFile$Source::initCEN @ 240 (591 bytes)

VM state: not at safepoint (normal execution)

VM Mutex/Monitor currently owned by a thread: None

Heap address: 0x00000000c3a00000, size: 966 MB, Compressed Oops mode: 32-bit

CDS archive(s) mapped at: [0x0000000800000000-0x0000000800ba0000-0x0000000800ba0000), size 12189696, SharedBaseAddress: 0x0000000800000000, ArchiveRelocationMode: 0.
Compressed class space mapped at: 0x0000000800c00000-0x0000000840c00000, reserved size: 1073741824
Narrow klass base: 0x0000000800000000, Narrow klass shift: 0, Narrow klass range: 0x100000000

GC Precious Log:
 CardTable entry size: 512
 Card Set container configuration: InlinePtr #cards 5 size 8 Array Of Cards #cards 12 size 40 Howl #buckets 4 coarsen threshold 1843 Howl Bitmap #cards 512 size 80 coarsen threshold 460 Card regions per heap region 1 cards per card region 2048
 CPUs: 4 total, 4 available
 Memory: 3862M
 Large Page Support: Disabled
 NUMA Support: Disabled
 Compressed Oops: Enabled (32-bit)
 Heap Region Size: 1M
 Heap Min Capacity: 8M
 Heap Initial Capacity: 62M
 Heap Max Capacity: 966M
 Pre-touch: Disabled
 Parallel Workers: 4
 Concurrent Workers: 1
 Concurrent Refinement Workers: 4
 Periodic GC: Disabled

Heap:
 garbage-first heap   total 63488K, used 24580K [0x00000000c3a00000, 0x0000000100000000)
  region size 1024K, 17 young (17408K), 2 survivors (2048K)
 Metaspace       used 9085K, committed 9280K, reserved 1114112K
  class space    used 922K, committed 1024K, reserved 1048576K

Heap Regions: E=young(eden), S=young(survivor), O=old, HS=humongous(starts), HC=humongous(continues), CS=collection set, F=free, OA=open archive, CA=closed archive, TAMS=top-at-mark-start (previous, next)
|   0|0x00000000c3a00000, 0x00000000c3b00000, 0x00000000c3b00000|100%|HS|  |TAMS 0x00000000c3a00000, 0x00000000c3a00000| Complete 
|   1|0x00000000c3b00000, 0x00000000c3c00000, 0x00000000c3c00000|100%| O|  |TAMS 0x00000000c3b00000, 0x00000000c3b00000| Untracked 
|   2|0x00000000c3c00000, 0x00000000c3d00000, 0x00000000c3d00000|100%| O|  |TAMS 0x00000000c3c00000, 0x00000000c3c00000| Untracked 
|   3|0x00000000c3d00000, 0x00000000c3e00000, 0x00000000c3e00000|100%| O|  |TAMS 0x00000000c3d00000, 0x00000000c3d00000| Untracked 
|   4|0x00000000c3e00000, 0x00000000c3e8b800, 0x00000000c3f00000| 54%| O|  |TAMS 0x00000000c3e00000, 0x00000000c3e00000| Untracked 
|   5|0x00000000c3f00000, 0x00000000c4000000, 0x00000000c4000000|100%|HS|  |TAMS 0x00000000c3f00000, 0x00000000c3f00000| Complete 
|   6|0x00000000c4000000, 0x00000000c4100000, 0x00000000c4100000|100%|HC|  |TAMS 0x00000000c4000000, 0x00000000c4000000| Complete 
|   7|0x00000000c4100000, 0x00000000c4200000, 0x00000000c4200000|100%|HC|  |TAMS 0x00000000c4100000, 0x00000000c4100000| Complete 
|   8|0x00000000c4200000, 0x00000000c4300000, 0x00000000c4300000|100%|HC|  |TAMS 0x00000000c4200000, 0x00000000c4200000| Complete 
|   9|0x00000000c4300000, 0x00000000c4400000, 0x00000000c4400000|100%|HS|  |TAMS 0x00000000c4300000, 0x00000000c4300000| Complete 
|  10|0x00000000c4400000, 0x00000000c4400000, 0x00000000c4500000|  0%| F|  |TAMS 0x00000000c4400000, 0x00000000c4400000| Untracked 
|  11|0x00000000c4500000, 0x00000000c4500000, 0x00000000c4600000|  0%| F|  |TAMS 0x00000000c4500000, 0x00000000c4500000| Untracked 
|  12|0x00000000c4600000, 0x00000000c4600000, 0x00000000c4700000|  0%| F|  |TAMS 0x00000000c4600000, 0x00000000c4600000| Untracked 
|  13|0x00000000c4700000, 0x00000000c4700000, 0x00000000c4800000|  0%| F|  |TAMS 0x00000000c4700000, 0x00000000c4700000| Untracked 
|  14|0x00000000c4800000, 0x00000000c4800000, 0x00000000c4900000|  0%| F|  |TAMS 0x00000000c4800000, 0x00000000c4800000| Untracked 
|  15|0x00000000c4900000, 0x00000000c4900000, 0x00000000c4a00000|  0%| F|  |TAMS 0x00000000c4900000, 0x00000000c4900000| Untracked 
|  16|0x00000000c4a00000, 0x00000000c4a00000, 0x00000000c4b00000|  0%| F|  |TAMS 0x00000000c4a00000, 0x00000000c4a00000| Untracked 
|  17|0x00000000c4b00000, 0x00000000c4b00000, 0x00000000c4c00000|  0%| F|  |TAMS 0x00000000c4b00000, 0x00000000c4b00000| Untracked 
|  18|0x00000000c4c00000, 0x00000000c4c00000, 0x00000000c4d00000|  0%| F|  |TAMS 0x00000000c4c00000, 0x00000000c4c00000| Untracked 
|  19|0x00000000c4d00000, 0x00000000c4d00000, 0x00000000c4e00000|  0%| F|  |TAMS 0x00000000c4d00000, 0x00000000c4d00000| Untracked 
|  20|0x00000000c4e00000, 0x00000000c4e00000, 0x00000000c4f00000|  0%| F|  |TAMS 0x00000000c4e00000, 0x00000000c4e00000| Untracked 
|  21|0x00000000c4f00000, 0x00000000c4f00000, 0x00000000c5000000|  0%| F|  |TAMS 0x00000000c4f00000, 0x00000000c4f00000| Untracked 
|  22|0x00000000c5000000, 0x00000000c5000000, 0x00000000c5100000|  0%| F|  |TAMS 0x00000000c5000000, 0x00000000c5000000| Untracked 
|  23|0x00000000c5100000, 0x00000000c5100000, 0x00000000c5200000|  0%| F|  |TAMS 0x00000000c5100000, 0x00000000c5100000| Untracked 
|  24|0x00000000c5200000, 0x00000000c5200000, 0x00000000c5300000|  0%| F|  |TAMS 0x00000000c5200000, 0x00000000c5200000| Untracked 
|  25|0x00000000c5300000, 0x00000000c5300000, 0x00000000c5400000|  0%| F|  |TAMS 0x00000000c5300000, 0x00000000c5300000| Untracked 
|  26|0x00000000c5400000, 0x00000000c5400000, 0x00000000c5500000|  0%| F|  |TAMS 0x00000000c5400000, 0x00000000c5400000| Untracked 
|  27|0x00000000c5500000, 0x00000000c5500000, 0x00000000c5600000|  0%| F|  |TAMS 0x00000000c5500000, 0x00000000c5500000| Untracked 
|  28|0x00000000c5600000, 0x00000000c5600000, 0x00000000c5700000|  0%| F|  |TAMS 0x00000000c5600000, 0x00000000c5600000| Untracked 
|  29|0x00000000c5700000, 0x00000000c5700000, 0x00000000c5800000|  0%| F|  |TAMS 0x00000000c5700000, 0x00000000c5700000| Untracked 
|  30|0x00000000c5800000, 0x00000000c5800000, 0x00000000c5900000|  0%| F|  |TAMS 0x00000000c5800000, 0x00000000c5800000| Untracked 
|  31|0x00000000c5900000, 0x00000000c5900000, 0x00000000c5a00000|  0%| F|  |TAMS 0x00000000c5900000, 0x00000000c5900000| Untracked 
|  32|0x00000000c5a00000, 0x00000000c5a00000, 0x00000000c5b00000|  0%| F|  |TAMS 0x00000000c5a00000, 0x00000000c5a00000| Untracked 
|  33|0x00000000c5b00000, 0x00000000c5b00000, 0x00000000c5c00000|  0%| F|  |TAMS 0x00000000c5b00000, 0x00000000c5b00000| Untracked 
|  34|0x00000000c5c00000, 0x00000000c5c00000, 0x00000000c5d00000|  0%| F|  |TAMS 0x00000000c5c00000, 0x00000000c5c00000| Untracked 
|  35|0x00000000c5d00000, 0x00000000c5d00000, 0x00000000c5e00000|  0%| F|  |TAMS 0x00000000c5d00000, 0x00000000c5d00000| Untracked 
|  36|0x00000000c5e00000, 0x00000000c5e75828, 0x00000000c5f00000| 45%| S|CS|TAMS 0x00000000c5e00000, 0x00000000c5e00000| Complete 
|  37|0x00000000c5f00000, 0x00000000c6000000, 0x00000000c6000000|100%| S|CS|TAMS 0x00000000c5f00000, 0x00000000c5f00000| Complete 
|  38|0x00000000c6000000, 0x00000000c6000000, 0x00000000c6100000|  0%| F|  |TAMS 0x00000000c6000000, 0x00000000c6000000| Untracked 
|  39|0x00000000c6100000, 0x00000000c6100000, 0x00000000c6200000|  0%| F|  |TAMS 0x00000000c6100000, 0x00000000c6100000| Untracked 
|  40|0x00000000c6200000, 0x00000000c6200000, 0x00000000c6300000|  0%| F|  |TAMS 0x00000000c6200000, 0x00000000c6200000| Untracked 
|  41|0x00000000c6300000, 0x00000000c6300000, 0x00000000c6400000|  0%| F|  |TAMS 0x00000000c6300000, 0x00000000c6300000| Untracked 
|  42|0x00000000c6400000, 0x00000000c6400000, 0x00000000c6500000|  0%| F|  |TAMS 0x00000000c6400000, 0x00000000c6400000| Untracked 
|  43|0x00000000c6500000, 0x00000000c6500000, 0x00000000c6600000|  0%| F|  |TAMS 0x00000000c6500000, 0x00000000c6500000| Untracked 
|  44|0x00000000c6600000, 0x00000000c6600000, 0x00000000c6700000|  0%| F|  |TAMS 0x00000000c6600000, 0x00000000c6600000| Untracked 
|  45|0x00000000c6700000, 0x00000000c6700000, 0x00000000c6800000|  0%| F|  |TAMS 0x00000000c6700000, 0x00000000c6700000| Untracked 
|  46|0x00000000c6800000, 0x00000000c6800000, 0x00000000c6900000|  0%| F|  |TAMS 0x00000000c6800000, 0x00000000c6800000| Untracked 
|  47|0x00000000c6900000, 0x00000000c69f0418, 0x00000000c6a00000| 93%| E|  |TAMS 0x00000000c6900000, 0x00000000c6900000| Complete 
|  48|0x00000000c6a00000, 0x00000000c6b00000, 0x00000000c6b00000|100%| E|CS|TAMS 0x00000000c6a00000, 0x00000000c6a00000| Complete 
|  49|0x00000000c6b00000, 0x00000000c6c00000, 0x00000000c6c00000|100%| E|CS|TAMS 0x00000000c6b00000, 0x00000000c6b00000| Complete 
|  50|0x00000000c6c00000, 0x00000000c6d00000, 0x00000000c6d00000|100%| E|CS|TAMS 0x00000000c6c00000, 0x00000000c6c00000| Complete 
|  51|0x00000000c6d00000, 0x00000000c6dffdb8, 0x00000000c6e00000| 99%| E|  |TAMS 0x00000000c6d00000, 0x00000000c6d00000| Complete 
|  52|0x00000000c6e00000, 0x00000000c6f00000, 0x00000000c6f00000|100%| E|CS|TAMS 0x00000000c6e00000, 0x00000000c6e00000| Complete 
|  53|0x00000000c6f00000, 0x00000000c7000000, 0x00000000c7000000|100%| E|CS|TAMS 0x00000000c6f00000, 0x00000000c6f00000| Complete 
|  54|0x00000000c7000000, 0x00000000c7100000, 0x00000000c7100000|100%| E|CS|TAMS 0x00000000c7000000, 0x00000000c7000000| Complete 
|  55|0x00000000c7100000, 0x00000000c7200000, 0x00000000c7200000|100%| E|CS|TAMS 0x00000000c7100000, 0x00000000c7100000| Complete 
|  56|0x00000000c7200000, 0x00000000c7300000, 0x00000000c7300000|100%| E|CS|TAMS 0x00000000c7200000, 0x00000000c7200000| Complete 
|  57|0x00000000c7300000, 0x00000000c7400000, 0x00000000c7400000|100%| E|CS|TAMS 0x00000000c7300000, 0x00000000c7300000| Complete 
|  58|0x00000000c7400000, 0x00000000c7500000, 0x00000000c7500000|100%| E|CS|TAMS 0x00000000c7400000, 0x00000000c7400000| Complete 
|  59|0x00000000c7500000, 0x00000000c7600000, 0x00000000c7600000|100%| E|CS|TAMS 0x00000000c7500000, 0x00000000c7500000| Complete 
|  60|0x00000000c7600000, 0x00000000c7700000, 0x00000000c7700000|100%| E|CS|TAMS 0x00000000c7600000, 0x00000000c7600000| Complete 
|  61|0x00000000c7700000, 0x00000000c7800000, 0x00000000c7800000|100%| E|CS|TAMS 0x00000000c7700000, 0x00000000c7700000| Complete 

Card table byte_map: [0x0000026de8010000,0x0000026de8200000] _byte_map_base: 0x0000026de79f3000

Marking Bits (Prev, Next): (CMBitMap*) 0x0000026dcf6e2dd0, (CMBitMap*) 0x0000026dcf6e2e10
 Prev Bits: [0x0000026de83f0000, 0x0000026de9308000)
 Next Bits: [0x0000026de9310000, 0x0000026dea228000)

Polling page: 0x0000026dcf540000

Metaspace:

Usage:
  Non-class:      7.97 MB used.
      Class:    922.73 KB used.
       Both:      8.87 MB used.

Virtual space:
  Non-class space:       64.00 MB reserved,       8.06 MB ( 13%) committed,  1 nodes.
      Class space:        1.00 GB reserved,       1.00 MB ( <1%) committed,  1 nodes.
             Both:        1.06 GB reserved,       9.06 MB ( <1%) committed. 

Chunk freelists:
   Non-Class:  3.19 MB
       Class:  2.87 MB
        Both:  6.06 MB

MaxMetaspaceSize: unlimited
CompressedClassSpaceSize: 1.00 GB
Initial GC threshold: 21.00 MB
Current GC threshold: 21.00 MB
CDS: on
MetaspaceReclaimPolicy: balanced
 - commit_granule_bytes: 65536.
 - commit_granule_words: 8192.
 - virtual_space_node_default_size: 8388608.
 - enlarge_chunks_in_place: 1.
 - new_chunks_are_fully_committed: 0.
 - uncommit_free_chunks: 1.
 - use_allocation_guard: 0.


Internal statistics:

num_allocs_failed_limit: 0.
num_arena_births: 96.
num_arena_deaths: 0.
num_vsnodes_births: 2.
num_vsnodes_deaths: 0.
num_space_committed: 145.
num_space_uncommitted: 0.
num_chunks_returned_to_freelist: 0.
num_chunks_taken_from_freelist: 307.
num_chunk_merges: 0.
num_chunk_splits: 204.
num_chunks_enlarged: 157.
num_inconsistent_stats: 0.

CodeHeap 'non-profiled nmethods': size=120000Kb used=583Kb max_used=583Kb free=119416Kb
 bounds [0x0000026de02d0000, 0x0000026de0540000, 0x0000026de7800000]
CodeHeap 'profiled nmethods': size=120000Kb used=3771Kb max_used=3771Kb free=116228Kb
 bounds [0x0000026dd8da0000, 0x0000026dd9150000, 0x0000026de02d0000]
CodeHeap 'non-nmethods': size=5760Kb used=1533Kb max_used=1554Kb free=4226Kb
 bounds [0x0000026dd8800000, 0x0000026dd8a70000, 0x0000026dd8da0000]
 total_blobs=2307 nmethods=1754 adapters=465
 compilation: enabled
              stopped_count=0, restarted_count=0
 full_count=0

Compilation events (20 events):
Event: 8.894 Thread 0x0000026dec7914b0 nmethod 1744 0x0000026dd9143c90 code [0x0000026dd9143e40, 0x0000026dd9144168]
Event: 8.899 Thread 0x0000026dec7914b0 1747       3       java.lang.ref.ReferenceQueue::<init> (21 bytes)
Event: 8.900 Thread 0x0000026dec7914b0 nmethod 1747 0x0000026dd9144310 code [0x0000026dd91444c0, 0x0000026dd91447b8]
Event: 8.900 Thread 0x0000026dec7914b0 1748       3       java.lang.ref.ReferenceQueue$Lock::<init> (5 bytes)
Event: 8.900 Thread 0x0000026dec7914b0 nmethod 1748 0x0000026dd9144910 code [0x0000026dd9144aa0, 0x0000026dd9144bf8]
Event: 8.902 Thread 0x0000026dec7914b0 1749       3       jdk.internal.loader.URLClassPath$JarLoader::findResource (18 bytes)
Event: 8.903 Thread 0x0000026dec7914b0 nmethod 1749 0x0000026dd9144c90 code [0x0000026dd9144e40, 0x0000026dd9145028]
Event: 8.907 Thread 0x0000026dec7914b0 1750   !   3       java.util.zip.ZipFile$Source::findEND (670 bytes)
Event: 8.909 Thread 0x0000026dec7914b0 nmethod 1750 0x0000026dd9145110 code [0x0000026dd91455a0, 0x0000026dd9147e48]
Event: 8.911 Thread 0x0000026dec7914b0 1751       3       java.io.File::exists (34 bytes)
Event: 8.912 Thread 0x0000026dec7914b0 nmethod 1751 0x0000026dd9149310 code [0x0000026dd91494e0, 0x0000026dd91498f8]
Event: 8.912 Thread 0x0000026dec7914b0 1752       3       sun.nio.fs.WindowsPath::getFileSystem (5 bytes)
Event: 8.913 Thread 0x0000026dec7914b0 nmethod 1752 0x0000026dd9149a90 code [0x0000026dd9149c20, 0x0000026dd9149dd8]
Event: 8.919 Thread 0x0000026dec7914b0 1754       3       java.util.zip.ZipFile::getEntryName (42 bytes)
Event: 8.919 Thread 0x0000026dec7914b0 nmethod 1754 0x0000026dd9149e90 code [0x0000026dd914a060, 0x0000026dd914a3b8]
Event: 8.922 Thread 0x0000026dec7914b0 1755  s    3       java.io.FileDescriptor::attach (73 bytes)
Event: 8.923 Thread 0x0000026dec7914b0 nmethod 1755 0x0000026dd914a590 code [0x0000026dd914a7c0, 0x0000026dd914b2c8]
Event: 8.940 Thread 0x0000026dec7914b0 1756       3       java.util.WeakHashMap::isEmpty (13 bytes)
Event: 8.940 Thread 0x0000026dec7914b0 nmethod 1756 0x0000026dd914b610 code [0x0000026dd914b7c0, 0x0000026dd914ba28]
Event: 8.941 Thread 0x0000026dec7914b0 1758       3       java.io.InputStream::readNBytes (53 bytes)

GC Heap History (6 events):
Event: 3.066 GC heap before
{Heap before GC invocations=0 (full 0):
 garbage-first heap   total 63488K, used 14336K [0x00000000c3a00000, 0x0000000100000000)
  region size 1024K, 13 young (13312K), 0 survivors (0K)
 Metaspace       used 4179K, committed 4288K, reserved 1114112K
  class space    used 401K, committed 448K, reserved 1048576K
}
Event: 3.349 GC heap after
{Heap after GC invocations=1 (full 0):
 garbage-first heap   total 63488K, used 4576K [0x00000000c3a00000, 0x0000000100000000)
  region size 1024K, 2 young (2048K), 2 survivors (2048K)
 Metaspace       used 4179K, committed 4288K, reserved 1114112K
  class space    used 401K, committed 448K, reserved 1048576K
}
Event: 7.680 GC heap before
{Heap before GC invocations=1 (full 0):
 garbage-first heap   total 63488K, used 15840K [0x00000000c3a00000, 0x0000000100000000)
  region size 1024K, 14 young (14336K), 2 survivors (2048K)
 Metaspace       used 7341K, committed 7488K, reserved 1114112K
  class space    used 747K, committed 832K, reserved 1048576K
}
Event: 7.687 GC heap after
{Heap after GC invocations=2 (full 0):
 garbage-first heap   total 63488K, used 6057K [0x00000000c3a00000, 0x0000000100000000)
  region size 1024K, 2 young (2048K), 2 survivors (2048K)
 Metaspace       used 7341K, committed 7488K, reserved 1114112K
  class space    used 747K, committed 832K, reserved 1048576K
}
Event: 8.094 GC heap before
{Heap before GC invocations=2 (full 0):
 garbage-first heap   total 63488K, used 28585K [0x00000000c3a00000, 0x0000000100000000)
  region size 1024K, 24 young (24576K), 2 survivors (2048K)
 Metaspace       used 7389K, committed 7552K, reserved 1114112K
  class space    used 747K, committed 832K, reserved 1048576K
}
Event: 8.096 GC heap after
{Heap after GC invocations=3 (full 0):
 garbage-first heap   total 63488K, used 6148K [0x00000000c3a00000, 0x0000000100000000)
  region size 1024K, 2 young (2048K), 2 survivors (2048K)
 Metaspace       used 7389K, committed 7552K, reserved 1114112K
  class space    used 747K, committed 832K, reserved 1048576K
}

Deoptimization events (20 events):
Event: 8.770 Thread 0x0000026df0fb7840 DEOPT PACKING pc=0x0000026de02d71a8 sp=0x00000089819fd2c0
Event: 8.770 Thread 0x0000026df0fb7840 DEOPT UNPACKING pc=0x0000026dd8855c23 sp=0x00000089819fd250 mode 2
Event: 8.770 Thread 0x0000026df0fb7840 Uncommon trap: trap_request=0xffffff45 fr.pc=0x0000026de02d4dbc relative=0x00000000000001bc
Event: 8.770 Thread 0x0000026df0fb7840 Uncommon trap: reason=unstable_if action=reinterpret pc=0x0000026de02d4dbc method=java.lang.String.hashCode()I @ 20 c2
Event: 8.770 Thread 0x0000026df0fb7840 DEOPT PACKING pc=0x0000026de02d4dbc sp=0x00000089819fd380
Event: 8.770 Thread 0x0000026df0fb7840 DEOPT UNPACKING pc=0x0000026dd8855c23 sp=0x00000089819fd310 mode 2
Event: 8.840 Thread 0x0000026df0fb7840 DEOPT PACKING pc=0x0000026dd913c6d6 sp=0x00000089819fd9e0
Event: 8.840 Thread 0x0000026df0fb7840 DEOPT UNPACKING pc=0x0000026dd8856763 sp=0x00000089819fce68 mode 0
Event: 8.899 Thread 0x0000026df0fb7840 DEOPT PACKING pc=0x0000026dd8efa5fe sp=0x00000089819fd4e0
Event: 8.899 Thread 0x0000026df0fb7840 DEOPT UNPACKING pc=0x0000026dd8856763 sp=0x00000089819fca40 mode 0
Event: 8.916 Thread 0x0000026df0fb7840 DEOPT PACKING pc=0x0000026dd91246b4 sp=0x00000089819fdd90
Event: 8.916 Thread 0x0000026df0fb7840 DEOPT UNPACKING pc=0x0000026dd8856763 sp=0x00000089819fd200 mode 0
Event: 8.916 Thread 0x0000026df0fb7840 DEOPT PACKING pc=0x0000026dd913c6d6 sp=0x00000089819fda50
Event: 8.916 Thread 0x0000026df0fb7840 DEOPT UNPACKING pc=0x0000026dd8856763 sp=0x00000089819fced8 mode 0
Event: 8.917 Thread 0x0000026df0fb7840 DEOPT PACKING pc=0x0000026dd913c6d6 sp=0x00000089819fd9e0
Event: 8.917 Thread 0x0000026df0fb7840 DEOPT UNPACKING pc=0x0000026dd8856763 sp=0x00000089819fce68 mode 0
Event: 8.941 Thread 0x0000026df0fb7840 DEOPT PACKING pc=0x0000026dd913c6d6 sp=0x00000089819fda50
Event: 8.941 Thread 0x0000026df0fb7840 DEOPT UNPACKING pc=0x0000026dd8856763 sp=0x00000089819fced8 mode 0
Event: 8.941 Thread 0x0000026df0fb7840 DEOPT PACKING pc=0x0000026dd913c6d6 sp=0x00000089819fd9e0
Event: 8.941 Thread 0x0000026df0fb7840 DEOPT UNPACKING pc=0x0000026dd8856763 sp=0x00000089819fce68 mode 0

Classes loaded (20 events):
Event: 8.509 Loading class java/util/stream/MatchOps$BooleanTerminalSink
Event: 8.509 Loading class java/util/stream/MatchOps$BooleanTerminalSink done
Event: 8.509 Loading class java/util/stream/MatchOps$1MatchSink
Event: 8.510 Loading class java/util/stream/MatchOps$1MatchSink done
Event: 8.543 Loading class java/lang/annotation/ElementType
Event: 8.543 Loading class java/lang/annotation/ElementType done
Event: 8.543 Loading class java/lang/invoke/SerializedLambda
Event: 8.544 Loading class java/lang/invoke/SerializedLambda done
Event: 8.544 Loading class java/lang/Override
Event: 8.544 Loading class java/lang/Override done
Event: 8.602 Loading class java/beans/Transient
Event: 8.602 Loading class java/beans/Transient done
Event: 8.624 Loading class java/net/URLClassLoader$3
Event: 8.624 Loading class java/net/URLClassLoader$3 done
Event: 8.624 Loading class java/net/URLClassLoader$3$1
Event: 8.624 Loading class java/net/URLClassLoader$3$1 done
Event: 8.698 Loading class jdk/internal/misc/ScopedMemoryAccess$Scope
Event: 8.698 Loading class jdk/internal/misc/ScopedMemoryAccess$Scope done
Event: 8.740 Loading class java/io/BufferedReader
Event: 8.741 Loading class java/io/BufferedReader done

Classes unloaded (0 events):
No events

Classes redefined (0 events):
No events

Internal exceptions (20 events):
Event: 2.339 Thread 0x0000026dcf6a1f50 Exception <a 'java/lang/NoSuchMethodError'{0x00000000c6d67e30}: 'void java.lang.invoke.DirectMethodHandle$Holder.invokeStatic(java.lang.Object, java.lang.Object, java.lang.Object)'> (0x00000000c6d67e30) 
thrown [s\open\src\hotspot\share\interpreter\linkResolver.cpp, line 766]
Event: 6.434 Thread 0x0000026dcf6a1f50 Exception <a 'java/lang/NoSuchMethodError'{0x00000000c7783eb0}: 'java.lang.Object java.lang.invoke.Invokers$Holder.invokeExact_MT(java.lang.Object, java.lang.Object, java.lang.Object, java.lang.Object, java.lang.Object, java.lang.Object)'> (0x00000000c7783eb0) 
thrown [s\open\src\hotspot\share\interpreter\linkResolver.cpp, line 766]
Event: 6.611 Thread 0x0000026dcf6a1f50 Exception <a 'java/lang/NoSuchMethodError'{0x00000000c76ff5f8}: 'void java.lang.invoke.DirectMethodHandle$Holder.invokeStatic(java.lang.Object, java.lang.Object, java.lang.Object, java.lang.Object)'> (0x00000000c76ff5f8) 
thrown [s\open\src\hotspot\share\interpreter\linkResolver.cpp, line 766]
Event: 6.824 Thread 0x0000026dcf6a1f50 Exception <a 'java/lang/NoSuchMethodError'{0x00000000c73263a8}: 'java.lang.Object java.lang.invoke.DirectMethodHandle$Holder.newInvokeSpecial(java.lang.Object, java.lang.Object, java.lang.Object, java.lang.Object, java.lang.Object)'> (0x00000000c73263a8) 
thrown [s\open\src\hotspot\share\interpreter\linkResolver.cpp, line 766]
Event: 6.844 Thread 0x0000026dcf6a1f50 Exception <a 'java/lang/NoSuchMethodError'{0x00000000c732ac78}: 'java.lang.Object java.lang.invoke.DirectMethodHandle$Holder.invokeInterface(java.lang.Object, java.lang.Object)'> (0x00000000c732ac78) 
thrown [s\open\src\hotspot\share\interpreter\linkResolver.cpp, line 766]
Event: 6.885 Thread 0x0000026dcf6a1f50 Exception <a 'java/lang/NoSuchMethodError'{0x00000000c73aa558}: 'void java.lang.invoke.DirectMethodHandle$Holder.invokeSpecial(java.lang.Object, java.lang.Object, java.lang.Object)'> (0x00000000c73aa558) 
thrown [s\open\src\hotspot\share\interpreter\linkResolver.cpp, line 766]
Event: 7.015 Thread 0x0000026df0fb7840 Exception <a 'java/lang/NoSuchMethodError'{0x00000000c724e6f8}: 'void java.lang.invoke.Invokers$Holder.invokeExact_MT(java.lang.Object, java.lang.Object, java.lang.Object, java.lang.Object)'> (0x00000000c724e6f8) 
thrown [s\open\src\hotspot\share\interpreter\linkResolver.cpp, line 766]
Event: 7.035 Thread 0x0000026df0fb7840 Exception <a 'java/lang/NoSuchMethodError'{0x00000000c729d9d0}: 'int java.lang.invoke.DirectMethodHandle$Holder.invokeSpecial(java.lang.Object, java.lang.Object, java.lang.Object)'> (0x00000000c729d9d0) 
thrown [s\open\src\hotspot\share\interpreter\linkResolver.cpp, line 766]
Event: 7.039 Thread 0x0000026df0fb7840 Exception <a 'java/lang/NoSuchMethodError'{0x00000000c72a8998}: 'void java.lang.invoke.DelegatingMethodHandle$Holder.reinvoke_L(java.lang.Object, java.lang.Object, int)'> (0x00000000c72a8998) 
thrown [s\open\src\hotspot\share\interpreter\linkResolver.cpp, line 766]
Event: 7.040 Thread 0x0000026df0fb7840 Exception <a 'java/lang/NoSuchMethodError'{0x00000000c72afaf8}: 'int java.lang.invoke.Invokers$Holder.invokeExact_MT(java.lang.Object, java.lang.Object, java.lang.Object)'> (0x00000000c72afaf8) 
thrown [s\open\src\hotspot\share\interpreter\linkResolver.cpp, line 766]
Event: 7.278 Thread 0x0000026df0fb7840 Exception <a 'java/lang/NoSuchMethodError'{0x00000000c7003370}: 'java.lang.Object java.lang.invoke.DirectMethodHandle$Holder.invokeInterface(java.lang.Object, java.lang.Object, java.lang.Object)'> (0x00000000c7003370) 
thrown [s\open\src\hotspot\share\interpreter\linkResolver.cpp, line 766]
Event: 7.473 Thread 0x0000026df0fb7840 Exception <a 'java/lang/NoSuchMethodError'{0x00000000c6fa10f8}: 'void java.lang.invoke.DirectMethodHandle$Holder.invokeInterface(java.lang.Object, java.lang.Object, java.lang.Object)'> (0x00000000c6fa10f8) 
thrown [s\open\src\hotspot\share\interpreter\linkResolver.cpp, line 766]
Event: 7.474 Thread 0x0000026df0fb7840 Exception <a 'java/lang/IncompatibleClassChangeError'{0x00000000c6fa44b8}: Found class java.lang.Object, but interface was expected> (0x00000000c6fa44b8) 
thrown [s\open\src\hotspot\share\interpreter\linkResolver.cpp, line 833]
Event: 8.182 Thread 0x0000026df0fb7840 Exception <a 'java/lang/NoSuchMethodError'{0x00000000c7648948}: 'java.lang.Object java.lang.invoke.DirectMethodHandle$Holder.invokeStaticInit(java.lang.Object)'> (0x00000000c7648948) 
thrown [s\open\src\hotspot\share\interpreter\linkResolver.cpp, line 766]
Event: 8.458 Thread 0x0000026df0fb7840 Exception <a 'java/lang/NoSuchMethodError'{0x00000000c7455998}: 'void java.lang.invoke.DirectMethodHandle$Holder.invokeStaticInit(java.lang.Object, java.lang.Object, java.lang.Object)'> (0x00000000c7455998) 
thrown [s\open\src\hotspot\share\interpreter\linkResolver.cpp, line 766]
Event: 8.467 Thread 0x0000026df0fb7840 Exception <a 'java/lang/NoSuchMethodError'{0x00000000c745c0a8}: 'void java.lang.invoke.DirectMethodHandle$Holder.invokeStaticInit(java.lang.Object, java.lang.Object, java.lang.Object, java.lang.Object)'> (0x00000000c745c0a8) 
thrown [s\open\src\hotspot\share\interpreter\linkResolver.cpp, line 766]
Event: 8.495 Thread 0x0000026df0fb7840 Exception <a 'java/lang/NoSuchMethodError'{0x00000000c74a26a8}: 'void java.lang.invoke.DirectMethodHandle$Holder.invokeStaticInit(java.lang.Object, java.lang.Object, java.lang.Object, java.lang.Object, java.lang.Object)'> (0x00000000c74a26a8) 
thrown [s\open\src\hotspot\share\interpreter\linkResolver.cpp, line 766]
Event: 8.499 Thread 0x0000026df0fb7840 Exception <a 'java/lang/NoSuchMethodError'{0x00000000c74a9b30}: 'int java.lang.invoke.DirectMethodHandle$Holder.invokeStaticInit(java.lang.Object, java.lang.Object, java.lang.Object)'> (0x00000000c74a9b30) 
thrown [s\open\src\hotspot\share\interpreter\linkResolver.cpp, line 766]
Event: 8.610 Thread 0x0000026df0fb7840 Exception <a 'java/lang/NoSuchMethodError'{0x00000000c73e2720}: 'void java.lang.invoke.DirectMethodHandle$Holder.invokeSpecial(java.lang.Object, java.lang.Object, java.lang.Object, java.lang.Object, java.lang.Object)'> (0x00000000c73e2720) 
thrown [s\open\src\hotspot\share\interpreter\linkResolver.cpp, line 766]
Event: 8.614 Thread 0x0000026df0fb7840 Exception <a 'java/lang/NoSuchMethodError'{0x00000000c73fc5f8}: 'void java.lang.invoke.DirectMethodHandle$Holder.invokeStatic(java.lang.Object, java.lang.Object)'> (0x00000000c73fc5f8) 
thrown [s\open\src\hotspot\share\interpreter\linkResolver.cpp, line 766]

VM Operations (20 events):
Event: 6.447 Executing VM operation: HandshakeAllThreads
Event: 6.447 Executing VM operation: HandshakeAllThreads done
Event: 6.447 Executing VM operation: Cleanup
Event: 6.447 Executing VM operation: Cleanup done
Event: 6.452 Executing VM operation: HandshakeAllThreads
Event: 6.452 Executing VM operation: HandshakeAllThreads done
Event: 7.306 Executing VM operation: HandshakeAllThreads
Event: 7.306 Executing VM operation: HandshakeAllThreads done
Event: 7.315 Executing VM operation: HandshakeAllThreads
Event: 7.315 Executing VM operation: HandshakeAllThreads done
Event: 7.399 Executing VM operation: HandshakeAllThreads
Event: 7.399 Executing VM operation: HandshakeAllThreads done
Event: 7.496 Executing VM operation: HandshakeAllThreads
Event: 7.496 Executing VM operation: HandshakeAllThreads done
Event: 7.496 Executing VM operation: Cleanup
Event: 7.496 Executing VM operation: Cleanup done
Event: 7.680 Executing VM operation: G1CollectForAllocation
Event: 7.688 Executing VM operation: G1CollectForAllocation done
Event: 8.094 Executing VM operation: G1CollectForAllocation
Event: 8.096 Executing VM operation: G1CollectForAllocation done

Events (20 events):
Event: 0.175 Thread 0x0000026dcf6a1f50 Thread added: 0x0000026dcf6a1f50
Event: 0.308 Thread 0x0000026dcf740bf0 Thread added: 0x0000026dcf740bf0
Event: 0.308 Thread 0x0000026dcf7425a0 Thread added: 0x0000026dcf7425a0
Event: 0.350 Thread 0x0000026dcf75b010 Thread added: 0x0000026dcf75b010
Event: 0.350 Thread 0x0000026dcf75b8c0 Thread added: 0x0000026dcf75b8c0
Event: 0.350 Thread 0x0000026dcf75e270 Thread added: 0x0000026dcf75e270
Event: 0.350 Thread 0x0000026dec78dfd0 Thread added: 0x0000026dec78dfd0
Event: 0.350 Thread 0x0000026dec790bc0 Thread added: 0x0000026dec790bc0
Event: 0.365 Thread 0x0000026dec7914b0 Thread added: 0x0000026dec7914b0
Event: 0.382 Thread 0x0000026dec803010 Thread added: 0x0000026dec803010
Event: 0.416 Thread 0x0000026df0c5ea70 Thread added: 0x0000026df0c5ea70
Event: 0.420 Thread 0x0000026df0c61fd0 Thread added: 0x0000026df0c61fd0
Event: 0.434 Loaded shared library C:\Program Files\Java\jdk-18.0.1\bin\net.dll
Event: 0.436 Loaded shared library C:\Program Files\Java\jdk-18.0.1\bin\nio.dll
Event: 0.466 Loaded shared library C:\Program Files\Java\jdk-18.0.1\bin\zip.dll
Event: 0.728 Loaded shared library C:\Program Files\Java\jdk-18.0.1\bin\jimage.dll
Event: 6.903 Thread 0x0000026df0fb7840 Thread added: 0x0000026df0fb7840
Event: 6.904 Thread 0x0000026dcf6a1f50 Thread exited: 0x0000026dcf6a1f50
Event: 6.904 Thread 0x0000026dcf6a1f50 Thread added: 0x0000026dcf6a1f50
Event: 8.595 Loaded shared library C:\Program Files\Java\jdk-18.0.1\bin\verify.dll


Dynamic libraries:
0x00007ff75c440000 - 0x00007ff75c450000 	C:\Program Files\Java\jdk-18.0.1\bin\java.exe
0x00007ff9d9370000 - 0x00007ff9d9586000 	C:\WINDOWS\SYSTEM32\ntdll.dll
0x00007ff9d7d50000 - 0x00007ff9d7e14000 	C:\WINDOWS\System32\KERNEL32.DLL
0x00007ff9d6a60000 - 0x00007ff9d6e07000 	C:\WINDOWS\System32\KERNELBASE.dll
0x00007ff9d6940000 - 0x00007ff9d6a51000 	C:\WINDOWS\System32\ucrtbase.dll
0x00007ff975cc0000 - 0x00007ff975cd8000 	C:\Program Files\Java\jdk-18.0.1\bin\jli.dll
0x00007ff9d70c0000 - 0x00007ff9d7172000 	C:\WINDOWS\System32\ADVAPI32.dll
0x00007ff9d9000000 - 0x00007ff9d90a7000 	C:\WINDOWS\System32\msvcrt.dll
0x00007ff9d8180000 - 0x00007ff9d8228000 	C:\WINDOWS\System32\sechost.dll
0x00007ff9d6f30000 - 0x00007ff9d6f58000 	C:\WINDOWS\System32\bcrypt.dll
0x00007ff9d7eb0000 - 0x00007ff9d7fc5000 	C:\WINDOWS\System32\RPCRT4.dll
0x00007ff9d9110000 - 0x00007ff9d92be000 	C:\WINDOWS\System32\USER32.dll
0x00007ff9d6870000 - 0x00007ff9d6896000 	C:\WINDOWS\System32\win32u.dll
0x00007ff9d8fd0000 - 0x00007ff9d8ff9000 	C:\WINDOWS\System32\GDI32.dll
0x00007ff9d6e10000 - 0x00007ff9d6f29000 	C:\WINDOWS\System32\gdi32full.dll
0x00007ff9d68a0000 - 0x00007ff9d693a000 	C:\WINDOWS\System32\msvcp_win.dll
0x00007ff9756b0000 - 0x00007ff9756ca000 	C:\Program Files\Java\jdk-18.0.1\bin\VCRUNTIME140.dll
0x00007ff9c5be0000 - 0x00007ff9c5e73000 	C:\WINDOWS\WinSxS\amd64_microsoft.windows.common-controls_6595b64144ccf1df_6.0.22621.3235_none_270f74e173860f98\COMCTL32.dll
0x00007ff9ccf00000 - 0x00007ff9ccf0a000 	C:\WINDOWS\SYSTEM32\VERSION.dll
0x00007ff9d7a80000 - 0x00007ff9d7ab1000 	C:\WINDOWS\System32\IMM32.DLL
0x00007ff975df0000 - 0x00007ff975dfc000 	C:\Program Files\Java\jdk-18.0.1\bin\vcruntime140_1.dll
0x00007ff974610000 - 0x00007ff97469d000 	C:\Program Files\Java\jdk-18.0.1\bin\msvcp140.dll
0x00007ff93d830000 - 0x00007ff93e440000 	C:\Program Files\Java\jdk-18.0.1\bin\server\jvm.dll
0x00007ff9d8230000 - 0x00007ff9d8238000 	C:\WINDOWS\System32\PSAPI.DLL
0x00007ff9c55e0000 - 0x00007ff9c55e9000 	C:\WINDOWS\SYSTEM32\WSOCK32.dll
0x00007ff9d7a00000 - 0x00007ff9d7a71000 	C:\WINDOWS\System32\WS2_32.dll
0x00007ff9c8c50000 - 0x00007ff9c8c84000 	C:\WINDOWS\SYSTEM32\WINMM.dll
0x00007ff9d56d0000 - 0x00007ff9d56e8000 	C:\WINDOWS\SYSTEM32\kernel.appcore.dll
0x00007ff9756a0000 - 0x00007ff9756aa000 	C:\Program Files\Java\jdk-18.0.1\bin\jimage.dll
0x00007ff9d4010000 - 0x00007ff9d4243000 	C:\WINDOWS\SYSTEM32\DBGHELP.DLL
0x00007ff9d8a30000 - 0x00007ff9d8db8000 	C:\WINDOWS\System32\combase.dll
0x00007ff9d86f0000 - 0x00007ff9d87c7000 	C:\WINDOWS\System32\OLEAUT32.dll
0x00007ff9b11f0000 - 0x00007ff9b1222000 	C:\WINDOWS\SYSTEM32\dbgcore.DLL
0x00007ff9d7020000 - 0x00007ff9d7099000 	C:\WINDOWS\System32\bcryptPrimitives.dll
0x00007ff9745e0000 - 0x00007ff974605000 	C:\Program Files\Java\jdk-18.0.1\bin\java.dll
0x00007ff95cd50000 - 0x00007ff95ce26000 	C:\Program Files\Java\jdk-18.0.1\bin\jsvml.dll
0x00007ff9d7180000 - 0x00007ff9d79dc000 	C:\WINDOWS\System32\SHELL32.dll
0x00007ff9d45f0000 - 0x00007ff9d4ee9000 	C:\WINDOWS\SYSTEM32\windows.storage.dll
0x00007ff9d44b0000 - 0x00007ff9d45ee000 	C:\WINDOWS\SYSTEM32\wintypes.dll
0x00007ff9d7bd0000 - 0x00007ff9d7cc3000 	C:\WINDOWS\System32\SHCORE.dll
0x00007ff9d7b70000 - 0x00007ff9d7bce000 	C:\WINDOWS\System32\shlwapi.dll
0x00007ff9d65c0000 - 0x00007ff9d65e1000 	C:\WINDOWS\SYSTEM32\profapi.dll
0x00007ff975680000 - 0x00007ff975693000 	C:\Program Files\Java\jdk-18.0.1\bin\net.dll
0x00007ff9ce2a0000 - 0x00007ff9ce3d6000 	C:\WINDOWS\SYSTEM32\WINHTTP.dll
0x00007ff9d5b40000 - 0x00007ff9d5ba9000 	C:\WINDOWS\system32\mswsock.dll
0x00007ff9745c0000 - 0x00007ff9745d6000 	C:\Program Files\Java\jdk-18.0.1\bin\nio.dll
0x00007ff9745a0000 - 0x00007ff9745b8000 	C:\Program Files\Java\jdk-18.0.1\bin\zip.dll
0x00007ff95cab0000 - 0x00007ff95cac0000 	C:\Program Files\Java\jdk-18.0.1\bin\verify.dll

dbghelp: loaded successfully - version: 4.0.5 - missing functions: none
symbol engine: initialized successfully - sym options: 0x614 - pdb path: .;C:\Program Files\Java\jdk-18.0.1\bin;C:\WINDOWS\SYSTEM32;C:\WINDOWS\WinSxS\amd64_microsoft.windows.common-controls_6595b64144ccf1df_6.0.22621.3235_none_270f74e173860f98;C:\Program Files\Java\jdk-18.0.1\bin\server

VM Arguments:
jvm_args: -Dfile.encoding=utf8 
java_command: c:\Users\vanes\.vscode\extensions\vscjava.vscode-gradle-3.13.5\lib\gradle-language-server.jar
java_class_path (initial): c:\Users\vanes\.vscode\extensions\vscjava.vscode-gradle-3.13.5\lib\gradle-language-server.jar
Launcher Type: SUN_STANDARD

[Global flags]
     intx CICompilerCount                          = 3                                         {product} {ergonomic}
     uint ConcGCThreads                            = 1                                         {product} {ergonomic}
     uint G1ConcRefinementThreads                  = 4                                         {product} {ergonomic}
   size_t G1HeapRegionSize                         = 1048576                                   {product} {ergonomic}
    uintx GCDrainStackTargetSize                   = 64                                        {product} {ergonomic}
   size_t InitialHeapSize                          = 65011712                                  {product} {ergonomic}
   size_t MarkStackSize                            = 4194304                                   {product} {ergonomic}
   size_t MaxHeapSize                              = 1012924416                                {product} {ergonomic}
   size_t MaxNewSize                               = 607125504                                 {product} {ergonomic}
   size_t MinHeapDeltaBytes                        = 1048576                                   {product} {ergonomic}
   size_t MinHeapSize                              = 8388608                                   {product} {ergonomic}
    uintx NonNMethodCodeHeapSize                   = 5832780                                {pd product} {ergonomic}
    uintx NonProfiledCodeHeapSize                  = 122912730                              {pd product} {ergonomic}
    uintx ProfiledCodeHeapSize                     = 122912730                              {pd product} {ergonomic}
    uintx ReservedCodeCacheSize                    = 251658240                              {pd product} {ergonomic}
     bool SegmentedCodeCache                       = true                                      {product} {ergonomic}
   size_t SoftMaxHeapSize                          = 1012924416                             {manageable} {ergonomic}
     bool UseCompressedClassPointers               = true                           {product lp64_product} {ergonomic}
     bool UseCompressedOops                        = true                           {product lp64_product} {ergonomic}
     bool UseG1GC                                  = true                                      {product} {ergonomic}
     bool UseLargePagesIndividualAllocation        = false                                  {pd product} {ergonomic}

Logging:
Log output configuration:
 #0: stdout all=warning uptime,level,tags foldmultilines=false
 #1: stderr all=off uptime,level,tags foldmultilines=false

Environment Variables:
JAVA_HOME=C:\Program Files\Java\jdk-18.0.1
PATH=C:\Program Files\Common Files\Oracle\Java\javapath;C:\WINDOWS\system32;C:\WINDOWS;C:\WINDOWS\System32\Wbem;C:\WINDOWS\System32\WindowsPowerShell\v1.0\;C:\WINDOWS\System32\OpenSSH\;C:\Program Files\dotnet\;C:\Program Files\Java\jdk-18.0.1\bin;C:\Program Files (x86)\Git\cmd;C:\Program Files (x86)\nodejs\;C:\Software\gradle-7.6.4-all\gradle-7.6.4\bin;C:\Program Files\MySQL\MySQL Shell 8.0\bin\;C:\Users\vanes\AppData\Local\Microsoft\WindowsApps;;C:\Users\vanes\AppData\Local\Programs\Microsoft VS Code\bin;C:\Users\vanes\AppData\Roaming\npm
USERNAME=vanes
OS=Windows_NT
PROCESSOR_IDENTIFIER=Intel64 Family 6 Model 126 Stepping 5, GenuineIntel



---------------  S Y S T E M  ---------------

OS:
 Windows 11 , 64 bit Build 22621 (10.0.22621.3374)
OS uptime: 0 days 3:05 hours

CPU: total 4 (initial active 4) (2 cores per cpu, 2 threads per core) family 6 model 126 stepping 5 microcode 0xc2, cx8, cmov, fxsr, ht, mmx, 3dnowpref, sse, sse2, sse3, ssse3, sse4.1, sse4.2, popcnt, lzcnt, tsc, tscinvbit, avx, avx2, aes, erms, clmul, bmi1, bmi2, adx, avx512f, avx512dq, avx512cd, avx512bw, avx512vl, sha, fma, vzeroupper, avx512_vpopcntdq, avx512_vpclmulqdq, avx512_vaes, avx512_vnni, clflush, clflushopt, avx512_vbmi2, avx512_vbmi

Memory: 4k page, system-wide physical 3862M (204M free)
TotalPageFile size 9597M (AvailPageFile size 2M)
current process WorkingSet (physical memory assigned to process): 97M, peak: 97M
current process commit charge ("private bytes"): 163M, peak: 164M

vm_info: Java HotSpot(TM) 64-Bit Server VM (18.0.1+10-24) for windows-amd64 JRE (18.0.1+10-24), built on Mar  9 2022 22:41:56 by "mach5one" with MS VC++ 16.8 / 16.9 (VS2019)

END.
